$ C:\Users\KOMFIG\anaconda3\python.exe -m cli analyze-cond --train C:\omega\omega\corpora\henon_a14_b03\henon_a14_b03_train.txt --holdout C:\omega\omega\corpora\henon_a14_b03\henon_a14_b03_tail.txt --mode words --label-mode ib --control block --control_block 2 --n 3 --k_ctx 5 --ib-clusters 32 --ib-max-contexts 6000 --stride 2 --seed 111 --bootstrap 2000 --alpha 0.05 --out-json C:\omega\omega\runs\henon\henon-n3-k5-cl32-ctx6000-s2-sd111-bs2000-a0p05-tblock_B2_shuffle-34517c70dcec\henon-n3-k5-cl32-ctx6000-s2-sd111-bs2000-a0p05-tblock_B2_shuffle-34517c70dcec.json

[hint] IB coverage is very low; consider --k_ctx 3 or --ib-clusters 16, or lower --ib-max-contexts.
[control] ctrl-block-2-111  train_sha=d13bd0ecc5ae  test_sha=942e574d4a6c  Ztest_sha=33bca7d0b685
{
  "H_base": 4.706051578121345,
  "H_ib": 4.702121705439104,
  "H_hash": 4.813806172385562,
  "delta_ib": {
    "mean": -0.003929872682241543,
    "lo95": -0.007350962786030638,
    "hi95": -0.0016640166771972375,
    "p_le_0": 1.0
  },
  "delta_hash": {
    "mean": 0.107754594264217,
    "lo95": 0.06522625790917481,
    "hi95": 0.1536600737742518,
    "p_le_0": 0.0
  },
  "k_ctx": 5,
  "ib_clusters": 32,
  "stride": 2,
  "label_mode": "ib",
  "null_label": "C-1",
  "n_clusters": 32,
  "n_gram_order": 3,
  "coverage_train": {
    "full_frac": 0.07363156432342317,
    "backoff_frac": 0.9263684356765768,
    "null_frac": 0.0002778549597110308
  },
  "coverage_test": {
    "full_frac": 0.002506265664160401,
    "backoff_frac": 0.9974937343358395,
    "null_frac": 0.002506265664160401
  },
  "control": "block",
  "control_tag": "ctrl-block-2-111"
}
