$ C:\Users\KOMFIG\anaconda3\python.exe -m cli analyze-cond --train C:\omega\omega\corpora\logistic_r39\logistic_r39_train.txt --holdout C:\omega\omega\corpora\logistic_r39\logistic_r39_tail.txt --mode words --label-mode ib --control block --control_block 2 --n 4 --k_ctx 7 --ib-clusters 32 --ib-max-contexts 9000 --stride 1 --seed 111 --bootstrap 2000 --alpha 0.05 --out-json C:\omega\omega\runs\logistic\logistic-n4-k7-cl32-ctx9000-s1-sd111-bs2000-a0p05-tblock_B2_shuffle-5bbc696e4906\logistic-n4-k7-cl32-ctx9000-s1-sd111-bs2000-a0p05-tblock_B2_shuffle-5bbc696e4906.json

[hint] IB coverage is very low; consider --k_ctx 3 or --ib-clusters 16, or lower --ib-max-contexts.
[control] ctrl-block-2-111  train_sha=5afda54a4226  test_sha=ed1ac80cac13  Ztest_sha=178c609cd20e
{
  "H_base": 5.453434201600999,
  "H_ib": 5.445920221027501,
  "H_hash": 5.0256522574312505,
  "delta_ib": {
    "mean": -0.007513980573497366,
    "lo95": -0.012428590246162084,
    "hi95": -0.003966538764202103,
    "p_le_0": 1.0
  },
  "delta_hash": {
    "mean": -0.4277819441697487,
    "lo95": -0.5008977057576692,
    "hi95": -0.35220441705556216,
    "p_le_0": 1.0
  },
  "k_ctx": 7,
  "ib_clusters": 32,
  "stride": 1,
  "label_mode": "ib",
  "null_label": "C-1",
  "n_clusters": 32,
  "n_gram_order": 4,
  "coverage_train": {
    "full_frac": 0.07058300450175069,
    "backoff_frac": 0.9294169954982493,
    "null_frac": 0.000389040182293114
  },
  "coverage_test": {
    "full_frac": 0.0,
    "backoff_frac": 1.0,
    "null_frac": 0.0035122930255895636
  },
  "control": "block",
  "control_tag": "ctrl-block-2-111"
}
