$ C:\Users\KOMFIG\anaconda3\python.exe -m cli analyze-cond --train C:\omega\omega\corpora\relab\relab_train.txt --holdout C:\omega\omega\corpora\relab\relab_tail.txt --mode words --label-mode ib --control block --control_block 2 --n 4 --k_ctx 7 --ib-clusters 64 --ib-max-contexts 9000 --stride 1 --seed 333 --bootstrap 2000 --alpha 0.05 --out-json C:\omega\omega\runs\rel_aberration\rel_aberration-n4-k7-cl64-ctx9000-s1-sd333-bs2000-a0p05-tblock_B2_shuffle-c55d256807a7\rel_aberration-n4-k7-cl64-ctx9000-s1-sd333-bs2000-a0p05-tblock_B2_shuffle-c55d256807a7.json

[control] ctrl-block-2-333  train_sha=63052822aad6  test_sha=5330d0f60139  Ztest_sha=969d9f6da269
{
  "H_base": 3.113939798480821,
  "H_ib": 3.1152149604444586,
  "H_hash": 2.883567165250701,
  "delta_ib": {
    "mean": 0.00127516196363771,
    "lo95": 0.0012656753043512026,
    "hi95": 0.001285036328066219,
    "p_le_0": 0.0
  },
  "delta_hash": {
    "mean": -0.23037263323012006,
    "lo95": -0.2480717171486987,
    "hi95": -0.21246502875592263,
    "p_le_0": 1.0
  },
  "k_ctx": 7,
  "ib_clusters": 64,
  "stride": 1,
  "label_mode": "ib",
  "null_label": "C-1",
  "n_clusters": 64,
  "n_gram_order": 4,
  "coverage_train": {
    "full_frac": 0.26284107059147427,
    "backoff_frac": 0.7059073017195836,
    "null_frac": 0.03130371373509037
  },
  "coverage_test": {
    "full_frac": 0.07639817338912715,
    "backoff_frac": 0.5712499782959735,
    "null_frac": 0.352473390863473
  },
  "control": "block",
  "control_tag": "ctrl-block-2-333"
}
