$ C:\Users\KOMFIG\anaconda3\python.exe -m cli analyze-cond --train C:\omega\omega\corpora\ising1d\ising1d_train.txt --holdout C:\omega\omega\corpora\ising1d\ising1d_tail.txt --mode words --label-mode ib --control global --n 3 --k_ctx 5 --ib-clusters 64 --ib-max-contexts 9000 --stride 2 --seed 333 --bootstrap 2000 --alpha 0.05 --out-json C:\omega\omega\runs\ising1d\ising1d-n3-k5-cl64-ctx9000-s2-sd333-bs2000-a0p05-tGLOBAL_shuffle-fa801bb4ecfa\ising1d-n3-k5-cl64-ctx9000-s2-sd333-bs2000-a0p05-tGLOBAL_shuffle-fa801bb4ecfa.json

[control] ctrl-global-333  train_sha=057cedadbb6b  test_sha=2b5b37619f52  Ztest_sha=0f47a7da019c
{
  "H_base": 3.0029576363913177,
  "H_ib": 3.006612850220426,
  "H_hash": 3.0017227518981997,
  "delta_ib": {
    "mean": 0.003655213829108375,
    "lo95": 0.003024497268883183,
    "hi95": 0.0043640107621901025,
    "p_le_0": 0.0
  },
  "delta_hash": {
    "mean": -0.0012348844931179697,
    "lo95": -0.0019583911557977812,
    "hi95": -0.00047848112922361976,
    "p_le_0": 0.9995
  },
  "k_ctx": 5,
  "ib_clusters": 64,
  "stride": 2,
  "label_mode": "ib",
  "null_label": "C-1",
  "n_clusters": 64,
  "n_gram_order": 3,
  "coverage_train": {
    "full_frac": 0.08235434177004214,
    "backoff_frac": 0.9176456582299578,
    "null_frac": 2.381009071644563e-05
  },
  "coverage_test": {
    "full_frac": 0.06612589588310462,
    "backoff_frac": 0.9338741041168954,
    "null_frac": 5.555864214678593e-05
  },
  "control": "global",
  "control_tag": "ctrl-global-333"
}
