$ C:\Users\KOMFIG\anaconda3\python.exe -m cli analyze-cond --train C:\omega\omega\corpora\stdmap\stdmap_train.txt --holdout C:\omega\omega\corpora\stdmap\stdmap_tail.txt --mode words --label-mode ib --control block --control_block 2 --n 4 --k_ctx 5 --ib-clusters 32 --ib-max-contexts 6000 --stride 2 --seed 333 --bootstrap 2000 --alpha 0.05 --out-json C:\omega\omega\runs\standard_map\standard_map-n4-k5-cl32-ctx6000-s2-sd333-bs2000-a0p05-tblock_B2_shuffle-158a50823c51\standard_map-n4-k5-cl32-ctx6000-s2-sd333-bs2000-a0p05-tblock_B2_shuffle-158a50823c51.json

[hint] IB coverage is very low; consider --k_ctx 3 or --ib-clusters 16, or lower --ib-max-contexts.
[control] ctrl-block-2-333  train_sha=cedc12216916  test_sha=bb8dce25a134  Ztest_sha=a9ac6b1b147a
{
  "H_base": 4.093710525676749,
  "H_ib": 4.093654289698734,
  "H_hash": 4.0860964328306775,
  "delta_ib": {
    "mean": -5.623597801475195e-05,
    "lo95": -0.00010665143228121594,
    "hi95": -2.460111916580744e-06,
    "p_le_0": 0.9785
  },
  "delta_hash": {
    "mean": -0.007614092846072057,
    "lo95": -0.009331060521056788,
    "hi95": -0.005949607991621724,
    "p_le_0": 1.0
  },
  "k_ctx": 5,
  "ib_clusters": 32,
  "stride": 2,
  "label_mode": "ib",
  "null_label": "C-1",
  "n_clusters": 32,
  "n_gram_order": 4,
  "coverage_train": {
    "full_frac": 0.260363341984333,
    "backoff_frac": 0.739636658015667,
    "null_frac": 2.381009071644563e-05
  },
  "coverage_test": {
    "full_frac": 0.03233512972942941,
    "backoff_frac": 0.9676648702705706,
    "null_frac": 5.555864214678593e-05
  },
  "control": "block",
  "control_tag": "ctrl-block-2-333"
}
