$ C:\Users\KOMFIG\anaconda3\python.exe -m cli analyze-cond --train C:\omega\omega\corpora\ising1d\ising1d_train.txt --holdout C:\omega\omega\corpora\ising1d\ising1d_tail.txt --mode words --label-mode ib --control global --n 4 --k_ctx 7 --ib-clusters 32 --ib-max-contexts 6000 --stride 1 --seed 111 --bootstrap 2000 --alpha 0.05 --out-json C:\omega\omega\runs\ising1d\ising1d-n4-k7-cl32-ctx6000-s1-sd111-bs2000-a0p05-tGLOBAL_shuffle-b2d38c64e578\ising1d-n4-k7-cl32-ctx6000-s1-sd111-bs2000-a0p05-tGLOBAL_shuffle-b2d38c64e578.json

[hint] IB coverage is very low; consider --k_ctx 3 or --ib-clusters 16, or lower --ib-max-contexts.
[control] ctrl-global-111  train_sha=064e39f16433  test_sha=2b5b37619f52  Ztest_sha=59d382c500e5
{
  "H_base": 3.1297911462514882,
  "H_ib": 3.1332657621926567,
  "H_hash": 3.06970742701186,
  "delta_ib": {
    "mean": 0.003474615941168442,
    "lo95": 0.00255259215982264,
    "hi95": 0.004397745389248636,
    "p_le_0": 0.0
  },
  "delta_hash": {
    "mean": -0.0600837192396284,
    "lo95": -0.06445515098455938,
    "hi95": -0.056179150361737436,
    "p_le_0": 1.0
  },
  "k_ctx": 7,
  "ib_clusters": 32,
  "stride": 1,
  "label_mode": "ib",
  "null_label": "C-1",
  "n_clusters": 32,
  "n_gram_order": 4,
  "coverage_train": {
    "full_frac": 0.013719504935878816,
    "backoff_frac": 0.9862804950641212,
    "null_frac": 3.333444448148272e-05
  },
  "coverage_test": {
    "full_frac": 0.0008222861778138299,
    "backoff_frac": 0.9991777138221861,
    "null_frac": 7.778382763103797e-05
  },
  "control": "global",
  "control_tag": "ctrl-global-111"
}
