$ C:\Users\KOMFIG\anaconda3\python.exe -m cli analyze-cond --train C:\omega\omega\corpora\lorenz_sigma10_rho28\lorenz_sigma10_rho28_train.txt --holdout C:\omega\omega\corpora\lorenz_sigma10_rho28\lorenz_sigma10_rho28_tail.txt --mode words --label-mode ib --control global --n 3 --k_ctx 5 --ib-clusters 32 --ib-max-contexts 9000 --stride 1 --seed 111 --bootstrap 2000 --alpha 0.05 --out-json C:\omega\omega\runs\lorenz63\lorenz63-n3-k5-cl32-ctx9000-s1-sd111-bs2000-a0p05-tGLOBAL_shuffle-76d00de953c2\lorenz63-n3-k5-cl32-ctx9000-s1-sd111-bs2000-a0p05-tGLOBAL_shuffle-76d00de953c2.json

[hint] IB coverage is very low; consider --k_ctx 3 or --ib-clusters 16, or lower --ib-max-contexts.
[control] ctrl-global-111  train_sha=b65df0761dd4  test_sha=1c478daddb4a  Ztest_sha=5e198a081e9b
{
  "H_base": 5.278110185448482,
  "H_ib": 5.276470775163738,
  "H_hash": 5.021324057161747,
  "delta_ib": {
    "mean": -0.0016394102847435326,
    "lo95": -0.0035135632111376754,
    "hi95": -0.00023474264165061022,
    "p_le_0": 1.0
  },
  "delta_hash": {
    "mean": -0.25678612828673475,
    "lo95": -0.31352163491220947,
    "hi95": -0.2078739940341272,
    "p_le_0": 1.0
  },
  "k_ctx": 5,
  "ib_clusters": 32,
  "stride": 1,
  "label_mode": "ib",
  "null_label": "C-1",
  "n_clusters": 32,
  "n_gram_order": 3,
  "coverage_train": {
    "full_frac": 0.06985273687135315,
    "backoff_frac": 0.9301472631286468,
    "null_frac": 0.0002778549597110308
  },
  "coverage_test": {
    "full_frac": 0.0,
    "backoff_frac": 1.0,
    "null_frac": 0.002506265664160401
  },
  "control": "global",
  "control_tag": "ctrl-global-111"
}
