$ C:\Users\KOMFIG\anaconda3\python.exe -m cli analyze-cond --train C:\omega\omega\corpora\henon_a14_b03\henon_a14_b03_train.txt --holdout C:\omega\omega\corpora\henon_a14_b03\henon_a14_b03_tail.txt --mode words --label-mode ib --n 3 --k_ctx 5 --ib-clusters 32 --ib-max-contexts 6000 --stride 1 --seed 333 --bootstrap 2000 --alpha 0.05 --out-json C:\omega\omega\runs\henon\henon-n3-k5-cl32-ctx6000-s1-sd333-bs2000-a0p05-ebd81c27d6cf\henon-n3-k5-cl32-ctx6000-s1-sd333-bs2000-a0p05-ebd81c27d6cf.json

50/2000 100/2000 150/2000 200/2000 250/2000 300/2000 350/2000 400/2000 450/2000 500/2000 550/2000 600/2000 650/2000 700/2000 750/2000 800/2000 850/2000 900/2000 950/2000 1000/2000 1050/2000 1100/2000 1150/2000 1200/2000 1250/2000 1300/2000 1350/2000 1400/2000 1450/2000 1500/2000 1550/2000 1600/2000 1650/2000 1700/2000 1750/2000 1800/2000 1850/2000 1900/2000 1950/2000 2000/2000 50/2000 100/2000 150/2000 200/2000 250/2000 300/2000 350/2000 400/2000 450/2000 500/2000 550/2000 600/2000 650/2000 700/2000 750/2000 800/2000 850/2000 900/2000 950/2000 1000/2000 1050/2000 1100/2000 1150/2000 1200/2000 1250/2000 1300/2000 1350/2000 1400/2000 1450/2000 1500/2000 1550/2000 1600/2000 1650/2000 1700/2000 1750/2000 1800/2000 1850/2000 1900/2000 1950/2000 2000/2000 {
  "H_base": 0.8787513803793275,
  "H_ib": 0.8721411452884735,
  "H_hash": 3.62415387585724,
  "delta_ib": {
    "mean": -0.0066102350908539735,
    "lo95": -0.019775165868752637,
    "hi95": 0.008393794860510817,
    "p_le_0": 0.825
  },
  "delta_hash": {
    "mean": 2.745402495477912,
    "lo95": 2.6419311219061523,
    "hi95": 2.8419412777520123,
    "p_le_0": 0.0
  },
  "k_ctx": 5,
  "ib_clusters": 32,
  "stride": 1,
  "label_mode": "ib",
  "null_label": "C-1",
  "n_clusters": 32,
  "n_gram_order": 3,
  "coverage_train": {
    "full_frac": 0.99622117254793,
    "backoff_frac": 0.0037788274520700192,
    "null_frac": 0.0002778549597110308
  },
  "coverage_test": {
    "full_frac": 0.9854636591478697,
    "backoff_frac": 0.014536340852130326,
    "null_frac": 0.002506265664160401
  },
  "notes": "Bits/token. delta<0 means conditional helps. Hash control preserves label histogram."
}

[omega] summary (first variant):
  tag=true  d_I_pred-=--0.006610  d_hash-=-2.745402  SCR_lzma-=-7.123e-06  energy=928
