$ C:\Users\KOMFIG\anaconda3\python.exe -m cli analyze-cond --train C:\omega\omega\corpora\henon_a14_b03\henon_a14_b03_train.txt --holdout C:\omega\omega\corpora\henon_a14_b03\henon_a14_b03_tail.txt --mode words --label-mode ib --control block --control_block 2 --n 3 --k_ctx 7 --ib-clusters 32 --ib-max-contexts 9000 --stride 1 --seed 333 --bootstrap 2000 --alpha 0.05 --out-json C:\omega\omega\runs\henon\henon-n3-k7-cl32-ctx9000-s1-sd333-bs2000-a0p05-tblock_B2_shuffle-3039761e59a3\henon-n3-k7-cl32-ctx9000-s1-sd333-bs2000-a0p05-tblock_B2_shuffle-3039761e59a3.json

[hint] IB coverage is very low; consider --k_ctx 3 or --ib-clusters 16, or lower --ib-max-contexts.
[control] ctrl-block-2-333  train_sha=8c2f11121245  test_sha=942e574d4a6c  Ztest_sha=dc2e0e979f69
{
  "H_base": 4.941751550446055,
  "H_ib": 4.925064446512883,
  "H_hash": 5.0061304548209735,
  "delta_ib": {
    "mean": -0.016687103933171785,
    "lo95": -0.022799237572806826,
    "hi95": -0.011174342093066968,
    "p_le_0": 1.0
  },
  "delta_hash": {
    "mean": 0.06437890437491835,
    "lo95": -0.04049433352853832,
    "hi95": 0.17850658597933083,
    "p_le_0": 0.1115
  },
  "k_ctx": 7,
  "ib_clusters": 32,
  "stride": 1,
  "label_mode": "ib",
  "null_label": "C-1",
  "n_clusters": 32,
  "n_gram_order": 3,
  "coverage_train": {
    "full_frac": 0.06986050130606347,
    "backoff_frac": 0.9301394986939365,
    "null_frac": 0.000389040182293114
  },
  "coverage_test": {
    "full_frac": 0.0,
    "backoff_frac": 1.0,
    "null_frac": 0.0035122930255895636
  },
  "control": "block",
  "control_tag": "ctrl-block-2-333"
}
