$ C:\Users\KOMFIG\anaconda3\python.exe -m cli analyze-cond --train C:\omega\omega\corpora\henon_a14_b03\henon_a14_b03_train.txt --holdout C:\omega\omega\corpora\henon_a14_b03\henon_a14_b03_tail.txt --mode words --label-mode ib --n 4 --k_ctx 5 --ib-clusters 64 --ib-max-contexts 9000 --stride 2 --seed 333 --bootstrap 2000 --alpha 0.05 --out-json C:\omega\omega\runs\henon\henon-n4-k5-cl64-ctx9000-s2-sd333-bs2000-a0p05-f6c4af874dba\henon-n4-k5-cl64-ctx9000-s2-sd333-bs2000-a0p05-f6c4af874dba.json

50/2000 100/2000 150/2000 200/2000 250/2000 300/2000 350/2000 400/2000 450/2000 500/2000 550/2000 600/2000 650/2000 700/2000 750/2000 800/2000 850/2000 900/2000 950/2000 1000/2000 1050/2000 1100/2000 1150/2000 1200/2000 1250/2000 1300/2000 1350/2000 1400/2000 1450/2000 1500/2000 1550/2000 1600/2000 1650/2000 1700/2000 1750/2000 1800/2000 1850/2000 1900/2000 1950/2000 2000/2000 50/2000 100/2000 150/2000 200/2000 250/2000 300/2000 350/2000 400/2000 450/2000 500/2000 550/2000 600/2000 650/2000 700/2000 750/2000 800/2000 850/2000 900/2000 950/2000 1000/2000 1050/2000 1100/2000 1150/2000 1200/2000 1250/2000 1300/2000 1350/2000 1400/2000 1450/2000 1500/2000 1550/2000 1600/2000 1650/2000 1700/2000 1750/2000 1800/2000 1850/2000 1900/2000 1950/2000 2000/2000 {
  "H_base": 0.8699658146768667,
  "H_ib": 0.8648516460765507,
  "H_hash": 4.740663647607379,
  "delta_ib": {
    "mean": -0.005114168600315962,
    "lo95": -0.015839830280320245,
    "hi95": 0.006143118320500977,
    "p_le_0": 0.827
  },
  "delta_hash": {
    "mean": 3.8706978329305124,
    "lo95": 3.807357340698446,
    "hi95": 3.9318216805985013,
    "p_le_0": 0.0
  },
  "k_ctx": 5,
  "ib_clusters": 64,
  "stride": 2,
  "label_mode": "ib",
  "null_label": "C-1",
  "n_clusters": 64,
  "n_gram_order": 4,
  "coverage_train": {
    "full_frac": 0.987329813837177,
    "backoff_frac": 0.012670186162823007,
    "null_frac": 0.0002778549597110308
  },
  "coverage_test": {
    "full_frac": 0.9774436090225563,
    "backoff_frac": 0.022556390977443608,
    "null_frac": 0.002506265664160401
  },
  "notes": "Bits/token. delta<0 means conditional helps. Hash control preserves label histogram."
}

[omega] summary (first variant):
  tag=true  d_I_pred-=--0.005114  d_hash-=-3.870698  SCR_lzma-=-5.511e-06  energy=928
