$ C:\Users\KOMFIG\anaconda3\python.exe -m cli analyze-cond --train C:\omega\omega\corpora\ham\ham_train.txt --holdout C:\omega\omega\corpora\ham\ham_tail.txt --mode words --label-mode ib --n 4 --k_ctx 7 --ib-clusters 64 --ib-max-contexts 9000 --stride 1 --seed 333 --bootstrap 2000 --alpha 0.05 --out-json C:\omega\omega\runs\hamiltonian\hamiltonian-n4-k7-cl64-ctx9000-s1-sd333-bs2000-a0p05-b90d2b5b8608\hamiltonian-n4-k7-cl64-ctx9000-s1-sd333-bs2000-a0p05-b90d2b5b8608.json

[control] true  train_sha=60ad58bd86da  test_sha=e010ee54e0ab  Ztest_sha=56ca18cf60b2
{
  "H_base": 0.25993409155669034,
  "H_ib": 0.2657107720637668,
  "H_hash": 4.805856743544687,
  "delta_ib": {
    "mean": 0.005776680507076467,
    "lo95": -0.00442900894163252,
    "hi95": 0.022218785384660263,
    "p_le_0": 0.309
  },
  "delta_hash": {
    "mean": 4.545922651987996,
    "lo95": 4.495598741794841,
    "hi95": 4.5980563047912595,
    "p_le_0": 0.0
  },
  "k_ctx": 7,
  "ib_clusters": 64,
  "stride": 1,
  "label_mode": "ib",
  "null_label": "C-1",
  "n_clusters": 64,
  "n_gram_order": 4,
  "coverage_train": {
    "full_frac": 1.0,
    "backoff_frac": 0.0,
    "null_frac": 0.000389040182293114
  },
  "coverage_test": {
    "full_frac": 1.0,
    "backoff_frac": 0.0,
    "null_frac": 0.0035122930255895636
  },
  "control": "none",
  "control_tag": "true",
  "notes": "Bits/token. delta<0 helps. Hash control preserves label histogram."
}
