$ C:\Users\KOMFIG\anaconda3\python.exe -m cli analyze-cond --train C:\omega\omega\corpora\lorenz_sigma10_rho28\lorenz_sigma10_rho28_train.txt --holdout C:\omega\omega\corpora\lorenz_sigma10_rho28\lorenz_sigma10_rho28_tail.txt --mode words --label-mode ib --control block --control_block 2 --n 3 --k_ctx 7 --ib-clusters 64 --ib-max-contexts 6000 --stride 2 --seed 111 --bootstrap 2000 --alpha 0.05 --out-json C:\omega\omega\runs\lorenz63\lorenz63-n3-k7-cl64-ctx6000-s2-sd111-bs2000-a0p05-tblock_B2_shuffle-7228bf7275c1\lorenz63-n3-k7-cl64-ctx6000-s2-sd111-bs2000-a0p05-tblock_B2_shuffle-7228bf7275c1.json

[hint] IB coverage is very low; consider --k_ctx 3 or --ib-clusters 16, or lower --ib-max-contexts.
[control] ctrl-block-2-111  train_sha=4aaef41c9870  test_sha=1c478daddb4a  Ztest_sha=74b4580b0cda
{
  "H_base": 2.5699526488454447,
  "H_ib": 2.6901236893920153,
  "H_hash": 4.845212635646848,
  "delta_ib": {
    "mean": 0.12017104054657086,
    "lo95": 0.07534272142035774,
    "hi95": 0.16955672548732162,
    "p_le_0": 0.0
  },
  "delta_hash": {
    "mean": 2.2752599868014034,
    "lo95": 2.1260811730478726,
    "hi95": 2.424199993857948,
    "p_le_0": 0.0
  },
  "k_ctx": 7,
  "ib_clusters": 64,
  "stride": 2,
  "label_mode": "ib",
  "null_label": "C-1",
  "n_clusters": 64,
  "n_gram_order": 3,
  "coverage_train": {
    "full_frac": 0.08469960540210082,
    "backoff_frac": 0.9153003945978991,
    "null_frac": 0.000389040182293114
  },
  "coverage_test": {
    "full_frac": 0.0,
    "backoff_frac": 1.0,
    "null_frac": 0.0035122930255895636
  },
  "control": "block",
  "control_tag": "ctrl-block-2-111"
}
