$ C:\Users\KOMFIG\anaconda3\python.exe -m cli analyze-cond --train C:\omega\omega\corpora\lorenz_sigma10_rho28\lorenz_sigma10_rho28_train.txt --holdout C:\omega\omega\corpora\lorenz_sigma10_rho28\lorenz_sigma10_rho28_tail.txt --mode words --label-mode ib --control block --control_block 2 --n 3 --k_ctx 7 --ib-clusters 64 --ib-max-contexts 9000 --stride 1 --seed 333 --bootstrap 2000 --alpha 0.05 --out-json C:\omega\omega\runs\lorenz63\lorenz63-n3-k7-cl64-ctx9000-s1-sd333-bs2000-a0p05-tblock_B2_shuffle-d00f729e5789\lorenz63-n3-k7-cl64-ctx9000-s1-sd333-bs2000-a0p05-tblock_B2_shuffle-d00f729e5789.json

[hint] IB coverage is very low; consider --k_ctx 3 or --ib-clusters 16, or lower --ib-max-contexts.
[control] ctrl-block-2-333  train_sha=20a130cbd279  test_sha=1c478daddb4a  Ztest_sha=9e256ad89c56
{
  "H_base": 2.453687368234189,
  "H_ib": 2.5139036965978447,
  "H_hash": 4.86065376548035,
  "delta_ib": {
    "mean": 0.0602163283636559,
    "lo95": 0.038599510479420444,
    "hi95": 0.08167638430651002,
    "p_le_0": 0.0
  },
  "delta_hash": {
    "mean": 2.4069663972461615,
    "lo95": 2.285567294984038,
    "hi95": 2.5207596944332975,
    "p_le_0": 0.0
  },
  "k_ctx": 7,
  "ib_clusters": 64,
  "stride": 1,
  "label_mode": "ib",
  "null_label": "C-1",
  "n_clusters": 64,
  "n_gram_order": 3,
  "coverage_train": {
    "full_frac": 0.08642249763797032,
    "backoff_frac": 0.9135775023620297,
    "null_frac": 0.000389040182293114
  },
  "coverage_test": {
    "full_frac": 0.0,
    "backoff_frac": 1.0,
    "null_frac": 0.0035122930255895636
  },
  "control": "block",
  "control_tag": "ctrl-block-2-333"
}
