$ C:\Users\KOMFIG\anaconda3\python.exe -m cli analyze-cond --train C:\omega\omega\corpora\relab\relab_train.txt --holdout C:\omega\omega\corpora\relab\relab_tail.txt --mode words --label-mode ib --control global --n 3 --k_ctx 5 --ib-clusters 32 --ib-max-contexts 9000 --stride 2 --seed 111 --bootstrap 2000 --alpha 0.05 --out-json C:\omega\omega\runs\rel_aberration\rel_aberration-n3-k5-cl32-ctx9000-s2-sd111-bs2000-a0p05-tGLOBAL_shuffle-82513405fec3\rel_aberration-n3-k5-cl32-ctx9000-s2-sd111-bs2000-a0p05-tGLOBAL_shuffle-82513405fec3.json

[control] ctrl-global-111  train_sha=1c14f2ea40d5  test_sha=5330d0f60139  Ztest_sha=4c78327bc2df
{
  "H_base": 4.173673950432172,
  "H_ib": 4.1730682673556885,
  "H_hash": 3.430942208088597,
  "delta_ib": {
    "mean": -0.0006056830764828837,
    "lo95": -0.0006692797995135865,
    "hi95": -0.0005431452360691577,
    "p_le_0": 1.0
  },
  "delta_hash": {
    "mean": -0.7427317423435748,
    "lo95": -0.7608530413505527,
    "hi95": -0.7252137245375636,
    "p_le_0": 1.0
  },
  "k_ctx": 5,
  "ib_clusters": 32,
  "stride": 2,
  "label_mode": "ib",
  "null_label": "C-1",
  "n_clusters": 32,
  "n_gram_order": 3,
  "coverage_train": {
    "full_frac": 0.13297369693813013,
    "backoff_frac": 0.8357825811972172,
    "null_frac": 0.031280925629673724
  },
  "coverage_test": {
    "full_frac": 0.041670283878808924,
    "backoff_frac": 0.6059553780710131,
    "null_frac": 0.35246115114159215
  },
  "control": "global",
  "control_tag": "ctrl-global-111"
}
