$ C:\Users\KOMFIG\anaconda3\python.exe -m cli analyze-cond --train C:\omega\omega\corpora\relab\relab_train.txt --holdout C:\omega\omega\corpora\relab\relab_tail.txt --mode words --label-mode ib --control block --control_block 2 --n 3 --k_ctx 5 --ib-clusters 32 --ib-max-contexts 9000 --stride 1 --seed 111 --bootstrap 2000 --alpha 0.05 --out-json C:\omega\omega\runs\rel_aberration\rel_aberration-n3-k5-cl32-ctx9000-s1-sd111-bs2000-a0p05-tblock_B2_shuffle-0c64bcd7ba31\rel_aberration-n3-k5-cl32-ctx9000-s1-sd111-bs2000-a0p05-tblock_B2_shuffle-0c64bcd7ba31.json

[control] ctrl-block-2-111  train_sha=10b0ea3e6918  test_sha=5330d0f60139  Ztest_sha=bc7847b6eb28
{
  "H_base": 1.584976616032563,
  "H_ib": 1.5847250629182836,
  "H_hash": 1.5847501744918482,
  "delta_ib": {
    "mean": -0.0002515531142790761,
    "lo95": -0.0003397984862709139,
    "hi95": -0.00011627182334695191,
    "p_le_0": 0.999
  },
  "delta_hash": {
    "mean": -0.00022644154071463786,
    "lo95": -0.0003190875506052254,
    "hi95": -0.00011388023251625458,
    "p_le_0": 1.0
  },
  "k_ctx": 5,
  "ib_clusters": 32,
  "stride": 1,
  "label_mode": "ib",
  "null_label": "C-1",
  "n_clusters": 32,
  "n_gram_order": 3,
  "coverage_train": {
    "full_frac": 0.7907139402507534,
    "backoff_frac": 0.20928605974924663,
    "null_frac": 3.720376502102013e-05
  },
  "coverage_test": {
    "full_frac": 0.5781751888184739,
    "backoff_frac": 0.42182481118152615,
    "null_frac": 8.681309141418526e-05
  },
  "control": "block",
  "control_tag": "ctrl-block-2-111"
}
