$ C:\Users\KOMFIG\anaconda3\python.exe -m cli analyze-cond --train C:\omega\omega\corpora\relab\relab_train.txt --holdout C:\omega\omega\corpora\relab\relab_tail.txt --mode words --label-mode ib --control global --n 3 --k_ctx 5 --ib-clusters 64 --ib-max-contexts 6000 --stride 2 --seed 333 --bootstrap 2000 --alpha 0.05 --out-json C:\omega\omega\runs\rel_aberration\rel_aberration-n3-k5-cl64-ctx6000-s2-sd333-bs2000-a0p05-tGLOBAL_shuffle-e17777601129\rel_aberration-n3-k5-cl64-ctx6000-s2-sd333-bs2000-a0p05-tGLOBAL_shuffle-e17777601129.json

[control] ctrl-global-333  train_sha=e57f68d7ec48  test_sha=5330d0f60139  Ztest_sha=7ef06b476bf5
{
  "H_base": 4.398781753241106,
  "H_ib": 4.39603718637015,
  "H_hash": 3.531753192112383,
  "delta_ib": {
    "mean": -0.0027445668709564835,
    "lo95": -0.002828818014527857,
    "hi95": -0.002663619249511775,
    "p_le_0": 1.0
  },
  "delta_hash": {
    "mean": -0.8670285611287236,
    "lo95": -0.8900775801250226,
    "hi95": -0.8434932790584371,
    "p_le_0": 1.0
  },
  "k_ctx": 5,
  "ib_clusters": 64,
  "stride": 2,
  "label_mode": "ib",
  "null_label": "C-1",
  "n_clusters": 64,
  "n_gram_order": 3,
  "coverage_train": {
    "full_frac": 0.15742401130994457,
    "backoff_frac": 0.8113322668254027,
    "null_frac": 0.031280925629673724
  },
  "coverage_test": {
    "full_frac": 0.04861533119194374,
    "backoff_frac": 0.5990103307578782,
    "null_frac": 0.35246115114159215
  },
  "control": "global",
  "control_tag": "ctrl-global-333"
}
