$ C:\Users\KOMFIG\anaconda3\python.exe -m cli analyze-cond --train C:\omega\omega\corpora\lorenz_sigma10_rho28\lorenz_sigma10_rho28_train.txt --holdout C:\omega\omega\corpora\lorenz_sigma10_rho28\lorenz_sigma10_rho28_tail.txt --mode words --label-mode ib --control block --control_block 2 --n 3 --k_ctx 7 --ib-clusters 64 --ib-max-contexts 6000 --stride 1 --seed 111 --bootstrap 2000 --alpha 0.05 --out-json C:\omega\omega\runs\lorenz63\lorenz63-n3-k7-cl64-ctx6000-s1-sd111-bs2000-a0p05-tblock_B2_shuffle-dcc7ca3a1c43\lorenz63-n3-k7-cl64-ctx6000-s1-sd111-bs2000-a0p05-tblock_B2_shuffle-dcc7ca3a1c43.json

[hint] IB coverage is very low; consider --k_ctx 3 or --ib-clusters 16, or lower --ib-max-contexts.
[control] ctrl-block-2-111  train_sha=4aaef41c9870  test_sha=1c478daddb4a  Ztest_sha=7c55949ac8ca
{
  "H_base": 2.5699526488454447,
  "H_ib": 2.6609648612685604,
  "H_hash": 4.871822422063432,
  "delta_ib": {
    "mean": 0.09101221242311552,
    "lo95": 0.06453626087288465,
    "hi95": 0.11916095767836747,
    "p_le_0": 0.0
  },
  "delta_hash": {
    "mean": 2.301869773217987,
    "lo95": 2.152029737372548,
    "hi95": 2.4505516355696875,
    "p_le_0": 0.0
  },
  "k_ctx": 7,
  "ib_clusters": 64,
  "stride": 1,
  "label_mode": "ib",
  "null_label": "C-1",
  "n_clusters": 64,
  "n_gram_order": 3,
  "coverage_train": {
    "full_frac": 0.08536653142888902,
    "backoff_frac": 0.9146334685711109,
    "null_frac": 0.000389040182293114
  },
  "coverage_test": {
    "full_frac": 0.0,
    "backoff_frac": 1.0,
    "null_frac": 0.0035122930255895636
  },
  "control": "block",
  "control_tag": "ctrl-block-2-111"
}
