$ C:\Users\KOMFIG\anaconda3\python.exe -m cli analyze-cond --train C:\omega\omega\corpora\ham\ham_train.txt --holdout C:\omega\omega\corpora\ham\ham_tail.txt --mode words --label-mode ib --control block --control_block 2 --n 4 --k_ctx 7 --ib-clusters 32 --ib-max-contexts 6000 --stride 1 --seed 333 --bootstrap 2000 --alpha 0.05 --out-json C:\omega\omega\runs\hamiltonian\hamiltonian-n4-k7-cl32-ctx6000-s1-sd333-bs2000-a0p05-tblock_B2_shuffle-96e8b682635d\hamiltonian-n4-k7-cl32-ctx6000-s1-sd333-bs2000-a0p05-tblock_B2_shuffle-96e8b682635d.json

[hint] IB coverage is very low; consider --k_ctx 3 or --ib-clusters 16, or lower --ib-max-contexts.
[control] ctrl-block-2-333  train_sha=b40a9398d7c3  test_sha=e010ee54e0ab  Ztest_sha=1742ccd2c68b
{
  "H_base": 6.269187095126037,
  "H_ib": 6.2732614160562425,
  "H_hash": 5.41513675392507,
  "delta_ib": {
    "mean": 0.0040743209302050365,
    "lo95": -0.015963902869419025,
    "hi95": 0.028722020002555155,
    "p_le_0": 0.3785
  },
  "delta_hash": {
    "mean": -0.8540503412009672,
    "lo95": -1.20814964430064,
    "hi95": -0.519836623309091,
    "p_le_0": 1.0
  },
  "k_ctx": 7,
  "ib_clusters": 32,
  "stride": 1,
  "label_mode": "ib",
  "null_label": "C-1",
  "n_clusters": 32,
  "n_gram_order": 4,
  "coverage_train": {
    "full_frac": 0.07408436614238871,
    "backoff_frac": 0.9259156338576113,
    "null_frac": 0.000389040182293114
  },
  "coverage_test": {
    "full_frac": 0.002007024586051179,
    "backoff_frac": 0.9979929754139488,
    "null_frac": 0.0035122930255895636
  },
  "control": "block",
  "control_tag": "ctrl-block-2-333"
}
