$ C:\Users\KOMFIG\anaconda3\python.exe -m cli analyze-cond --train C:\omega\omega\corpora\cat_N1024\cat_N1024_train.txt --holdout C:\omega\omega\corpora\cat_N1024\cat_N1024_tail.txt --mode words --label-mode ib --control block --control_block 2 --n 3 --k_ctx 5 --ib-clusters 64 --ib-max-contexts 6000 --stride 1 --seed 333 --bootstrap 2000 --alpha 0.05 --out-json C:\omega\omega\runs\arnold_cat\arnold_cat-n3-k5-cl64-ctx6000-s1-sd333-bs2000-a0p05-tblock_B2_shuffle-8f344065fb39\arnold_cat-n3-k5-cl64-ctx6000-s1-sd333-bs2000-a0p05-tblock_B2_shuffle-8f344065fb39.json

[hint] IB coverage is very low; consider --k_ctx 3 or --ib-clusters 16, or lower --ib-max-contexts.
[control] ctrl-block-2-333  train_sha=439d06aec476  test_sha=48a836168796  Ztest_sha=3936100b2bc3
{
  "H_base": 5.329132934303331,
  "H_ib": 5.331833118398499,
  "H_hash": 5.011228048360234,
  "delta_ib": {
    "mean": 0.0027001840951679885,
    "lo95": -0.002882772060414231,
    "hi95": 0.008750913684849749,
    "p_le_0": 0.1855
  },
  "delta_hash": {
    "mean": -0.3179048859430972,
    "lo95": -0.3609686315842784,
    "hi95": -0.2766901904068968,
    "p_le_0": 1.0
  },
  "k_ctx": 5,
  "ib_clusters": 64,
  "stride": 1,
  "label_mode": "ib",
  "null_label": "C-1",
  "n_clusters": 64,
  "n_gram_order": 3,
  "coverage_train": {
    "full_frac": 0.08580161155876632,
    "backoff_frac": 0.9141983884412337,
    "null_frac": 0.0002778549597110308
  },
  "coverage_test": {
    "full_frac": 0.005513784461152882,
    "backoff_frac": 0.9944862155388471,
    "null_frac": 0.002506265664160401
  },
  "control": "block",
  "control_tag": "ctrl-block-2-333"
}
