$ C:\Users\KOMFIG\anaconda3\python.exe -m cli analyze-cond --train C:\omega\omega\corpora\henon_a14_b03\henon_a14_b03_train.txt --holdout C:\omega\omega\corpora\henon_a14_b03\henon_a14_b03_tail.txt --mode words --label-mode ib --n 3 --k_ctx 7 --ib-clusters 32 --ib-max-contexts 9000 --stride 1 --seed 333 --bootstrap 2000 --alpha 0.05 --out-json C:\omega\omega\runs\henon\henon-n3-k7-cl32-ctx9000-s1-sd333-bs2000-a0p05-0c911d0d96be\henon-n3-k7-cl32-ctx9000-s1-sd333-bs2000-a0p05-0c911d0d96be.json

50/2000 100/2000 150/2000 200/2000 250/2000 300/2000 350/2000 400/2000 450/2000 500/2000 550/2000 600/2000 650/2000 700/2000 750/2000 800/2000 850/2000 900/2000 950/2000 1000/2000 1050/2000 1100/2000 1150/2000 1200/2000 1250/2000 1300/2000 1350/2000 1400/2000 1450/2000 1500/2000 1550/2000 1600/2000 1650/2000 1700/2000 1750/2000 1800/2000 1850/2000 1900/2000 1950/2000 2000/2000 50/2000 100/2000 150/2000 200/2000 250/2000 300/2000 350/2000 400/2000 450/2000 500/2000 550/2000 600/2000 650/2000 700/2000 750/2000 800/2000 850/2000 900/2000 950/2000 1000/2000 1050/2000 1100/2000 1150/2000 1200/2000 1250/2000 1300/2000 1350/2000 1400/2000 1450/2000 1500/2000 1550/2000 1600/2000 1650/2000 1700/2000 1750/2000 1800/2000 1850/2000 1900/2000 1950/2000 2000/2000 {
  "H_base": 0.8787513803793275,
  "H_ib": 0.8875836862117148,
  "H_hash": 1.4835128887406694,
  "delta_ib": {
    "mean": 0.008832305832387278,
    "lo95": 0.001043036027283108,
    "hi95": 0.02044896170602717,
    "p_le_0": 0.006
  },
  "delta_hash": {
    "mean": 0.6047615083613419,
    "lo95": 0.5521792315344078,
    "hi95": 0.6540292536613108,
    "p_le_0": 0.0
  },
  "k_ctx": 7,
  "ib_clusters": 32,
  "stride": 1,
  "label_mode": "ib",
  "null_label": "C-1",
  "n_clusters": 32,
  "n_gram_order": 3,
  "coverage_train": {
    "full_frac": 0.7665203134552326,
    "backoff_frac": 0.23347968654476742,
    "null_frac": 0.000389040182293114
  },
  "coverage_test": {
    "full_frac": 0.7129954841946814,
    "backoff_frac": 0.2870045158053186,
    "null_frac": 0.0035122930255895636
  },
  "notes": "Bits/token. delta<0 means conditional helps. Hash control preserves label histogram."
}

[omega] summary (first variant):
  tag=true  d_I_pred-=-0.008832  d_hash-=-0.604762  SCR_lzma-=--9.518e-06  energy=928
