$ C:\Users\KOMFIG\anaconda3\python.exe -m cli analyze-cond --train C:\omega\omega\corpora\cat_N1024\cat_N1024_train.txt --holdout C:\omega\omega\corpora\cat_N1024\cat_N1024_tail.txt --mode words --label-mode ib --control global --n 3 --k_ctx 5 --ib-clusters 32 --ib-max-contexts 9000 --stride 2 --seed 333 --bootstrap 2000 --alpha 0.05 --out-json C:\omega\omega\runs\arnold_cat\arnold_cat-n3-k5-cl32-ctx9000-s2-sd333-bs2000-a0p05-tGLOBAL_shuffle-c73e8adbf71e\arnold_cat-n3-k5-cl32-ctx9000-s2-sd333-bs2000-a0p05-tGLOBAL_shuffle-c73e8adbf71e.json

[hint] IB coverage is very low; consider --k_ctx 3 or --ib-clusters 16, or lower --ib-max-contexts.
[control] ctrl-global-333  train_sha=e5141972b62c  test_sha=48a836168796  Ztest_sha=93ce9b409694
{
  "H_base": 5.299163949507389,
  "H_ib": 5.297405273798415,
  "H_hash": 5.012058371802249,
  "delta_ib": {
    "mean": -0.0017586757089742072,
    "lo95": -0.0035173514179484143,
    "hi95": -0.00046948528330122044,
    "p_le_0": 1.0
  },
  "delta_hash": {
    "mean": -0.28710557770514067,
    "lo95": -0.3086664525713136,
    "hi95": -0.2647908904733988,
    "p_le_0": 1.0
  },
  "k_ctx": 5,
  "ib_clusters": 32,
  "stride": 2,
  "label_mode": "ib",
  "null_label": "C-1",
  "n_clusters": 32,
  "n_gram_order": 3,
  "coverage_train": {
    "full_frac": 0.06985273687135315,
    "backoff_frac": 0.9301472631286468,
    "null_frac": 0.0002778549597110308
  },
  "coverage_test": {
    "full_frac": 0.0,
    "backoff_frac": 1.0,
    "null_frac": 0.002506265664160401
  },
  "control": "global",
  "control_tag": "ctrl-global-333"
}
