$ C:\Users\KOMFIG\anaconda3\python.exe -m cli analyze-cond --train C:\omega\omega\corpora\lorenz_sigma10_rho28\lorenz_sigma10_rho28_train.txt --holdout C:\omega\omega\corpora\lorenz_sigma10_rho28\lorenz_sigma10_rho28_tail.txt --mode words --label-mode ib --n 4 --k_ctx 7 --ib-clusters 64 --ib-max-contexts 6000 --stride 1 --seed 333 --bootstrap 2000 --alpha 0.05 --out-json C:\omega\omega\runs\lorenz63\lorenz63-n4-k7-cl64-ctx6000-s1-sd333-bs2000-a0p05-b7bafaa0996f\lorenz63-n4-k7-cl64-ctx6000-s1-sd333-bs2000-a0p05-b7bafaa0996f.json

50/2000 100/2000 150/2000 200/2000 250/2000 300/2000 350/2000 400/2000 450/2000 500/2000 550/2000 600/2000 650/2000 700/2000 750/2000 800/2000 850/2000 900/2000 950/2000 1000/2000 1050/2000 1100/2000 1150/2000 1200/2000 1250/2000 1300/2000 1350/2000 1400/2000 1450/2000 1500/2000 1550/2000 1600/2000 1650/2000 1700/2000 1750/2000 1800/2000 1850/2000 1900/2000 1950/2000 2000/2000 50/2000 100/2000 150/2000 200/2000 250/2000 300/2000 350/2000 400/2000 450/2000 500/2000 550/2000 600/2000 650/2000 700/2000 750/2000 800/2000 850/2000 900/2000 950/2000 1000/2000 1050/2000 1100/2000 1150/2000 1200/2000 1250/2000 1300/2000 1350/2000 1400/2000 1450/2000 1500/2000 1550/2000 1600/2000 1650/2000 1700/2000 1750/2000 1800/2000 1850/2000 1900/2000 1950/2000 2000/2000 {
  "H_base": 0.7322717466475916,
  "H_ib": 0.67113087500579,
  "H_hash": 4.8457752378365555,
  "delta_ib": {
    "mean": -0.06114087164180155,
    "lo95": -0.08287201887474303,
    "hi95": -0.038904703036295785,
    "p_le_0": 1.0
  },
  "delta_hash": {
    "mean": 4.113503491188963,
    "lo95": 4.0351473018332715,
    "hi95": 4.190039003569491,
    "p_le_0": 0.0
  },
  "k_ctx": 7,
  "ib_clusters": 64,
  "stride": 1,
  "label_mode": "ib",
  "null_label": "C-1",
  "n_clusters": 64,
  "n_gram_order": 4,
  "coverage_train": {
    "full_frac": 1.0,
    "backoff_frac": 0.0,
    "null_frac": 0.000389040182293114
  },
  "coverage_test": {
    "full_frac": 0.9869543401906673,
    "backoff_frac": 0.013045659809332665,
    "null_frac": 0.0035122930255895636
  },
  "notes": "Bits/token. delta<0 means conditional helps. Hash control preserves label histogram."
}

[omega] summary (first variant):
  tag=true  d_I_pred-=--0.061141  d_hash-=-4.113503  SCR_lzma-=-1.124e-04  energy=544
