$ C:\Users\KOMFIG\anaconda3\python.exe -m cli analyze-cond --train C:\omega\omega\corpora\ham\ham_train.txt --holdout C:\omega\omega\corpora\ham\ham_tail.txt --mode words --label-mode ib --n 3 --k_ctx 5 --ib-clusters 64 --ib-max-contexts 9000 --stride 1 --seed 333 --bootstrap 2000 --alpha 0.05 --out-json C:\omega\omega\runs\hamiltonian\hamiltonian-n3-k5-cl64-ctx9000-s1-sd333-bs2000-a0p05-a2f52bcfaa76\hamiltonian-n3-k5-cl64-ctx9000-s1-sd333-bs2000-a0p05-a2f52bcfaa76.json

[control] true  train_sha=60ad58bd86da  test_sha=e010ee54e0ab  Ztest_sha=f6dfd07b61fe
{
  "H_base": 0.25323905184924045,
  "H_ib": 0.2583594253294483,
  "H_hash": 4.803057114275857,
  "delta_ib": {
    "mean": 0.00512037348020783,
    "lo95": -0.001416830610092093,
    "hi95": 0.01623961449398377,
    "p_le_0": 0.201
  },
  "delta_hash": {
    "mean": 4.549818062426617,
    "lo95": 4.499023884459294,
    "hi95": 4.601281830011495,
    "p_le_0": 0.0
  },
  "k_ctx": 5,
  "ib_clusters": 64,
  "stride": 1,
  "label_mode": "ib",
  "null_label": "C-1",
  "n_clusters": 64,
  "n_gram_order": 3,
  "coverage_train": {
    "full_frac": 1.0,
    "backoff_frac": 0.0,
    "null_frac": 0.0002778549597110308
  },
  "coverage_test": {
    "full_frac": 1.0,
    "backoff_frac": 0.0,
    "null_frac": 0.002506265664160401
  },
  "control": "none",
  "control_tag": "true",
  "notes": "Bits/token. delta<0 helps. Hash control preserves label histogram."
}
