$ C:\Users\KOMFIG\anaconda3\python.exe -m cli analyze-cond --train C:\omega\omega\corpora\henon_a14_b03\henon_a14_b03_train.txt --holdout C:\omega\omega\corpora\henon_a14_b03\henon_a14_b03_tail.txt --mode words --label-mode ib --control block --control_block 2 --n 3 --k_ctx 7 --ib-clusters 64 --ib-max-contexts 9000 --stride 1 --seed 333 --bootstrap 2000 --alpha 0.05 --out-json C:\omega\omega\runs\henon\henon-n3-k7-cl64-ctx9000-s1-sd333-bs2000-a0p05-tblock_B2_shuffle-c7a6b394354f\henon-n3-k7-cl64-ctx9000-s1-sd333-bs2000-a0p05-tblock_B2_shuffle-c7a6b394354f.json

[hint] IB coverage is very low; consider --k_ctx 3 or --ib-clusters 16, or lower --ib-max-contexts.
[control] ctrl-block-2-333  train_sha=8c2f11121245  test_sha=942e574d4a6c  Ztest_sha=d5e13231541a
{
  "H_base": 4.941751550446055,
  "H_ib": 4.919236391343032,
  "H_hash": 4.994636977513507,
  "delta_ib": {
    "mean": -0.022515159103022465,
    "lo95": -0.028379841118750054,
    "hi95": -0.016824123786878687,
    "p_le_0": 1.0
  },
  "delta_hash": {
    "mean": 0.05288542706745278,
    "lo95": -0.053921449304491255,
    "hi95": 0.16860027546941359,
    "p_le_0": 0.168
  },
  "k_ctx": 7,
  "ib_clusters": 64,
  "stride": 1,
  "label_mode": "ib",
  "null_label": "C-1",
  "n_clusters": 64,
  "n_gram_order": 3,
  "coverage_train": {
    "full_frac": 0.08408825654421163,
    "backoff_frac": 0.9159117434557884,
    "null_frac": 0.000389040182293114
  },
  "coverage_test": {
    "full_frac": 0.0,
    "backoff_frac": 1.0,
    "null_frac": 0.0035122930255895636
  },
  "control": "block",
  "control_tag": "ctrl-block-2-333"
}
