$ C:\Users\KOMFIG\anaconda3\python.exe -m cli analyze-cond --train C:\omega\omega\corpora\ham\ham_train.txt --holdout C:\omega\omega\corpora\ham\ham_tail.txt --mode words --label-mode ib --control block --control_block 2 --n 4 --k_ctx 7 --ib-clusters 64 --ib-max-contexts 9000 --stride 1 --seed 111 --bootstrap 2000 --alpha 0.05 --out-json C:\omega\omega\runs\hamiltonian\hamiltonian-n4-k7-cl64-ctx9000-s1-sd111-bs2000-a0p05-tblock_B2_shuffle-9674dbcd1380\hamiltonian-n4-k7-cl64-ctx9000-s1-sd111-bs2000-a0p05-tblock_B2_shuffle-9674dbcd1380.json

[hint] IB coverage is very low; consider --k_ctx 3 or --ib-clusters 16, or lower --ib-max-contexts.
[control] ctrl-block-2-111  train_sha=3a2c428e438c  test_sha=e010ee54e0ab  Ztest_sha=af337ca6e3a6
{
  "H_base": 5.955651825158045,
  "H_ib": 5.914172695031103,
  "H_hash": 5.097195327095611,
  "delta_ib": {
    "mean": -0.041479130126941585,
    "lo95": -0.07186351986250102,
    "hi95": -0.015535094047025196,
    "p_le_0": 1.0
  },
  "delta_hash": {
    "mean": -0.8584564980624334,
    "lo95": -1.3790600219285336,
    "hi95": -0.28868599826217733,
    "p_le_0": 0.999
  },
  "k_ctx": 7,
  "ib_clusters": 64,
  "stride": 1,
  "label_mode": "ib",
  "null_label": "C-1",
  "n_clusters": 64,
  "n_gram_order": 4,
  "coverage_train": {
    "full_frac": 0.0877007725226477,
    "backoff_frac": 0.9122992274773523,
    "null_frac": 0.000389040182293114
  },
  "coverage_test": {
    "full_frac": 0.0,
    "backoff_frac": 1.0,
    "null_frac": 0.0035122930255895636
  },
  "control": "block",
  "control_tag": "ctrl-block-2-111"
}
