$ C:\Users\KOMFIG\anaconda3\python.exe -m cli analyze-cond --train C:\omega\omega\corpora\lorenz_sigma10_rho28\lorenz_sigma10_rho28_train.txt --holdout C:\omega\omega\corpora\lorenz_sigma10_rho28\lorenz_sigma10_rho28_tail.txt --mode words --label-mode ib --control block --control_block 2 --n 3 --k_ctx 7 --ib-clusters 32 --ib-max-contexts 6000 --stride 1 --seed 333 --bootstrap 2000 --alpha 0.05 --out-json C:\omega\omega\runs\lorenz63\lorenz63-n3-k7-cl32-ctx6000-s1-sd333-bs2000-a0p05-tblock_B2_shuffle-421662095e20\lorenz63-n3-k7-cl32-ctx6000-s1-sd333-bs2000-a0p05-tblock_B2_shuffle-421662095e20.json

[hint] IB coverage is very low; consider --k_ctx 3 or --ib-clusters 16, or lower --ib-max-contexts.
[control] ctrl-block-2-333  train_sha=20a130cbd279  test_sha=1c478daddb4a  Ztest_sha=e11f6d94610c
{
  "H_base": 2.453687368234189,
  "H_ib": 2.4930984278299353,
  "H_hash": 4.121796567691001,
  "delta_ib": {
    "mean": 0.039411059595746666,
    "lo95": 0.021479751542113235,
    "hi95": 0.05827384974484155,
    "p_le_0": 0.0
  },
  "delta_hash": {
    "mean": 1.668109199456812,
    "lo95": 1.5513518272966393,
    "hi95": 1.7925382379680308,
    "p_le_0": 0.0
  },
  "k_ctx": 7,
  "ib_clusters": 32,
  "stride": 1,
  "label_mode": "ib",
  "null_label": "C-1",
  "n_clusters": 32,
  "n_gram_order": 3,
  "coverage_train": {
    "full_frac": 0.07219474239982215,
    "backoff_frac": 0.9278052576001778,
    "null_frac": 0.000389040182293114
  },
  "coverage_test": {
    "full_frac": 0.0,
    "backoff_frac": 1.0,
    "null_frac": 0.0035122930255895636
  },
  "control": "block",
  "control_tag": "ctrl-block-2-333"
}
