$ C:\Users\KOMFIG\anaconda3\python.exe -m cli analyze-cond --train C:\omega\omega\corpora\relab\relab_train.txt --holdout C:\omega\omega\corpora\relab\relab_tail.txt --mode words --label-mode ib --control block --control_block 2 --n 4 --k_ctx 5 --ib-clusters 32 --ib-max-contexts 9000 --stride 1 --seed 111 --bootstrap 2000 --alpha 0.05 --out-json C:\omega\omega\runs\rel_aberration\rel_aberration-n4-k5-cl32-ctx9000-s1-sd111-bs2000-a0p05-tblock_B2_shuffle-0124c9806e7f\rel_aberration-n4-k5-cl32-ctx9000-s1-sd111-bs2000-a0p05-tblock_B2_shuffle-0124c9806e7f.json

[control] ctrl-block-2-111  train_sha=10b0ea3e6918  test_sha=5330d0f60139  Ztest_sha=bc7847b6eb28
{
  "H_base": 2.6074314795214337,
  "H_ib": 2.6068562258163785,
  "H_hash": 2.6068606933755523,
  "delta_ib": {
    "mean": -0.0005752537050551441,
    "lo95": -0.0006399606804726424,
    "hi95": -0.0005152951215491207,
    "p_le_0": 1.0
  },
  "delta_hash": {
    "mean": -0.0005707861458813392,
    "lo95": -0.0006388471594224483,
    "hi95": -0.0005014489617581347,
    "p_le_0": 1.0
  },
  "k_ctx": 5,
  "ib_clusters": 32,
  "stride": 1,
  "label_mode": "ib",
  "null_label": "C-1",
  "n_clusters": 32,
  "n_gram_order": 4,
  "coverage_train": {
    "full_frac": 0.7907139402507534,
    "backoff_frac": 0.20928605974924663,
    "null_frac": 3.720376502102013e-05
  },
  "coverage_test": {
    "full_frac": 0.5781751888184739,
    "backoff_frac": 0.42182481118152615,
    "null_frac": 8.681309141418526e-05
  },
  "control": "block",
  "control_tag": "ctrl-block-2-111"
}
