$ C:\Users\KOMFIG\anaconda3\python.exe -m cli analyze-cond --train C:\omega\omega\corpora\cat_N1024\cat_N1024_train.txt --holdout C:\omega\omega\corpora\cat_N1024\cat_N1024_tail.txt --mode words --label-mode ib --control block --control_block 2 --n 3 --k_ctx 5 --ib-clusters 64 --ib-max-contexts 9000 --stride 1 --seed 111 --bootstrap 2000 --alpha 0.05 --out-json C:\omega\omega\runs\arnold_cat\arnold_cat-n3-k5-cl64-ctx9000-s1-sd111-bs2000-a0p05-tblock_B2_shuffle-da81000c4f9d\arnold_cat-n3-k5-cl64-ctx9000-s1-sd111-bs2000-a0p05-tblock_B2_shuffle-da81000c4f9d.json

[hint] IB coverage is very low; consider --k_ctx 3 or --ib-clusters 16, or lower --ib-max-contexts.
[control] ctrl-block-2-111  train_sha=4b80acf150b0  test_sha=48a836168796  Ztest_sha=1cfdee9ab786
{
  "H_base": 5.350822217346962,
  "H_ib": 5.344816852198334,
  "H_hash": 5.014808413178756,
  "delta_ib": {
    "mean": -0.006005365148628189,
    "lo95": -0.010062309951331368,
    "hi95": -0.0027681254882967765,
    "p_le_0": 1.0
  },
  "delta_hash": {
    "mean": -0.3360138041682065,
    "lo95": -0.3696045021062235,
    "hi95": -0.2999161831693165,
    "p_le_0": 1.0
  },
  "k_ctx": 5,
  "ib_clusters": 64,
  "stride": 1,
  "label_mode": "ib",
  "null_label": "C-1",
  "n_clusters": 64,
  "n_gram_order": 3,
  "coverage_train": {
    "full_frac": 0.0855793275909975,
    "backoff_frac": 0.9144206724090025,
    "null_frac": 0.0002778549597110308
  },
  "coverage_test": {
    "full_frac": 0.0,
    "backoff_frac": 1.0,
    "null_frac": 0.002506265664160401
  },
  "control": "block",
  "control_tag": "ctrl-block-2-111"
}
