$ C:\Users\KOMFIG\anaconda3\python.exe -m cli analyze-cond --train C:\omega\omega\corpora\logistic_r39\logistic_r39_train.txt --holdout C:\omega\omega\corpora\logistic_r39\logistic_r39_tail.txt --mode words --label-mode ib --control block --control_block 2 --n 3 --k_ctx 5 --ib-clusters 64 --ib-max-contexts 9000 --stride 1 --seed 333 --bootstrap 2000 --alpha 0.05 --out-json C:\omega\omega\runs\logistic\logistic-n3-k5-cl64-ctx9000-s1-sd333-bs2000-a0p05-tblock_B2_shuffle-c6bc9179f361\logistic-n3-k5-cl64-ctx9000-s1-sd333-bs2000-a0p05-tblock_B2_shuffle-c6bc9179f361.json

[hint] IB coverage is very low; consider --k_ctx 3 or --ib-clusters 16, or lower --ib-max-contexts.
[control] ctrl-block-2-333  train_sha=9946eabb711d  test_sha=ed1ac80cac13  Ztest_sha=a1268c104497
{
  "H_base": 2.9201708943729208,
  "H_ib": 2.947098197597489,
  "H_hash": 3.114293438381937,
  "delta_ib": {
    "mean": 0.026927303224568322,
    "lo95": 0.016335853159308807,
    "hi95": 0.038687318471108276,
    "p_le_0": 0.0
  },
  "delta_hash": {
    "mean": 0.19412254400901618,
    "lo95": 0.15227092112764687,
    "hi95": 0.23701259238948968,
    "p_le_0": 0.0
  },
  "k_ctx": 5,
  "ib_clusters": 64,
  "stride": 1,
  "label_mode": "ib",
  "null_label": "C-1",
  "n_clusters": 64,
  "n_gram_order": 3,
  "coverage_train": {
    "full_frac": 0.12770213948318979,
    "backoff_frac": 0.8722978605168102,
    "null_frac": 0.0002778549597110308
  },
  "coverage_test": {
    "full_frac": 0.011027568922305764,
    "backoff_frac": 0.9889724310776943,
    "null_frac": 0.002506265664160401
  },
  "control": "block",
  "control_tag": "ctrl-block-2-333"
}
