$ C:\Users\KOMFIG\anaconda3\python.exe -m cli analyze-cond --train C:\omega\omega\corpora\relab\relab_train.txt --holdout C:\omega\omega\corpora\relab\relab_tail.txt --mode words --label-mode ib --n 4 --k_ctx 5 --ib-clusters 32 --ib-max-contexts 9000 --stride 2 --seed 333 --bootstrap 2000 --alpha 0.05 --out-json C:\omega\omega\runs\rel_aberration\rel_aberration-n4-k5-cl32-ctx9000-s2-sd333-bs2000-a0p05-2f69c0322b71\rel_aberration-n4-k5-cl32-ctx9000-s2-sd333-bs2000-a0p05-2f69c0322b71.json

50/2000 100/2000 150/2000 200/2000 250/2000 300/2000 350/2000 400/2000 450/2000 500/2000 550/2000 600/2000 650/2000 700/2000 750/2000 800/2000 850/2000 900/2000 950/2000 1000/2000 1050/2000 1100/2000 1150/2000 1200/2000 1250/2000 1300/2000 1350/2000 1400/2000 1450/2000 1500/2000 1550/2000 1600/2000 1650/2000 1700/2000 1750/2000 1800/2000 1850/2000 1900/2000 1950/2000 2000/2000 50/2000 100/2000 150/2000 200/2000 250/2000 300/2000 350/2000 400/2000 450/2000 500/2000 550/2000 600/2000 650/2000 700/2000 750/2000 800/2000 850/2000 900/2000 950/2000 1000/2000 1050/2000 1100/2000 1150/2000 1200/2000 1250/2000 1300/2000 1350/2000 1400/2000 1450/2000 1500/2000 1550/2000 1600/2000 1650/2000 1700/2000 1750/2000 1800/2000 1850/2000 1900/2000 1950/2000 2000/2000 {
  "H_base": 0.658829797563314,
  "H_ib": 0.7009342801017953,
  "H_hash": 2.668431033361306,
  "delta_ib": {
    "mean": 0.04210448253848127,
    "lo95": 0.04001529480937335,
    "hi95": 0.04410392159358088,
    "p_le_0": 0.0
  },
  "delta_hash": {
    "mean": 2.009601235797992,
    "lo95": 2.001275421143937,
    "hi95": 2.0174598172886165,
    "p_le_0": 0.0
  },
  "k_ctx": 5,
  "ib_clusters": 32,
  "stride": 2,
  "label_mode": "ib",
  "null_label": "C-1",
  "n_clusters": 32,
  "n_gram_order": 4,
  "coverage_train": {
    "full_frac": 0.9032627701923435,
    "backoff_frac": 0.09673722980765653,
    "null_frac": 3.720376502102013e-05
  },
  "coverage_test": {
    "full_frac": 0.8784616720201406,
    "backoff_frac": 0.12153832797985936,
    "null_frac": 8.681309141418526e-05
  },
  "notes": "Bits/token. delta<0 means conditional helps. Hash control preserves label histogram."
}

[omega] summary (first variant):
  tag=true  d_I_pred-=-0.042104  d_hash-=-2.009601  SCR_lzma-=--2.105e-04  energy=200
