$ C:\Users\KOMFIG\anaconda3\python.exe -m cli analyze-cond --train C:\omega\omega\corpora\relab\relab_train.txt --holdout C:\omega\omega\corpora\relab\relab_tail.txt --mode words --label-mode ib --control global --n 4 --k_ctx 7 --ib-clusters 64 --ib-max-contexts 9000 --stride 2 --seed 333 --bootstrap 2000 --alpha 0.05 --out-json C:\omega\omega\runs\rel_aberration\rel_aberration-n4-k7-cl64-ctx9000-s2-sd333-bs2000-a0p05-tGLOBAL_shuffle-8eb74188fffa\rel_aberration-n4-k7-cl64-ctx9000-s2-sd333-bs2000-a0p05-tGLOBAL_shuffle-8eb74188fffa.json

[hint] IB coverage is very low; consider --k_ctx 3 or --ib-clusters 16, or lower --ib-max-contexts.
[control] ctrl-global-333  train_sha=e57f68d7ec48  test_sha=5330d0f60139  Ztest_sha=e89bc3ab2773
{
  "H_base": 3.7509649830559657,
  "H_ib": 3.7963693354407826,
  "H_hash": 3.1055127756226653,
  "delta_ib": {
    "mean": 0.045404352384816625,
    "lo95": 0.0406558577613386,
    "hi95": 0.05017180938522237,
    "p_le_0": 0.0
  },
  "delta_hash": {
    "mean": -0.6454522074333007,
    "lo95": -0.6920241227470105,
    "hi95": -0.5991589348012567,
    "p_le_0": 1.0
  },
  "k_ctx": 7,
  "ib_clusters": 64,
  "stride": 2,
  "label_mode": "ib",
  "null_label": "C-1",
  "n_clusters": 64,
  "n_gram_order": 4,
  "coverage_train": {
    "full_frac": 0.02402654900180813,
    "backoff_frac": 0.9759734509981919,
    "null_frac": 5.2086046148236886e-05
  },
  "coverage_test": {
    "full_frac": 0.0,
    "backoff_frac": 1.0,
    "null_frac": 0.00012154254857361138
  },
  "control": "global",
  "control_tag": "ctrl-global-333"
}
