$ C:\Users\KOMFIG\anaconda3\python.exe -m cli analyze-cond --train C:\omega\omega\corpora\cat_N1024\cat_N1024_train.txt --holdout C:\omega\omega\corpora\cat_N1024\cat_N1024_tail.txt --mode words --label-mode ib --n 4 --k_ctx 7 --ib-clusters 32 --ib-max-contexts 9000 --stride 2 --seed 111 --bootstrap 2000 --alpha 0.05 --out-json C:\omega\omega\runs\arnold_cat\arnold_cat-n4-k7-cl32-ctx9000-s2-sd111-bs2000-a0p05-af9575bf1039\arnold_cat-n4-k7-cl32-ctx9000-s2-sd111-bs2000-a0p05-af9575bf1039.json

50/2000 100/2000 150/2000 200/2000 250/2000 300/2000 350/2000 400/2000 450/2000 500/2000 550/2000 600/2000 650/2000 700/2000 750/2000 800/2000 850/2000 900/2000 950/2000 1000/2000 1050/2000 1100/2000 1150/2000 1200/2000 1250/2000 1300/2000 1350/2000 1400/2000 1450/2000 1500/2000 1550/2000 1600/2000 1650/2000 1700/2000 1750/2000 1800/2000 1850/2000 1900/2000 1950/2000 2000/2000 50/2000 100/2000 150/2000 200/2000 250/2000 300/2000 350/2000 400/2000 450/2000 500/2000 550/2000 600/2000 650/2000 700/2000 750/2000 800/2000 850/2000 900/2000 950/2000 1000/2000 1050/2000 1100/2000 1150/2000 1200/2000 1250/2000 1300/2000 1350/2000 1400/2000 1450/2000 1500/2000 1550/2000 1600/2000 1650/2000 1700/2000 1750/2000 1800/2000 1850/2000 1900/2000 1950/2000 2000/2000 {
  "H_base": 0.14836178701265826,
  "H_ib": 0.15346612284328776,
  "H_hash": 4.837099695318702,
  "delta_ib": {
    "mean": 0.0051043358306295155,
    "lo95": -0.003758044703342719,
    "hi95": 0.01982266113589981,
    "p_le_0": 0.353
  },
  "delta_hash": {
    "mean": 4.688737908306044,
    "lo95": 4.64663574034493,
    "hi95": 4.729574642111207,
    "p_le_0": 0.0
  },
  "k_ctx": 7,
  "ib_clusters": 32,
  "stride": 2,
  "label_mode": "ib",
  "null_label": "C-1",
  "n_clusters": 32,
  "n_gram_order": 4,
  "coverage_train": {
    "full_frac": 0.5013060634691269,
    "backoff_frac": 0.4986939365308731,
    "null_frac": 0.000389040182293114
  },
  "coverage_test": {
    "full_frac": 0.5017561465127948,
    "backoff_frac": 0.49824385348720523,
    "null_frac": 0.0035122930255895636
  },
  "notes": "Bits/token. delta<0 means conditional helps. Hash control preserves label histogram."
}

[omega] summary (first variant):
  tag=true  d_I_pred-=-0.005104  d_hash-=-4.688738  SCR_lzma-=--5.881e-06  energy=868
