$ C:\Users\KOMFIG\anaconda3\python.exe -m cli analyze-cond --train C:\omega\omega\corpora\ising2d_T2269_L64\ising2d_T2269_L64_train.txt --holdout C:\omega\omega\corpora\ising2d_T2269_L64\ising2d_T2269_L64_tail.txt --mode words --label-mode ib --n 4 --k_ctx 7 --ib-clusters 64 --ib-max-contexts 6000 --stride 1 --seed 111 --bootstrap 2000 --alpha 0.05 --out-json C:\omega\omega\runs\ising2d_fixed\ising2d_fixed-n4-k7-cl64-ctx6000-s1-sd111-bs2000-a0p05-c92f8f16af34\ising2d_fixed-n4-k7-cl64-ctx6000-s1-sd111-bs2000-a0p05-c92f8f16af34.json

50/2000 100/2000 150/2000 200/2000 250/2000 300/2000 350/2000 400/2000 450/2000 500/2000 550/2000 600/2000 650/2000 700/2000 750/2000 800/2000 850/2000 900/2000 950/2000 1000/2000 1050/2000 1100/2000 1150/2000 1200/2000 1250/2000 1300/2000 1350/2000 1400/2000 1450/2000 1500/2000 1550/2000 1600/2000 1650/2000 1700/2000 1750/2000 1800/2000 1850/2000 1900/2000 1950/2000 2000/2000 50/2000 100/2000 150/2000 200/2000 250/2000 300/2000 350/2000 400/2000 450/2000 500/2000 550/2000 600/2000 650/2000 700/2000 750/2000 800/2000 850/2000 900/2000 950/2000 1000/2000 1050/2000 1100/2000 1150/2000 1200/2000 1250/2000 1300/2000 1350/2000 1400/2000 1450/2000 1500/2000 1550/2000 1600/2000 1650/2000 1700/2000 1750/2000 1800/2000 1850/2000 1900/2000 1950/2000 2000/2000 {
  "H_base": 2.167839564262961,
  "H_ib": 2.176007470316455,
  "H_hash": 3.124747766772794,
  "delta_ib": {
    "mean": 0.008167906053493858,
    "lo95": 0.0006320264260445066,
    "hi95": 0.017118545407510295,
    "p_le_0": 0.016
  },
  "delta_hash": {
    "mean": 0.9569082025098327,
    "lo95": 0.7838889580500377,
    "hi95": 1.1311868309679303,
    "p_le_0": 0.0
  },
  "k_ctx": 7,
  "ib_clusters": 64,
  "stride": 1,
  "label_mode": "ib",
  "null_label": "C-1",
  "n_clusters": 64,
  "n_gram_order": 4,
  "coverage_train": {
    "full_frac": 0.27594064358361586,
    "backoff_frac": 0.7240593564163842,
    "null_frac": 0.000389040182293114
  },
  "coverage_test": {
    "full_frac": 0.5464124435524336,
    "backoff_frac": 0.4535875564475665,
    "null_frac": 0.0035122930255895636
  },
  "notes": "Bits/token. delta<0 means conditional helps. Hash control preserves label histogram."
}

[omega] summary (first variant):
  tag=true  d_I_pred-=-0.008168  d_hash-=-0.956908  SCR_lzma-=--8.764e-06  energy=932
