$ C:\Users\KOMFIG\anaconda3\python.exe -m cli analyze-cond --train C:\omega\omega\corpora\ising2d_T2269_L64\ising2d_T2269_L64_train.txt --holdout C:\omega\omega\corpora\ising2d_T2269_L64\ising2d_T2269_L64_tail.txt --mode words --label-mode ib --n 3 --k_ctx 7 --ib-clusters 64 --ib-max-contexts 6000 --stride 2 --seed 333 --bootstrap 2000 --alpha 0.05 --out-json C:\omega\omega\runs\ising2d_fixed\ising2d_fixed-n3-k7-cl64-ctx6000-s2-sd333-bs2000-a0p05-900227409a7e\ising2d_fixed-n3-k7-cl64-ctx6000-s2-sd333-bs2000-a0p05-900227409a7e.json

50/2000 100/2000 150/2000 200/2000 250/2000 300/2000 350/2000 400/2000 450/2000 500/2000 550/2000 600/2000 650/2000 700/2000 750/2000 800/2000 850/2000 900/2000 950/2000 1000/2000 1050/2000 1100/2000 1150/2000 1200/2000 1250/2000 1300/2000 1350/2000 1400/2000 1450/2000 1500/2000 1550/2000 1600/2000 1650/2000 1700/2000 1750/2000 1800/2000 1850/2000 1900/2000 1950/2000 2000/2000 50/2000 100/2000 150/2000 200/2000 250/2000 300/2000 350/2000 400/2000 450/2000 500/2000 550/2000 600/2000 650/2000 700/2000 750/2000 800/2000 850/2000 900/2000 950/2000 1000/2000 1050/2000 1100/2000 1150/2000 1200/2000 1250/2000 1300/2000 1350/2000 1400/2000 1450/2000 1500/2000 1550/2000 1600/2000 1650/2000 1700/2000 1750/2000 1800/2000 1850/2000 1900/2000 1950/2000 2000/2000 {
  "H_base": 1.817148589610931,
  "H_ib": 1.8540861065766452,
  "H_hash": 3.3056704175624554,
  "delta_ib": {
    "mean": 0.036937516965714186,
    "lo95": 0.010399795221873363,
    "hi95": 0.06725383123029426,
    "p_le_0": 0.0
  },
  "delta_hash": {
    "mean": 1.4885218279515242,
    "lo95": 1.3550364797825107,
    "hi95": 1.6232084512209326,
    "p_le_0": 0.0
  },
  "k_ctx": 7,
  "ib_clusters": 64,
  "stride": 2,
  "label_mode": "ib",
  "null_label": "C-1",
  "n_clusters": 64,
  "n_gram_order": 3,
  "coverage_train": {
    "full_frac": 0.249208025343189,
    "backoff_frac": 0.750791974656811,
    "null_frac": 0.000389040182293114
  },
  "coverage_test": {
    "full_frac": 0.5032614149523331,
    "backoff_frac": 0.4967385850476668,
    "null_frac": 0.0035122930255895636
  },
  "notes": "Bits/token. delta<0 means conditional helps. Hash control preserves label histogram."
}

[omega] summary (first variant):
  tag=true  d_I_pred-=-0.036938  d_hash-=-1.488522  SCR_lzma-=--3.963e-05  energy=932
