$ C:\Users\KOMFIG\anaconda3\python.exe -m cli analyze-cond --train C:\omega\omega\corpora\cat_N1024\cat_N1024_train.txt --holdout C:\omega\omega\corpora\cat_N1024\cat_N1024_tail.txt --mode words --label-mode ib --control global --n 3 --k_ctx 7 --ib-clusters 32 --ib-max-contexts 9000 --stride 1 --seed 111 --bootstrap 2000 --alpha 0.05 --out-json C:\omega\omega\runs\arnold_cat\arnold_cat-n3-k7-cl32-ctx9000-s1-sd111-bs2000-a0p05-tGLOBAL_shuffle-8e866ce8ae0d\arnold_cat-n3-k7-cl32-ctx9000-s1-sd111-bs2000-a0p05-tGLOBAL_shuffle-8e866ce8ae0d.json

[hint] IB coverage is very low; consider --k_ctx 3 or --ib-clusters 16, or lower --ib-max-contexts.
[control] ctrl-global-111  train_sha=c3f6f65ee1ac  test_sha=48a836168796  Ztest_sha=40444f1cc1cc
{
  "H_base": 5.292518302626343,
  "H_ib": 5.291402884693699,
  "H_hash": 5.011330089121299,
  "delta_ib": {
    "mean": -0.0011154179326432075,
    "lo95": -0.002516668480191975,
    "hi95": -0.00017681847730735046,
    "p_le_0": 1.0
  },
  "delta_hash": {
    "mean": -0.2811882135050439,
    "lo95": -0.30326716350183897,
    "hi95": -0.25959027860831957,
    "p_le_0": 1.0
  },
  "k_ctx": 7,
  "ib_clusters": 32,
  "stride": 1,
  "label_mode": "ib",
  "null_label": "C-1",
  "n_clusters": 32,
  "n_gram_order": 3,
  "coverage_train": {
    "full_frac": 0.06980492413716445,
    "backoff_frac": 0.9301950758628356,
    "null_frac": 0.000389040182293114
  },
  "coverage_test": {
    "full_frac": 0.0,
    "backoff_frac": 1.0,
    "null_frac": 0.0035122930255895636
  },
  "control": "global",
  "control_tag": "ctrl-global-111"
}
