$ C:\Users\KOMFIG\anaconda3\python.exe -m cli analyze-cond --train C:\omega\omega\corpora\logistic_r39\logistic_r39_train.txt --holdout C:\omega\omega\corpora\logistic_r39\logistic_r39_tail.txt --mode words --label-mode ib --control block --control_block 2 --n 4 --k_ctx 5 --ib-clusters 32 --ib-max-contexts 6000 --stride 1 --seed 111 --bootstrap 2000 --alpha 0.05 --out-json C:\omega\omega\runs\logistic\logistic-n4-k5-cl32-ctx6000-s1-sd111-bs2000-a0p05-tblock_B2_shuffle-54a6da125689\logistic-n4-k5-cl32-ctx6000-s1-sd111-bs2000-a0p05-tblock_B2_shuffle-54a6da125689.json

[hint] IB coverage is very low; consider --k_ctx 3 or --ib-clusters 16, or lower --ib-max-contexts.
[control] ctrl-block-2-111  train_sha=5afda54a4226  test_sha=ed1ac80cac13  Ztest_sha=9bf7e211747e
{
  "H_base": 5.453434201600999,
  "H_ib": 5.452386504715286,
  "H_hash": 5.426027599251729,
  "delta_ib": {
    "mean": -0.001047696885712592,
    "lo95": -0.0027142167956116475,
    "hi95": -7.147897692102134e-05,
    "p_le_0": 1.0
  },
  "delta_hash": {
    "mean": -0.027406602349270084,
    "lo95": -0.04834082033269553,
    "hi95": -0.00661769804961945,
    "p_le_0": 0.996
  },
  "k_ctx": 5,
  "ib_clusters": 32,
  "stride": 1,
  "label_mode": "ib",
  "null_label": "C-1",
  "n_clusters": 32,
  "n_gram_order": 4,
  "coverage_train": {
    "full_frac": 0.10836343428730202,
    "backoff_frac": 0.891636565712698,
    "null_frac": 0.0002778549597110308
  },
  "coverage_test": {
    "full_frac": 0.015037593984962405,
    "backoff_frac": 0.9849624060150376,
    "null_frac": 0.002506265664160401
  },
  "control": "block",
  "control_tag": "ctrl-block-2-111"
}
