$ C:\Users\KOMFIG\anaconda3\python.exe -m cli analyze-cond --train C:\omega\omega\corpora\cat_N1024\cat_N1024_train.txt --holdout C:\omega\omega\corpora\cat_N1024\cat_N1024_tail.txt --mode words --label-mode ib --control block --control_block 2 --n 3 --k_ctx 7 --ib-clusters 64 --ib-max-contexts 9000 --stride 1 --seed 111 --bootstrap 2000 --alpha 0.05 --out-json C:\omega\omega\runs\arnold_cat\arnold_cat-n3-k7-cl64-ctx9000-s1-sd111-bs2000-a0p05-tblock_B2_shuffle-ecb18d64ca3d\arnold_cat-n3-k7-cl64-ctx9000-s1-sd111-bs2000-a0p05-tblock_B2_shuffle-ecb18d64ca3d.json

[hint] IB coverage is very low; consider --k_ctx 3 or --ib-clusters 16, or lower --ib-max-contexts.
[control] ctrl-block-2-111  train_sha=4b80acf150b0  test_sha=48a836168796  Ztest_sha=12e6b2ea29e8
{
  "H_base": 5.350822217346962,
  "H_ib": 5.344466632339263,
  "H_hash": 5.017585872454911,
  "delta_ib": {
    "mean": -0.006355585007698735,
    "lo95": -0.010885061077980705,
    "hi95": -0.002887019801260867,
    "p_le_0": 1.0
  },
  "delta_hash": {
    "mean": -0.3332363448920501,
    "lo95": -0.3673727197768097,
    "hi95": -0.2974444923243845,
    "p_le_0": 1.0
  },
  "k_ctx": 7,
  "ib_clusters": 64,
  "stride": 1,
  "label_mode": "ib",
  "null_label": "C-1",
  "n_clusters": 64,
  "n_gram_order": 3,
  "coverage_train": {
    "full_frac": 0.08403267937531263,
    "backoff_frac": 0.9159673206246873,
    "null_frac": 0.000389040182293114
  },
  "coverage_test": {
    "full_frac": 0.0,
    "backoff_frac": 1.0,
    "null_frac": 0.0035122930255895636
  },
  "control": "block",
  "control_tag": "ctrl-block-2-111"
}
