$ C:\Users\KOMFIG\anaconda3\python.exe -m cli analyze-cond --train C:\omega\omega\corpora\cat_N1024\cat_N1024_train.txt --holdout C:\omega\omega\corpora\cat_N1024\cat_N1024_tail.txt --mode words --label-mode ib --control global --n 3 --k_ctx 7 --ib-clusters 64 --ib-max-contexts 6000 --stride 1 --seed 111 --bootstrap 2000 --alpha 0.05 --out-json C:\omega\omega\runs\arnold_cat\arnold_cat-n3-k7-cl64-ctx6000-s1-sd111-bs2000-a0p05-tGLOBAL_shuffle-abb96169aa0f\arnold_cat-n3-k7-cl64-ctx6000-s1-sd111-bs2000-a0p05-tGLOBAL_shuffle-abb96169aa0f.json

[hint] IB coverage is very low; consider --k_ctx 3 or --ib-clusters 16, or lower --ib-max-contexts.
[control] ctrl-global-111  train_sha=c3f6f65ee1ac  test_sha=48a836168796  Ztest_sha=2c069f6ff869
{
  "H_base": 5.292518302626343,
  "H_ib": 5.291402884693699,
  "H_hash": 5.009344247184296,
  "delta_ib": {
    "mean": -0.0011154179326432075,
    "lo95": -0.002516668480191975,
    "hi95": -0.00017681847730735046,
    "p_le_0": 1.0
  },
  "delta_hash": {
    "mean": -0.2831740554420472,
    "lo95": -0.305001042232282,
    "hi95": -0.2612259006862524,
    "p_le_0": 1.0
  },
  "k_ctx": 7,
  "ib_clusters": 64,
  "stride": 1,
  "label_mode": "ib",
  "null_label": "C-1",
  "n_clusters": 64,
  "n_gram_order": 3,
  "coverage_train": {
    "full_frac": 0.08403267937531263,
    "backoff_frac": 0.9159673206246873,
    "null_frac": 0.000389040182293114
  },
  "coverage_test": {
    "full_frac": 0.0,
    "backoff_frac": 1.0,
    "null_frac": 0.0035122930255895636
  },
  "control": "global",
  "control_tag": "ctrl-global-111"
}
