$ C:\Users\KOMFIG\anaconda3\python.exe -m cli analyze-cond --train C:\omega\omega\corpora\ham\ham_train.txt --holdout C:\omega\omega\corpora\ham\ham_tail.txt --mode words --label-mode ib --control block --control_block 2 --n 3 --k_ctx 7 --ib-clusters 64 --ib-max-contexts 9000 --stride 1 --seed 333 --bootstrap 2000 --alpha 0.05 --out-json C:\omega\omega\runs\hamiltonian\hamiltonian-n3-k7-cl64-ctx9000-s1-sd333-bs2000-a0p05-tblock_B2_shuffle-9175d794a213\hamiltonian-n3-k7-cl64-ctx9000-s1-sd333-bs2000-a0p05-tblock_B2_shuffle-9175d794a213.json

[hint] IB coverage is very low; consider --k_ctx 3 or --ib-clusters 16, or lower --ib-max-contexts.
[control] ctrl-block-2-333  train_sha=b40a9398d7c3  test_sha=e010ee54e0ab  Ztest_sha=232e82be9707
{
  "H_base": 1.510751789693792,
  "H_ib": 1.5681544176318585,
  "H_hash": 4.695737376752289,
  "delta_ib": {
    "mean": 0.05740262793806624,
    "lo95": 0.012162809434977183,
    "hi95": 0.11273189338520309,
    "p_le_0": 0.0035
  },
  "delta_hash": {
    "mean": 3.1849855870584975,
    "lo95": 3.1075450891370124,
    "hi95": 3.264220798434565,
    "p_le_0": 0.0
  },
  "k_ctx": 7,
  "ib_clusters": 64,
  "stride": 1,
  "label_mode": "ib",
  "null_label": "C-1",
  "n_clusters": 64,
  "n_gram_order": 3,
  "coverage_train": {
    "full_frac": 0.08831212138053687,
    "backoff_frac": 0.9116878786194631,
    "null_frac": 0.000389040182293114
  },
  "coverage_test": {
    "full_frac": 0.002007024586051179,
    "backoff_frac": 0.9979929754139488,
    "null_frac": 0.0035122930255895636
  },
  "control": "block",
  "control_tag": "ctrl-block-2-333"
}
