$ C:\Users\KOMFIG\anaconda3\python.exe -m cli analyze-cond --train C:\omega\omega\corpora\lorenz_sigma10_rho28\lorenz_sigma10_rho28_train.txt --holdout C:\omega\omega\corpora\lorenz_sigma10_rho28\lorenz_sigma10_rho28_tail.txt --mode words --label-mode ib --control block --control_block 2 --n 3 --k_ctx 7 --ib-clusters 32 --ib-max-contexts 6000 --stride 1 --seed 111 --bootstrap 2000 --alpha 0.05 --out-json C:\omega\omega\runs\lorenz63\lorenz63-n3-k7-cl32-ctx6000-s1-sd111-bs2000-a0p05-tblock_B2_shuffle-24192197c28a\lorenz63-n3-k7-cl32-ctx6000-s1-sd111-bs2000-a0p05-tblock_B2_shuffle-24192197c28a.json

[hint] IB coverage is very low; consider --k_ctx 3 or --ib-clusters 16, or lower --ib-max-contexts.
[control] ctrl-block-2-111  train_sha=4aaef41c9870  test_sha=1c478daddb4a  Ztest_sha=a4c1be7c0998
{
  "H_base": 2.5699526488454447,
  "H_ib": 2.600626796128649,
  "H_hash": 4.533014148431465,
  "delta_ib": {
    "mean": 0.030674147283204122,
    "lo95": 0.008019328131372462,
    "hi95": 0.05495288647092714,
    "p_le_0": 0.003
  },
  "delta_hash": {
    "mean": 1.9630614995860203,
    "lo95": 1.8368700054363925,
    "hi95": 2.1041919885360407,
    "p_le_0": 0.0
  },
  "k_ctx": 7,
  "ib_clusters": 32,
  "stride": 1,
  "label_mode": "ib",
  "null_label": "C-1",
  "n_clusters": 32,
  "n_gram_order": 3,
  "coverage_train": {
    "full_frac": 0.07113877619074084,
    "backoff_frac": 0.9288612238092592,
    "null_frac": 0.000389040182293114
  },
  "coverage_test": {
    "full_frac": 0.0,
    "backoff_frac": 1.0,
    "null_frac": 0.0035122930255895636
  },
  "control": "block",
  "control_tag": "ctrl-block-2-111"
}
