$ C:\Users\KOMFIG\anaconda3\python.exe -m cli analyze-cond --train C:\omega\omega\corpora\stdmap\stdmap_train.txt --holdout C:\omega\omega\corpora\stdmap\stdmap_tail.txt --mode words --label-mode ib --n 3 --k_ctx 5 --ib-clusters 32 --ib-max-contexts 9000 --stride 1 --seed 333 --bootstrap 2000 --alpha 0.05 --out-json C:\omega\omega\runs\standard_map\standard_map-n3-k5-cl32-ctx9000-s1-sd333-bs2000-a0p05-8fdf6d0026f6\standard_map-n3-k5-cl32-ctx9000-s1-sd333-bs2000-a0p05-8fdf6d0026f6.json

50/2000 100/2000 150/2000 200/2000 250/2000 300/2000 350/2000 400/2000 450/2000 500/2000 550/2000 600/2000 650/2000 700/2000 750/2000 800/2000 850/2000 900/2000 950/2000 1000/2000 1050/2000 1100/2000 1150/2000 1200/2000 1250/2000 1300/2000 1350/2000 1400/2000 1450/2000 1500/2000 1550/2000 1600/2000 1650/2000 1700/2000 1750/2000 1800/2000 1850/2000 1900/2000 1950/2000 2000/2000 50/2000 100/2000 150/2000 200/2000 250/2000 300/2000 350/2000 400/2000 450/2000 500/2000 550/2000 600/2000 650/2000 700/2000 750/2000 800/2000 850/2000 900/2000 950/2000 1000/2000 1050/2000 1100/2000 1150/2000 1200/2000 1250/2000 1300/2000 1350/2000 1400/2000 1450/2000 1500/2000 1550/2000 1600/2000 1650/2000 1700/2000 1750/2000 1800/2000 1850/2000 1900/2000 1950/2000 2000/2000 {
  "H_base": 1.841926414935292,
  "H_ib": 1.835295518295441,
  "H_hash": 1.8876574868954934,
  "delta_ib": {
    "mean": -0.006630896639851236,
    "lo95": -0.008736799613007926,
    "hi95": -0.004688104311969831,
    "p_le_0": 1.0
  },
  "delta_hash": {
    "mean": 0.04573107196020136,
    "lo95": 0.0427917233845274,
    "hi95": 0.04869156768997402,
    "p_le_0": 0.0
  },
  "k_ctx": 5,
  "ib_clusters": 32,
  "stride": 1,
  "label_mode": "ib",
  "null_label": "C-1",
  "n_clusters": 32,
  "n_gram_order": 3,
  "coverage_train": {
    "full_frac": 0.9988380675730375,
    "backoff_frac": 0.0011619324269625468,
    "null_frac": 2.381009071644563e-05
  },
  "coverage_test": {
    "full_frac": 0.9550308350463914,
    "backoff_frac": 0.04496916495360853,
    "null_frac": 5.555864214678593e-05
  },
  "notes": "Bits/token. delta<0 means conditional helps. Hash control preserves label histogram."
}

[omega] summary (first variant):
  tag=true  d_I_pred-=--0.006631  d_hash-=-0.045731  SCR_lzma-=-2.957e-07  energy=22424
