$ C:\Users\KOMFIG\anaconda3\python.exe -m cli analyze-cond --train C:\omega\omega\corpora\cat_N1024\cat_N1024_train.txt --holdout C:\omega\omega\corpora\cat_N1024\cat_N1024_tail.txt --mode words --label-mode ib --control block --control_block 2 --n 3 --k_ctx 7 --ib-clusters 32 --ib-max-contexts 6000 --stride 1 --seed 333 --bootstrap 2000 --alpha 0.05 --out-json C:\omega\omega\runs\arnold_cat\arnold_cat-n3-k7-cl32-ctx6000-s1-sd333-bs2000-a0p05-tblock_B2_shuffle-edf245de4978\arnold_cat-n3-k7-cl32-ctx6000-s1-sd333-bs2000-a0p05-tblock_B2_shuffle-edf245de4978.json

[hint] IB coverage is very low; consider --k_ctx 3 or --ib-clusters 16, or lower --ib-max-contexts.
[control] ctrl-block-2-333  train_sha=439d06aec476  test_sha=48a836168796  Ztest_sha=f3a8afe8992b
{
  "H_base": 5.329132934303331,
  "H_ib": 5.32760547136861,
  "H_hash": 5.010684858562543,
  "delta_ib": {
    "mean": -0.0015274629347209428,
    "lo95": -0.003464937020314918,
    "hi95": 0.0003223768962618214,
    "p_le_0": 0.9485
  },
  "delta_hash": {
    "mean": -0.3184480757407875,
    "lo95": -0.3622376204056752,
    "hi95": -0.278208001697608,
    "p_le_0": 1.0
  },
  "k_ctx": 7,
  "ib_clusters": 32,
  "stride": 1,
  "label_mode": "ib",
  "null_label": "C-1",
  "n_clusters": 32,
  "n_gram_order": 3,
  "coverage_train": {
    "full_frac": 0.06980492413716445,
    "backoff_frac": 0.9301950758628356,
    "null_frac": 0.000389040182293114
  },
  "coverage_test": {
    "full_frac": 0.0,
    "backoff_frac": 1.0,
    "null_frac": 0.0035122930255895636
  },
  "control": "block",
  "control_tag": "ctrl-block-2-333"
}
