$ C:\Users\KOMFIG\anaconda3\python.exe -m cli analyze-cond --train C:\omega\omega\corpora\ising2d_T2269_L64\ising2d_T2269_L64_train.txt --holdout C:\omega\omega\corpora\ising2d_T2269_L64\ising2d_T2269_L64_tail.txt --mode words --label-mode ib --n 4 --k_ctx 5 --ib-clusters 64 --ib-max-contexts 6000 --stride 1 --seed 111 --bootstrap 2000 --alpha 0.05 --out-json C:\omega\omega\runs\ising2d_fixed\ising2d_fixed-n4-k5-cl64-ctx6000-s1-sd111-bs2000-a0p05-690b0b8c1682\ising2d_fixed-n4-k5-cl64-ctx6000-s1-sd111-bs2000-a0p05-690b0b8c1682.json

50/2000 100/2000 150/2000 200/2000 250/2000 300/2000 350/2000 400/2000 450/2000 500/2000 550/2000 600/2000 650/2000 700/2000 750/2000 800/2000 850/2000 900/2000 950/2000 1000/2000 1050/2000 1100/2000 1150/2000 1200/2000 1250/2000 1300/2000 1350/2000 1400/2000 1450/2000 1500/2000 1550/2000 1600/2000 1650/2000 1700/2000 1750/2000 1800/2000 1850/2000 1900/2000 1950/2000 2000/2000 50/2000 100/2000 150/2000 200/2000 250/2000 300/2000 350/2000 400/2000 450/2000 500/2000 550/2000 600/2000 650/2000 700/2000 750/2000 800/2000 850/2000 900/2000 950/2000 1000/2000 1050/2000 1100/2000 1150/2000 1200/2000 1250/2000 1300/2000 1350/2000 1400/2000 1450/2000 1500/2000 1550/2000 1600/2000 1650/2000 1700/2000 1750/2000 1800/2000 1850/2000 1900/2000 1950/2000 2000/2000 {
  "H_base": 2.167839564262961,
  "H_ib": 2.1666651131546426,
  "H_hash": 2.9170803756133026,
  "delta_ib": {
    "mean": -0.0011744511083184874,
    "lo95": -0.006362070665172384,
    "hi95": 0.004196408186002133,
    "p_le_0": 0.7045
  },
  "delta_hash": {
    "mean": 0.7492408113503414,
    "lo95": 0.6037461563433684,
    "hi95": 0.9058519608667123,
    "p_le_0": 0.0
  },
  "k_ctx": 5,
  "ib_clusters": 64,
  "stride": 1,
  "label_mode": "ib",
  "null_label": "C-1",
  "n_clusters": 64,
  "n_gram_order": 4,
  "coverage_train": {
    "full_frac": 0.45162545151430955,
    "backoff_frac": 0.5483745484856904,
    "null_frac": 0.0002778549597110308
  },
  "coverage_test": {
    "full_frac": 0.6756892230576441,
    "backoff_frac": 0.3243107769423559,
    "null_frac": 0.002506265664160401
  },
  "notes": "Bits/token. delta<0 means conditional helps. Hash control preserves label histogram."
}

[omega] summary (first variant):
  tag=true  d_I_pred-=--0.001174  d_hash-=-0.749241  SCR_lzma-=-1.260e-06  energy=932
