$ C:\Users\KOMFIG\anaconda3\python.exe -m cli analyze-cond --train C:\omega\omega\corpora\stdmap\stdmap_train.txt --holdout C:\omega\omega\corpora\stdmap\stdmap_tail.txt --mode words --label-mode ib --control block --control_block 2 --n 4 --k_ctx 5 --ib-clusters 64 --ib-max-contexts 6000 --stride 2 --seed 111 --bootstrap 2000 --alpha 0.05 --out-json C:\omega\omega\runs\standard_map\standard_map-n4-k5-cl64-ctx6000-s2-sd111-bs2000-a0p05-tblock_B2_shuffle-fd00f268f2d8\standard_map-n4-k5-cl64-ctx6000-s2-sd111-bs2000-a0p05-tblock_B2_shuffle-fd00f268f2d8.json

[hint] IB coverage is very low; consider --k_ctx 3 or --ib-clusters 16, or lower --ib-max-contexts.
[control] ctrl-block-2-111  train_sha=9eaba193e45c  test_sha=bb8dce25a134  Ztest_sha=ae749c073466
{
  "H_base": 3.9872474191349685,
  "H_ib": 4.00476144748332,
  "H_hash": 4.005836291667174,
  "delta_ib": {
    "mean": 0.017514028348351467,
    "lo95": 0.015414299224033307,
    "hi95": 0.01965481100596148,
    "p_le_0": 0.0
  },
  "delta_hash": {
    "mean": 0.018588872532205453,
    "lo95": 0.016105578931403464,
    "hi95": 0.021059004696403857,
    "p_le_0": 0.0
  },
  "k_ctx": 5,
  "ib_clusters": 64,
  "stride": 2,
  "label_mode": "ib",
  "null_label": "C-1",
  "n_clusters": 64,
  "n_gram_order": 4,
  "coverage_train": {
    "full_frac": 0.2950070239767614,
    "backoff_frac": 0.7049929760232386,
    "null_frac": 2.381009071644563e-05
  },
  "coverage_test": {
    "full_frac": 0.03353519639979999,
    "backoff_frac": 0.9664648036002,
    "null_frac": 5.555864214678593e-05
  },
  "control": "block",
  "control_tag": "ctrl-block-2-111"
}
