$ C:\Users\KOMFIG\anaconda3\python.exe -m cli analyze-cond --train C:\omega\omega\corpora\ham\ham_train.txt --holdout C:\omega\omega\corpora\ham\ham_tail.txt --mode words --label-mode ib --control block --control_block 2 --n 4 --k_ctx 7 --ib-clusters 64 --ib-max-contexts 6000 --stride 2 --seed 333 --bootstrap 2000 --alpha 0.05 --out-json C:\omega\omega\runs\hamiltonian\hamiltonian-n4-k7-cl64-ctx6000-s2-sd333-bs2000-a0p05-tblock_B2_shuffle-db9bdccba45e\hamiltonian-n4-k7-cl64-ctx6000-s2-sd333-bs2000-a0p05-tblock_B2_shuffle-db9bdccba45e.json

[hint] IB coverage is very low; consider --k_ctx 3 or --ib-clusters 16, or lower --ib-max-contexts.
[control] ctrl-block-2-333  train_sha=b40a9398d7c3  test_sha=e010ee54e0ab  Ztest_sha=39b16e0be656
{
  "H_base": 6.269187095126037,
  "H_ib": 6.265309651374955,
  "H_hash": 5.128288051923175,
  "delta_ib": {
    "mean": -0.003877443751081734,
    "lo95": -0.011632331253245202,
    "hi95": 0.0,
    "p_le_0": 1.0
  },
  "delta_hash": {
    "mean": -1.140899043202863,
    "lo95": -1.5341987058438173,
    "hi95": -0.7592166100822844,
    "p_le_0": 1.0
  },
  "k_ctx": 7,
  "ib_clusters": 64,
  "stride": 2,
  "label_mode": "ib",
  "null_label": "C-1",
  "n_clusters": 64,
  "n_gram_order": 4,
  "coverage_train": {
    "full_frac": 0.08614461179347524,
    "backoff_frac": 0.9138553882065248,
    "null_frac": 0.000389040182293114
  },
  "coverage_test": {
    "full_frac": 0.0010035122930255895,
    "backoff_frac": 0.9989964877069744,
    "null_frac": 0.0035122930255895636
  },
  "control": "block",
  "control_tag": "ctrl-block-2-333"
}
