$ C:\Users\KOMFIG\anaconda3\python.exe -m cli analyze-cond --train C:\omega\omega\corpora\stdmap\stdmap_train.txt --holdout C:\omega\omega\corpora\stdmap\stdmap_tail.txt --mode words --label-mode ib --control block --control_block 2 --n 3 --k_ctx 5 --ib-clusters 32 --ib-max-contexts 9000 --stride 2 --seed 111 --bootstrap 2000 --alpha 0.05 --out-json C:\omega\omega\runs\standard_map\standard_map-n3-k5-cl32-ctx9000-s2-sd111-bs2000-a0p05-tblock_B2_shuffle-dc70e3a7415b\standard_map-n3-k5-cl32-ctx9000-s2-sd111-bs2000-a0p05-tblock_B2_shuffle-dc70e3a7415b.json

[hint] IB coverage is very low; consider --k_ctx 3 or --ib-clusters 16, or lower --ib-max-contexts.
[control] ctrl-block-2-111  train_sha=9eaba193e45c  test_sha=bb8dce25a134  Ztest_sha=8aa5bb42926a
{
  "H_base": 3.4425993180014416,
  "H_ib": 3.4429620116437962,
  "H_hash": 3.4410686753411266,
  "delta_ib": {
    "mean": 0.000362693642354894,
    "lo95": 1.1968660704271632e-05,
    "hi95": 0.0007483127797846816,
    "p_le_0": 0.0215
  },
  "delta_hash": {
    "mean": -0.0015306426603149135,
    "lo95": -0.0019913703769370073,
    "hi95": -0.0011021477674017838,
    "p_le_0": 1.0
  },
  "k_ctx": 5,
  "ib_clusters": 32,
  "stride": 2,
  "label_mode": "ib",
  "null_label": "C-1",
  "n_clusters": 32,
  "n_gram_order": 3,
  "coverage_train": {
    "full_frac": 0.2622729112597919,
    "backoff_frac": 0.7377270887402081,
    "null_frac": 2.381009071644563e-05
  },
  "coverage_test": {
    "full_frac": 0.024645813656314238,
    "backoff_frac": 0.9753541863436858,
    "null_frac": 5.555864214678593e-05
  },
  "control": "block",
  "control_tag": "ctrl-block-2-111"
}
