$ C:\Users\KOMFIG\anaconda3\python.exe -m cli analyze-cond --train C:\omega\omega\corpora\lorenz_sigma10_rho28\lorenz_sigma10_rho28_train.txt --holdout C:\omega\omega\corpora\lorenz_sigma10_rho28\lorenz_sigma10_rho28_tail.txt --mode words --label-mode ib --control block --control_block 2 --n 4 --k_ctx 5 --ib-clusters 32 --ib-max-contexts 9000 --stride 1 --seed 333 --bootstrap 2000 --alpha 0.05 --out-json C:\omega\omega\runs\lorenz63\lorenz63-n4-k5-cl32-ctx9000-s1-sd333-bs2000-a0p05-tblock_B2_shuffle-02130e3dbb2a\lorenz63-n4-k5-cl32-ctx9000-s1-sd333-bs2000-a0p05-tblock_B2_shuffle-02130e3dbb2a.json

[hint] IB coverage is very low; consider --k_ctx 3 or --ib-clusters 16, or lower --ib-max-contexts.
[control] ctrl-block-2-333  train_sha=20a130cbd279  test_sha=1c478daddb4a  Ztest_sha=8ae845972c6b
{
  "H_base": 6.003241189041754,
  "H_ib": 6.002890969182683,
  "H_hash": 5.990006743652519,
  "delta_ib": {
    "mean": -0.00035021985907054585,
    "lo95": -0.0010506595772116377,
    "hi95": 0.0,
    "p_le_0": 1.0
  },
  "delta_hash": {
    "mean": -0.013234445389234599,
    "lo95": -0.021490179121854733,
    "hi95": -0.0054903108676758435,
    "p_le_0": 1.0
  },
  "k_ctx": 5,
  "ib_clusters": 32,
  "stride": 1,
  "label_mode": "ib",
  "null_label": "C-1",
  "n_clusters": 32,
  "n_gram_order": 4,
  "coverage_train": {
    "full_frac": 0.13442622950819672,
    "backoff_frac": 0.8655737704918033,
    "null_frac": 0.0002778549597110308
  },
  "coverage_test": {
    "full_frac": 0.03458646616541353,
    "backoff_frac": 0.9654135338345865,
    "null_frac": 0.002506265664160401
  },
  "control": "block",
  "control_tag": "ctrl-block-2-333"
}
