$ C:\Users\KOMFIG\anaconda3\python.exe -m cli analyze-cond --train C:\omega\omega\corpora\ham\ham_train.txt --holdout C:\omega\omega\corpora\ham\ham_tail.txt --mode words --label-mode ib --n 4 --k_ctx 5 --ib-clusters 64 --ib-max-contexts 6000 --stride 1 --seed 111 --bootstrap 2000 --alpha 0.05 --out-json C:\omega\omega\runs\hamiltonian\hamiltonian-n4-k5-cl64-ctx6000-s1-sd111-bs2000-a0p05-bab225e659a3\hamiltonian-n4-k5-cl64-ctx6000-s1-sd111-bs2000-a0p05-bab225e659a3.json

[control] true  train_sha=60ad58bd86da  test_sha=e010ee54e0ab  Ztest_sha=f6dfd07b61fe
{
  "H_base": 0.25993409155669034,
  "H_ib": 0.26389084851024647,
  "H_hash": 4.805670876181244,
  "delta_ib": {
    "mean": 0.003956756953556126,
    "lo95": 0.0007375907221805556,
    "hi95": 0.009580989040841682,
    "p_le_0": 0.0005
  },
  "delta_hash": {
    "mean": 4.545736784624554,
    "lo95": 4.495292913550878,
    "hi95": 4.597933918901644,
    "p_le_0": 0.0
  },
  "k_ctx": 5,
  "ib_clusters": 64,
  "stride": 1,
  "label_mode": "ib",
  "null_label": "C-1",
  "n_clusters": 64,
  "n_gram_order": 4,
  "coverage_train": {
    "full_frac": 1.0,
    "backoff_frac": 0.0,
    "null_frac": 0.0002778549597110308
  },
  "coverage_test": {
    "full_frac": 1.0,
    "backoff_frac": 0.0,
    "null_frac": 0.002506265664160401
  },
  "control": "none",
  "control_tag": "true",
  "notes": "Bits/token. delta<0 helps. Hash control preserves label histogram."
}
