$ C:\Users\KOMFIG\anaconda3\python.exe -m cli analyze-cond --train C:\omega\omega\corpora\ising1d\ising1d_train.txt --holdout C:\omega\omega\corpora\ising1d\ising1d_tail.txt --mode words --label-mode ib --control global --n 4 --k_ctx 7 --ib-clusters 64 --ib-max-contexts 6000 --stride 1 --seed 111 --bootstrap 2000 --alpha 0.05 --out-json C:\omega\omega\runs\ising1d\ising1d-n4-k7-cl64-ctx6000-s1-sd111-bs2000-a0p05-tGLOBAL_shuffle-378787d68f9d\ising1d-n4-k7-cl64-ctx6000-s1-sd111-bs2000-a0p05-tGLOBAL_shuffle-378787d68f9d.json

[hint] IB coverage is very low; consider --k_ctx 3 or --ib-clusters 16, or lower --ib-max-contexts.
[control] ctrl-global-111  train_sha=064e39f16433  test_sha=2b5b37619f52  Ztest_sha=2f361930a17a
{
  "H_base": 3.1297911462514882,
  "H_ib": 3.1372876754289387,
  "H_hash": 3.0139156187968377,
  "delta_ib": {
    "mean": 0.007496529177450456,
    "lo95": 0.0061811194465931025,
    "hi95": 0.008817337805086124,
    "p_le_0": 0.0
  },
  "delta_hash": {
    "mean": -0.1158755274546505,
    "lo95": -0.12124749562489597,
    "hi95": -0.11065399204200735,
    "p_le_0": 1.0
  },
  "k_ctx": 7,
  "ib_clusters": 64,
  "stride": 1,
  "label_mode": "ib",
  "null_label": "C-1",
  "n_clusters": 64,
  "n_gram_order": 4,
  "coverage_train": {
    "full_frac": 0.016157681446524408,
    "backoff_frac": 0.9838423185534756,
    "null_frac": 3.333444448148272e-05
  },
  "coverage_test": {
    "full_frac": 0.0009111819808207305,
    "backoff_frac": 0.9990888180191793,
    "null_frac": 7.778382763103797e-05
  },
  "control": "global",
  "control_tag": "ctrl-global-111"
}
