$ C:\Users\KOMFIG\anaconda3\python.exe -m cli analyze-cond --train C:\omega\omega\corpora\ising1d\ising1d_train.txt --holdout C:\omega\omega\corpora\ising1d\ising1d_tail.txt --mode words --label-mode ib --control block --control_block 2 --n 4 --k_ctx 5 --ib-clusters 32 --ib-max-contexts 6000 --stride 1 --seed 333 --bootstrap 2000 --alpha 0.05 --out-json C:\omega\omega\runs\ising1d\ising1d-n4-k5-cl32-ctx6000-s1-sd333-bs2000-a0p05-tblock_B2_shuffle-0dab0f1c2d25\ising1d-n4-k5-cl32-ctx6000-s1-sd333-bs2000-a0p05-tblock_B2_shuffle-0dab0f1c2d25.json

[control] ctrl-block-2-333  train_sha=bd203e6fdb4a  test_sha=2b5b37619f52  Ztest_sha=d7d4a637ad7a
{
  "H_base": 2.9273495339225684,
  "H_ib": 2.928841454607815,
  "H_hash": 2.9311097910635393,
  "delta_ib": {
    "mean": 0.0014919206852468689,
    "lo95": 0.0009460146877657115,
    "hi95": 0.0021186516036592294,
    "p_le_0": 0.0
  },
  "delta_hash": {
    "mean": 0.003760257140971151,
    "lo95": 0.002668180142708128,
    "hi95": 0.004807792529874103,
    "p_le_0": 0.0
  },
  "k_ctx": 5,
  "ib_clusters": 32,
  "stride": 1,
  "label_mode": "ib",
  "null_label": "C-1",
  "n_clusters": 32,
  "n_gram_order": 4,
  "coverage_train": {
    "full_frac": 0.1290554537012786,
    "backoff_frac": 0.8709445462987214,
    "null_frac": 2.381009071644563e-05
  },
  "coverage_test": {
    "full_frac": 0.19606644813600754,
    "backoff_frac": 0.8039335518639924,
    "null_frac": 5.555864214678593e-05
  },
  "control": "block",
  "control_tag": "ctrl-block-2-333"
}
