$ C:\Users\KOMFIG\anaconda3\python.exe -m cli analyze-cond --train C:\omega\omega\corpora\ising2d_T2269_L64\ising2d_T2269_L64_train.txt --holdout C:\omega\omega\corpora\ising2d_T2269_L64\ising2d_T2269_L64_tail.txt --mode words --label-mode ib --n 4 --k_ctx 5 --ib-clusters 32 --ib-max-contexts 9000 --stride 2 --seed 111 --bootstrap 2000 --alpha 0.05 --out-json C:\omega\omega\runs\ising2d_fixed\ising2d_fixed-n4-k5-cl32-ctx9000-s2-sd111-bs2000-a0p05-15d3aeb9c601\ising2d_fixed-n4-k5-cl32-ctx9000-s2-sd111-bs2000-a0p05-15d3aeb9c601.json

50/2000 100/2000 150/2000 200/2000 250/2000 300/2000 350/2000 400/2000 450/2000 500/2000 550/2000 600/2000 650/2000 700/2000 750/2000 800/2000 850/2000 900/2000 950/2000 1000/2000 1050/2000 1100/2000 1150/2000 1200/2000 1250/2000 1300/2000 1350/2000 1400/2000 1450/2000 1500/2000 1550/2000 1600/2000 1650/2000 1700/2000 1750/2000 1800/2000 1850/2000 1900/2000 1950/2000 2000/2000 50/2000 100/2000 150/2000 200/2000 250/2000 300/2000 350/2000 400/2000 450/2000 500/2000 550/2000 600/2000 650/2000 700/2000 750/2000 800/2000 850/2000 900/2000 950/2000 1000/2000 1050/2000 1100/2000 1150/2000 1200/2000 1250/2000 1300/2000 1350/2000 1400/2000 1450/2000 1500/2000 1550/2000 1600/2000 1650/2000 1700/2000 1750/2000 1800/2000 1850/2000 1900/2000 1950/2000 2000/2000 {
  "H_base": 2.167839564262961,
  "H_ib": 2.1657356277566615,
  "H_hash": 2.2839806445752795,
  "delta_ib": {
    "mean": -0.002103936506299682,
    "lo95": -0.004342234751457173,
    "hi95": -0.0004405725913859813,
    "p_le_0": 1.0
  },
  "delta_hash": {
    "mean": 0.11614108031231836,
    "lo95": 0.07934957424756654,
    "hi95": 0.15129069919757124,
    "p_le_0": 0.0
  },
  "k_ctx": 5,
  "ib_clusters": 32,
  "stride": 2,
  "label_mode": "ib",
  "null_label": "C-1",
  "n_clusters": 32,
  "n_gram_order": 4,
  "coverage_train": {
    "full_frac": 0.39238677410391776,
    "backoff_frac": 0.6076132258960822,
    "null_frac": 0.0002778549597110308
  },
  "coverage_test": {
    "full_frac": 0.6521303258145363,
    "backoff_frac": 0.34786967418546366,
    "null_frac": 0.002506265664160401
  },
  "notes": "Bits/token. delta<0 means conditional helps. Hash control preserves label histogram."
}

[omega] summary (first variant):
  tag=true  d_I_pred-=--0.002104  d_hash-=-0.116141  SCR_lzma-=-2.257e-06  energy=932
