$ C:\Users\KOMFIG\anaconda3\python.exe -m cli analyze-cond --train C:\omega\omega\corpora\stdmap\stdmap_train.txt --holdout C:\omega\omega\corpora\stdmap\stdmap_tail.txt --mode words --label-mode ib --control block --control_block 2 --n 4 --k_ctx 7 --ib-clusters 32 --ib-max-contexts 6000 --stride 2 --seed 111 --bootstrap 2000 --alpha 0.05 --out-json C:\omega\omega\runs\standard_map\standard_map-n4-k7-cl32-ctx6000-s2-sd111-bs2000-a0p05-tblock_B2_shuffle-9f06a3dee9f1\standard_map-n4-k7-cl32-ctx6000-s2-sd111-bs2000-a0p05-tblock_B2_shuffle-9f06a3dee9f1.json

[hint] IB coverage is very low; consider --k_ctx 3 or --ib-clusters 16, or lower --ib-max-contexts.
[control] ctrl-block-2-111  train_sha=9eaba193e45c  test_sha=bb8dce25a134  Ztest_sha=76fdcbf6919b
{
  "H_base": 3.9872474191349685,
  "H_ib": 3.9872579942385573,
  "H_hash": 3.986772323394017,
  "delta_ib": {
    "mean": 1.0575103588526133e-05,
    "lo95": -9.579831319311645e-06,
    "hi95": 4.688684955320673e-05,
    "p_le_0": 0.377
  },
  "delta_hash": {
    "mean": -0.00047509574095145333,
    "lo95": -0.0009405092764599274,
    "hi95": -6.064715294504034e-05,
    "p_le_0": 0.988
  },
  "k_ctx": 7,
  "ib_clusters": 32,
  "stride": 2,
  "label_mode": "ib",
  "null_label": "C-1",
  "n_clusters": 32,
  "n_gram_order": 4,
  "coverage_train": {
    "full_frac": 0.032934431147704925,
    "backoff_frac": 0.9670655688522951,
    "null_frac": 3.333444448148272e-05
  },
  "coverage_test": {
    "full_frac": 0.00032224728590001444,
    "backoff_frac": 0.9996777527141,
    "null_frac": 7.778382763103797e-05
  },
  "control": "block",
  "control_tag": "ctrl-block-2-111"
}
