$ C:\Users\KOMFIG\anaconda3\python.exe -m cli analyze-cond --train C:\omega\omega\corpora\cat_N1024\cat_N1024_train.txt --holdout C:\omega\omega\corpora\cat_N1024\cat_N1024_tail.txt --mode words --label-mode ib --control block --control_block 2 --n 3 --k_ctx 5 --ib-clusters 64 --ib-max-contexts 6000 --stride 2 --seed 111 --bootstrap 2000 --alpha 0.05 --out-json C:\omega\omega\runs\arnold_cat\arnold_cat-n3-k5-cl64-ctx6000-s2-sd111-bs2000-a0p05-tblock_B2_shuffle-06797cd97a23\arnold_cat-n3-k5-cl64-ctx6000-s2-sd111-bs2000-a0p05-tblock_B2_shuffle-06797cd97a23.json

[hint] IB coverage is very low; consider --k_ctx 3 or --ib-clusters 16, or lower --ib-max-contexts.
[control] ctrl-block-2-111  train_sha=4b80acf150b0  test_sha=48a836168796  Ztest_sha=08eb23e698b3
{
  "H_base": 5.350822217346962,
  "H_ib": 5.347354334368686,
  "H_hash": 5.012553704004147,
  "delta_ib": {
    "mean": -0.0034678829782758486,
    "lo95": -0.005509153076426684,
    "hi95": -0.001599031545987353,
    "p_le_0": 1.0
  },
  "delta_hash": {
    "mean": -0.3382685133428148,
    "lo95": -0.3682220809393374,
    "hi95": -0.306341928457978,
    "p_le_0": 1.0
  },
  "k_ctx": 5,
  "ib_clusters": 64,
  "stride": 2,
  "label_mode": "ib",
  "null_label": "C-1",
  "n_clusters": 64,
  "n_gram_order": 3,
  "coverage_train": {
    "full_frac": 0.08435676576826896,
    "backoff_frac": 0.915643234231731,
    "null_frac": 0.0002778549597110308
  },
  "coverage_test": {
    "full_frac": 0.0,
    "backoff_frac": 1.0,
    "null_frac": 0.002506265664160401
  },
  "control": "block",
  "control_tag": "ctrl-block-2-111"
}
