$ C:\Users\KOMFIG\anaconda3\python.exe -m cli analyze-cond --train C:\omega\omega\corpora\lorenz_sigma10_rho28\lorenz_sigma10_rho28_train.txt --holdout C:\omega\omega\corpora\lorenz_sigma10_rho28\lorenz_sigma10_rho28_tail.txt --mode words --label-mode ib --control block --control_block 2 --n 4 --k_ctx 5 --ib-clusters 64 --ib-max-contexts 6000 --stride 1 --seed 111 --bootstrap 2000 --alpha 0.05 --out-json C:\omega\omega\runs\lorenz63\lorenz63-n4-k5-cl64-ctx6000-s1-sd111-bs2000-a0p05-tblock_B2_shuffle-c43788968ba7\lorenz63-n4-k5-cl64-ctx6000-s1-sd111-bs2000-a0p05-tblock_B2_shuffle-c43788968ba7.json

[control] ctrl-block-2-111  train_sha=4aaef41c9870  test_sha=1c478daddb4a  Ztest_sha=63154a5407ac
{
  "H_base": 5.810018269537211,
  "H_ib": 5.785385146976358,
  "H_hash": 5.757191444615857,
  "delta_ib": {
    "mean": -0.02463312256085276,
    "lo95": -0.03853691525219659,
    "hi95": -0.012935082262695881,
    "p_le_0": 1.0
  },
  "delta_hash": {
    "mean": -0.05282682492135388,
    "lo95": -0.06828131804050587,
    "hi95": -0.038092610936611204,
    "p_le_0": 1.0
  },
  "k_ctx": 5,
  "ib_clusters": 64,
  "stride": 1,
  "label_mode": "ib",
  "null_label": "C-1",
  "n_clusters": 64,
  "n_gram_order": 4,
  "coverage_train": {
    "full_frac": 0.15109752709085858,
    "backoff_frac": 0.8489024729091414,
    "null_frac": 0.0002778549597110308
  },
  "coverage_test": {
    "full_frac": 0.07468671679197995,
    "backoff_frac": 0.9253132832080201,
    "null_frac": 0.002506265664160401
  },
  "control": "block",
  "control_tag": "ctrl-block-2-111"
}
