$ C:\Users\KOMFIG\anaconda3\python.exe -m cli analyze-cond --train C:\omega\omega\corpora\ising1d\ising1d_train.txt --holdout C:\omega\omega\corpora\ising1d\ising1d_tail.txt --mode words --label-mode ib --control block --control_block 2 --n 3 --k_ctx 7 --ib-clusters 32 --ib-max-contexts 6000 --stride 2 --seed 111 --bootstrap 2000 --alpha 0.05 --out-json C:\omega\omega\runs\ising1d\ising1d-n3-k7-cl32-ctx6000-s2-sd111-bs2000-a0p05-tblock_B2_shuffle-e58c31403bde\ising1d-n3-k7-cl32-ctx6000-s2-sd111-bs2000-a0p05-tblock_B2_shuffle-e58c31403bde.json

[hint] IB coverage is very low; consider --k_ctx 3 or --ib-clusters 16, or lower --ib-max-contexts.
[control] ctrl-block-2-111  train_sha=b0b9d051b14a  test_sha=2b5b37619f52  Ztest_sha=097640d87c73
{
  "H_base": 2.82556404821523,
  "H_ib": 2.841042307403895,
  "H_hash": 2.945495259078856,
  "delta_ib": {
    "mean": 0.015478259188665217,
    "lo95": 0.013892243386919311,
    "hi95": 0.01722490488868064,
    "p_le_0": 0.0
  },
  "delta_hash": {
    "mean": 0.1199312108636261,
    "lo95": 0.11628762096815301,
    "hi95": 0.12386000634502627,
    "p_le_0": 0.0
  },
  "k_ctx": 7,
  "ib_clusters": 32,
  "stride": 2,
  "label_mode": "ib",
  "null_label": "C-1",
  "n_clusters": 32,
  "n_gram_order": 3,
  "coverage_train": {
    "full_frac": 0.014843351921254518,
    "backoff_frac": 0.9851566480787455,
    "null_frac": 3.333444448148272e-05
  },
  "coverage_test": {
    "full_frac": 0.008900692276065917,
    "backoff_frac": 0.9910993077239341,
    "null_frac": 7.778382763103797e-05
  },
  "control": "block",
  "control_tag": "ctrl-block-2-111"
}
