$ C:\Users\KOMFIG\anaconda3\python.exe -m cli analyze-cond --train C:\omega\omega\corpora\cat_N1024\cat_N1024_train.txt --holdout C:\omega\omega\corpora\cat_N1024\cat_N1024_tail.txt --mode words --label-mode ib --control block --control_block 2 --n 3 --k_ctx 5 --ib-clusters 64 --ib-max-contexts 6000 --stride 2 --seed 333 --bootstrap 2000 --alpha 0.05 --out-json C:\omega\omega\runs\arnold_cat\arnold_cat-n3-k5-cl64-ctx6000-s2-sd333-bs2000-a0p05-tblock_B2_shuffle-2a5c800ee6fe\arnold_cat-n3-k5-cl64-ctx6000-s2-sd333-bs2000-a0p05-tblock_B2_shuffle-2a5c800ee6fe.json

[hint] IB coverage is very low; consider --k_ctx 3 or --ib-clusters 16, or lower --ib-max-contexts.
[control] ctrl-block-2-333  train_sha=439d06aec476  test_sha=48a836168796  Ztest_sha=5bef318c5bee
{
  "H_base": 5.329132934303331,
  "H_ib": 5.327297775523363,
  "H_hash": 5.013474681093202,
  "delta_ib": {
    "mean": -0.0018351587799687854,
    "lo95": -0.004210034300258509,
    "hi95": 0.0017148224416685882,
    "p_le_0": 0.868
  },
  "delta_hash": {
    "mean": -0.3156582532101294,
    "lo95": -0.3602090060362013,
    "hi95": -0.27239319029398323,
    "p_le_0": 1.0
  },
  "k_ctx": 5,
  "ib_clusters": 64,
  "stride": 2,
  "label_mode": "ib",
  "null_label": "C-1",
  "n_clusters": 64,
  "n_gram_order": 3,
  "coverage_train": {
    "full_frac": 0.08480133370380662,
    "backoff_frac": 0.9151986662961934,
    "null_frac": 0.0002778549597110308
  },
  "coverage_test": {
    "full_frac": 0.0040100250626566416,
    "backoff_frac": 0.9959899749373433,
    "null_frac": 0.002506265664160401
  },
  "control": "block",
  "control_tag": "ctrl-block-2-333"
}
