$ C:\Users\KOMFIG\anaconda3\python.exe -m cli analyze-cond --train C:\omega\omega\corpora\cat_N1024\cat_N1024_train.txt --holdout C:\omega\omega\corpora\cat_N1024\cat_N1024_tail.txt --mode words --label-mode ib --control global --n 3 --k_ctx 5 --ib-clusters 32 --ib-max-contexts 6000 --stride 1 --seed 111 --bootstrap 2000 --alpha 0.05 --out-json C:\omega\omega\runs\arnold_cat\arnold_cat-n3-k5-cl32-ctx6000-s1-sd111-bs2000-a0p05-tGLOBAL_shuffle-5d692afaaf70\arnold_cat-n3-k5-cl32-ctx6000-s1-sd111-bs2000-a0p05-tGLOBAL_shuffle-5d692afaaf70.json

[hint] IB coverage is very low; consider --k_ctx 3 or --ib-clusters 16, or lower --ib-max-contexts.
[control] ctrl-global-111  train_sha=c3f6f65ee1ac  test_sha=48a836168796  Ztest_sha=8e4869dc05d4
{
  "H_base": 5.292518302626343,
  "H_ib": 5.291987847194421,
  "H_hash": 5.018571150023712,
  "delta_ib": {
    "mean": -0.0005304554319220514,
    "lo95": -0.0010609108638441028,
    "hi95": 0.0,
    "p_le_0": 1.0
  },
  "delta_hash": {
    "mean": -0.27394715260263086,
    "lo95": -0.29552751436120106,
    "hi95": -0.2530951274769028,
    "p_le_0": 1.0
  },
  "k_ctx": 5,
  "ib_clusters": 32,
  "stride": 1,
  "label_mode": "ib",
  "null_label": "C-1",
  "n_clusters": 32,
  "n_gram_order": 3,
  "coverage_train": {
    "full_frac": 0.07007502083912198,
    "backoff_frac": 0.929924979160878,
    "null_frac": 0.0002778549597110308
  },
  "coverage_test": {
    "full_frac": 0.0,
    "backoff_frac": 1.0,
    "null_frac": 0.002506265664160401
  },
  "control": "global",
  "control_tag": "ctrl-global-111"
}
