$ C:\Users\KOMFIG\anaconda3\python.exe -m cli analyze-cond --train C:\omega\omega\corpora\ising1d\ising1d_train.txt --holdout C:\omega\omega\corpora\ising1d\ising1d_tail.txt --mode words --label-mode ib --control block --control_block 2 --n 4 --k_ctx 5 --ib-clusters 64 --ib-max-contexts 6000 --stride 1 --seed 333 --bootstrap 2000 --alpha 0.05 --out-json C:\omega\omega\runs\ising1d\ising1d-n4-k5-cl64-ctx6000-s1-sd333-bs2000-a0p05-tblock_B2_shuffle-806eb458032e\ising1d-n4-k5-cl64-ctx6000-s1-sd333-bs2000-a0p05-tblock_B2_shuffle-806eb458032e.json

[control] ctrl-block-2-333  train_sha=bd203e6fdb4a  test_sha=2b5b37619f52  Ztest_sha=7988e675fa42
{
  "H_base": 2.9273495339225684,
  "H_ib": 2.9300569024713954,
  "H_hash": 2.933157329097582,
  "delta_ib": {
    "mean": 0.002707368548826876,
    "lo95": 0.0019173969411906083,
    "hi95": 0.003591469424246754,
    "p_le_0": 0.0
  },
  "delta_hash": {
    "mean": 0.005807795175013849,
    "lo95": 0.00466059753529246,
    "hi95": 0.006895017655289245,
    "p_le_0": 0.0
  },
  "k_ctx": 5,
  "ib_clusters": 64,
  "stride": 1,
  "label_mode": "ib",
  "null_label": "C-1",
  "n_clusters": 64,
  "n_gram_order": 4,
  "coverage_train": {
    "full_frac": 0.14868925450605966,
    "backoff_frac": 0.8513107454939404,
    "null_frac": 2.381009071644563e-05
  },
  "coverage_test": {
    "full_frac": 0.21545641424523584,
    "backoff_frac": 0.7845435857547641,
    "null_frac": 5.555864214678593e-05
  },
  "control": "block",
  "control_tag": "ctrl-block-2-333"
}
