$ C:\Users\KOMFIG\anaconda3\python.exe -m cli analyze-cond --train C:\omega\omega\corpora\logistic_r39\logistic_r39_train.txt --holdout C:\omega\omega\corpora\logistic_r39\logistic_r39_tail.txt --mode words --label-mode ib --control global --n 4 --k_ctx 5 --ib-clusters 32 --ib-max-contexts 9000 --stride 2 --seed 333 --bootstrap 2000 --alpha 0.05 --out-json C:\omega\omega\runs\logistic\logistic-n4-k5-cl32-ctx9000-s2-sd333-bs2000-a0p05-tGLOBAL_shuffle-8aa95d8912e9\logistic-n4-k5-cl32-ctx9000-s2-sd333-bs2000-a0p05-tGLOBAL_shuffle-8aa95d8912e9.json

[hint] IB coverage is very low; consider --k_ctx 3 or --ib-clusters 16, or lower --ib-max-contexts.
[control] ctrl-global-333  train_sha=4eb1bbd446f2  test_sha=ed1ac80cac13  Ztest_sha=b4fa64c13ecf
{
  "H_base": 5.0238149504167975,
  "H_ib": 5.0238149504167975,
  "H_hash": 5.001050659577212,
  "delta_ib": {
    "mean": 0.0,
    "lo95": 0.0,
    "hi95": 0.0,
    "p_le_0": 1.0
  },
  "delta_hash": {
    "mean": -0.02276429083958548,
    "lo95": -0.026966929148432035,
    "hi95": -0.018211432671668384,
    "p_le_0": 1.0
  },
  "k_ctx": 5,
  "ib_clusters": 32,
  "stride": 2,
  "label_mode": "ib",
  "null_label": "C-1",
  "n_clusters": 32,
  "n_gram_order": 4,
  "coverage_train": {
    "full_frac": 0.06979716587941094,
    "backoff_frac": 0.930202834120589,
    "null_frac": 0.0002778549597110308
  },
  "coverage_test": {
    "full_frac": 0.0,
    "backoff_frac": 1.0,
    "null_frac": 0.002506265664160401
  },
  "control": "global",
  "control_tag": "ctrl-global-333"
}
