$ C:\Users\KOMFIG\anaconda3\python.exe -m cli analyze-cond --train C:\omega\omega\corpora\ham\ham_train.txt --holdout C:\omega\omega\corpora\ham\ham_tail.txt --mode words --label-mode ib --control block --control_block 2 --n 3 --k_ctx 5 --ib-clusters 32 --ib-max-contexts 9000 --stride 2 --seed 111 --bootstrap 2000 --alpha 0.05 --out-json C:\omega\omega\runs\hamiltonian\hamiltonian-n3-k5-cl32-ctx9000-s2-sd111-bs2000-a0p05-tblock_B2_shuffle-7d15ee44134c\hamiltonian-n3-k5-cl32-ctx9000-s2-sd111-bs2000-a0p05-tblock_B2_shuffle-7d15ee44134c.json

[hint] IB coverage is very low; consider --k_ctx 3 or --ib-clusters 16, or lower --ib-max-contexts.
[control] ctrl-block-2-111  train_sha=3a2c428e438c  test_sha=e010ee54e0ab  Ztest_sha=3df6ea48620a
{
  "H_base": 1.5365414798745765,
  "H_ib": 1.5400233488823336,
  "H_hash": 1.5462102992015763,
  "delta_ib": {
    "mean": 0.0034818690077570522,
    "lo95": 0.0,
    "hi95": 0.010445607023271158,
    "p_le_0": 0.3565
  },
  "delta_hash": {
    "mean": 0.009668819326999797,
    "lo95": 0.00194808209450773,
    "hi95": 0.017443037483211212,
    "p_le_0": 0.005
  },
  "k_ctx": 5,
  "ib_clusters": 32,
  "stride": 2,
  "label_mode": "ib",
  "null_label": "C-1",
  "n_clusters": 32,
  "n_gram_order": 3,
  "coverage_train": {
    "full_frac": 0.12297860516810225,
    "backoff_frac": 0.8770213948318978,
    "null_frac": 0.0002778549597110308
  },
  "coverage_test": {
    "full_frac": 0.02406015037593985,
    "backoff_frac": 0.9759398496240601,
    "null_frac": 0.002506265664160401
  },
  "control": "block",
  "control_tag": "ctrl-block-2-111"
}
