$ C:\Users\KOMFIG\anaconda3\python.exe -m cli analyze-cond --train C:\omega\omega\corpora\cat_N1024\cat_N1024_train.txt --holdout C:\omega\omega\corpora\cat_N1024\cat_N1024_tail.txt --mode words --label-mode ib --control block --control_block 2 --n 3 --k_ctx 5 --ib-clusters 32 --ib-max-contexts 6000 --stride 2 --seed 333 --bootstrap 2000 --alpha 0.05 --out-json C:\omega\omega\runs\arnold_cat\arnold_cat-n3-k5-cl32-ctx6000-s2-sd333-bs2000-a0p05-tblock_B2_shuffle-4430e58c2d48\arnold_cat-n3-k5-cl32-ctx6000-s2-sd333-bs2000-a0p05-tblock_B2_shuffle-4430e58c2d48.json

[hint] IB coverage is very low; consider --k_ctx 3 or --ib-clusters 16, or lower --ib-max-contexts.
[control] ctrl-block-2-333  train_sha=439d06aec476  test_sha=48a836168796  Ztest_sha=da437d97a3aa
{
  "H_base": 5.329132934303331,
  "H_ib": 5.3289789917252035,
  "H_hash": 5.027139696244447,
  "delta_ib": {
    "mean": -0.00015394257812770907,
    "lo95": -0.0025882610267118546,
    "hi95": 0.0033031924848593497,
    "p_le_0": 0.5745
  },
  "delta_hash": {
    "mean": -0.30199323805888395,
    "lo95": -0.34530929588978554,
    "hi95": -0.25860025703705775,
    "p_le_0": 1.0
  },
  "k_ctx": 5,
  "ib_clusters": 32,
  "stride": 2,
  "label_mode": "ib",
  "null_label": "C-1",
  "n_clusters": 32,
  "n_gram_order": 3,
  "coverage_train": {
    "full_frac": 0.07057515976660184,
    "backoff_frac": 0.9294248402333982,
    "null_frac": 0.0002778549597110308
  },
  "coverage_test": {
    "full_frac": 0.0040100250626566416,
    "backoff_frac": 0.9959899749373433,
    "null_frac": 0.002506265664160401
  },
  "control": "block",
  "control_tag": "ctrl-block-2-333"
}
