$ C:\Users\KOMFIG\anaconda3\python.exe -m cli analyze-cond --train C:\omega\omega\corpora\cat_N1024\cat_N1024_train.txt --holdout C:\omega\omega\corpora\cat_N1024\cat_N1024_tail.txt --mode words --label-mode ib --n 4 --k_ctx 5 --ib-clusters 32 --ib-max-contexts 6000 --stride 2 --seed 333 --bootstrap 2000 --alpha 0.05 --out-json C:\omega\omega\runs\arnold_cat\arnold_cat-n4-k5-cl32-ctx6000-s2-sd333-bs2000-a0p05-b44593f74157\arnold_cat-n4-k5-cl32-ctx6000-s2-sd333-bs2000-a0p05-b44593f74157.json

50/2000 100/2000 150/2000 200/2000 250/2000 300/2000 350/2000 400/2000 450/2000 500/2000 550/2000 600/2000 650/2000 700/2000 750/2000 800/2000 850/2000 900/2000 950/2000 1000/2000 1050/2000 1100/2000 1150/2000 1200/2000 1250/2000 1300/2000 1350/2000 1400/2000 1450/2000 1500/2000 1550/2000 1600/2000 1650/2000 1700/2000 1750/2000 1800/2000 1850/2000 1900/2000 1950/2000 2000/2000 50/2000 100/2000 150/2000 200/2000 250/2000 300/2000 350/2000 400/2000 450/2000 500/2000 550/2000 600/2000 650/2000 700/2000 750/2000 800/2000 850/2000 900/2000 950/2000 1000/2000 1050/2000 1100/2000 1150/2000 1200/2000 1250/2000 1300/2000 1350/2000 1400/2000 1450/2000 1500/2000 1550/2000 1600/2000 1650/2000 1700/2000 1750/2000 1800/2000 1850/2000 1900/2000 1950/2000 2000/2000 {
  "H_base": 0.14836178701265826,
  "H_ib": 0.150414307568023,
  "H_hash": 4.86598890623691,
  "delta_ib": {
    "mean": 0.0020525205553647316,
    "lo95": -0.0006675561036338627,
    "hi95": 0.006958628990454829,
    "p_le_0": 0.3605
  },
  "delta_hash": {
    "mean": 4.717627119224251,
    "lo95": 4.686534642348847,
    "hi95": 4.749451602183589,
    "p_le_0": 0.0
  },
  "k_ctx": 5,
  "ib_clusters": 32,
  "stride": 2,
  "label_mode": "ib",
  "null_label": "C-1",
  "n_clusters": 32,
  "n_gram_order": 4,
  "coverage_train": {
    "full_frac": 0.5130313976104474,
    "backoff_frac": 0.48696860238955264,
    "null_frac": 0.0002778549597110308
  },
  "coverage_test": {
    "full_frac": 0.5132832080200501,
    "backoff_frac": 0.4867167919799499,
    "null_frac": 0.002506265664160401
  },
  "notes": "Bits/token. delta<0 means conditional helps. Hash control preserves label histogram."
}

[omega] summary (first variant):
  tag=true  d_I_pred-=-0.002053  d_hash-=-4.717627  SCR_lzma-=--2.365e-06  energy=868
