$ C:\Users\KOMFIG\anaconda3\python.exe -m cli analyze-cond --train C:\omega\omega\corpora\ising2d_T2269_L64\ising2d_T2269_L64_train.txt --holdout C:\omega\omega\corpora\ising2d_T2269_L64\ising2d_T2269_L64_tail.txt --mode words --label-mode ib --control block --control_block 2 --n 3 --k_ctx 5 --ib-clusters 32 --ib-max-contexts 6000 --stride 2 --seed 333 --bootstrap 2000 --alpha 0.05 --out-json C:\omega\omega\runs\ising2d_fixed\ising2d_fixed-n3-k5-cl32-ctx6000-s2-sd333-bs2000-a0p05-tblock_B2_shuffle-d8cf8ab111e7\ising2d_fixed-n3-k5-cl32-ctx6000-s2-sd333-bs2000-a0p05-tblock_B2_shuffle-d8cf8ab111e7.json

[hint] IB coverage is very low; consider --k_ctx 3 or --ib-clusters 16, or lower --ib-max-contexts.
[control] ctrl-block-2-333  train_sha=37924c2d7498  test_sha=23589b99d5d3  Ztest_sha=89bdb9ad265a
{
  "H_base": 4.053112485471107,
  "H_ib": 4.054007283435709,
  "H_hash": 4.06701209431507,
  "delta_ib": {
    "mean": 0.0008947979646013087,
    "lo95": 0.0,
    "hi95": 0.002684393893803926,
    "p_le_0": 0.361
  },
  "delta_hash": {
    "mean": 0.013899608843962373,
    "lo95": 0.004572037628130862,
    "hi95": 0.022504936239099202,
    "p_le_0": 0.002
  },
  "k_ctx": 5,
  "ib_clusters": 32,
  "stride": 2,
  "label_mode": "ib",
  "null_label": "C-1",
  "n_clusters": 32,
  "n_gram_order": 3,
  "coverage_train": {
    "full_frac": 0.07691025284801334,
    "backoff_frac": 0.9230897471519867,
    "null_frac": 0.0002778549597110308
  },
  "coverage_test": {
    "full_frac": 0.0,
    "backoff_frac": 1.0,
    "null_frac": 0.002506265664160401
  },
  "control": "block",
  "control_tag": "ctrl-block-2-333"
}
