$ C:\Users\KOMFIG\anaconda3\python.exe -m cli analyze-cond --train C:\omega\omega\corpora\henon_a14_b03\henon_a14_b03_train.txt --holdout C:\omega\omega\corpora\henon_a14_b03\henon_a14_b03_tail.txt --mode words --label-mode ib --n 3 --k_ctx 7 --ib-clusters 64 --ib-max-contexts 6000 --stride 1 --seed 333 --bootstrap 2000 --alpha 0.05 --out-json C:\omega\omega\runs\henon\henon-n3-k7-cl64-ctx6000-s1-sd333-bs2000-a0p05-196871bcc554\henon-n3-k7-cl64-ctx6000-s1-sd333-bs2000-a0p05-196871bcc554.json

50/2000 100/2000 150/2000 200/2000 250/2000 300/2000 350/2000 400/2000 450/2000 500/2000 550/2000 600/2000 650/2000 700/2000 750/2000 800/2000 850/2000 900/2000 950/2000 1000/2000 1050/2000 1100/2000 1150/2000 1200/2000 1250/2000 1300/2000 1350/2000 1400/2000 1450/2000 1500/2000 1550/2000 1600/2000 1650/2000 1700/2000 1750/2000 1800/2000 1850/2000 1900/2000 1950/2000 2000/2000 50/2000 100/2000 150/2000 200/2000 250/2000 300/2000 350/2000 400/2000 450/2000 500/2000 550/2000 600/2000 650/2000 700/2000 750/2000 800/2000 850/2000 900/2000 950/2000 1000/2000 1050/2000 1100/2000 1150/2000 1200/2000 1250/2000 1300/2000 1350/2000 1400/2000 1450/2000 1500/2000 1550/2000 1600/2000 1650/2000 1700/2000 1750/2000 1800/2000 1850/2000 1900/2000 1950/2000 2000/2000 {
  "H_base": 0.8787513803793275,
  "H_ib": 0.8847954687578389,
  "H_hash": 3.92193427361153,
  "delta_ib": {
    "mean": 0.006044088378511348,
    "lo95": -0.0029777548657773044,
    "hi95": 0.017984752160550274,
    "p_le_0": 0.1365
  },
  "delta_hash": {
    "mean": 3.0431828932322023,
    "lo95": 2.957175098279853,
    "hi95": 3.129898189441612,
    "p_le_0": 0.0
  },
  "k_ctx": 7,
  "ib_clusters": 64,
  "stride": 1,
  "label_mode": "ib",
  "null_label": "C-1",
  "n_clusters": 64,
  "n_gram_order": 3,
  "coverage_train": {
    "full_frac": 0.8268215417106652,
    "backoff_frac": 0.17317845828933473,
    "null_frac": 0.000389040182293114
  },
  "coverage_test": {
    "full_frac": 0.7742097340692423,
    "backoff_frac": 0.22579026593075766,
    "null_frac": 0.0035122930255895636
  },
  "notes": "Bits/token. delta<0 means conditional helps. Hash control preserves label histogram."
}

[omega] summary (first variant):
  tag=true  d_I_pred-=-0.006044  d_hash-=-3.043183  SCR_lzma-=--6.513e-06  energy=928
