$ C:\Users\KOMFIG\anaconda3\python.exe -m cli analyze-cond --train C:\omega\omega\corpora\logistic_r39\logistic_r39_train.txt --holdout C:\omega\omega\corpora\logistic_r39\logistic_r39_tail.txt --mode words --label-mode ib --n 4 --k_ctx 5 --ib-clusters 32 --ib-max-contexts 6000 --stride 1 --seed 111 --bootstrap 2000 --alpha 0.05 --out-json C:\omega\omega\runs\logistic\logistic-n4-k5-cl32-ctx6000-s1-sd111-bs2000-a0p05-8cd5c6d607b4\logistic-n4-k5-cl32-ctx6000-s1-sd111-bs2000-a0p05-8cd5c6d607b4.json

50/2000 100/2000 150/2000 200/2000 250/2000 300/2000 350/2000 400/2000 450/2000 500/2000 550/2000 600/2000 650/2000 700/2000 750/2000 800/2000 850/2000 900/2000 950/2000 1000/2000 1050/2000 1100/2000 1150/2000 1200/2000 1250/2000 1300/2000 1350/2000 1400/2000 1450/2000 1500/2000 1550/2000 1600/2000 1650/2000 1700/2000 1750/2000 1800/2000 1850/2000 1900/2000 1950/2000 2000/2000 50/2000 100/2000 150/2000 200/2000 250/2000 300/2000 350/2000 400/2000 450/2000 500/2000 550/2000 600/2000 650/2000 700/2000 750/2000 800/2000 850/2000 900/2000 950/2000 1000/2000 1050/2000 1100/2000 1150/2000 1200/2000 1250/2000 1300/2000 1350/2000 1400/2000 1450/2000 1500/2000 1550/2000 1600/2000 1650/2000 1700/2000 1750/2000 1800/2000 1850/2000 1900/2000 1950/2000 2000/2000 {
  "H_base": 0.8298834922811599,
  "H_ib": 0.8234263297834111,
  "H_hash": 4.6530999103633315,
  "delta_ib": {
    "mean": -0.006457162497748694,
    "lo95": -0.014102831685865114,
    "hi95": 0.002302489594024556,
    "p_le_0": 0.9325
  },
  "delta_hash": {
    "mean": 3.823216418082172,
    "lo95": 3.769009253919035,
    "hi95": 3.8754488861731273,
    "p_le_0": 0.0
  },
  "k_ctx": 5,
  "ib_clusters": 32,
  "stride": 1,
  "label_mode": "ib",
  "null_label": "C-1",
  "n_clusters": 32,
  "n_gram_order": 4,
  "coverage_train": {
    "full_frac": 1.0,
    "backoff_frac": 0.0,
    "null_frac": 0.0002778549597110308
  },
  "coverage_test": {
    "full_frac": 0.9989974937343359,
    "backoff_frac": 0.0010025062656641604,
    "null_frac": 0.002506265664160401
  },
  "notes": "Bits/token. delta<0 means conditional helps. Hash control preserves label histogram."
}

[omega] summary (first variant):
  tag=true  d_I_pred-=--0.006457  d_hash-=-3.823216  SCR_lzma-=-8.633e-06  energy=748
