$ C:\Users\KOMFIG\anaconda3\python.exe -m cli analyze-cond --train C:\omega\omega\corpora\relab\relab_train.txt --holdout C:\omega\omega\corpora\relab\relab_tail.txt --mode words --label-mode ib --control block --control_block 2 --n 4 --k_ctx 7 --ib-clusters 64 --ib-max-contexts 6000 --stride 2 --seed 333 --bootstrap 2000 --alpha 0.05 --out-json C:\omega\omega\runs\rel_aberration\rel_aberration-n4-k7-cl64-ctx6000-s2-sd333-bs2000-a0p05-tblock_B2_shuffle-3d267643baeb\rel_aberration-n4-k7-cl64-ctx6000-s2-sd333-bs2000-a0p05-tblock_B2_shuffle-3d267643baeb.json

[hint] IB coverage is very low; consider --k_ctx 3 or --ib-clusters 16, or lower --ib-max-contexts.
[control] ctrl-block-2-333  train_sha=63052822aad6  test_sha=5330d0f60139  Ztest_sha=ff7e9d710eef
{
  "H_base": 3.113939798480821,
  "H_ib": 3.1140813869393242,
  "H_hash": 3.114210248496036,
  "delta_ib": {
    "mean": 0.00014158845850337627,
    "lo95": -0.00012807689767054415,
    "hi95": 0.0002943091954905658,
    "p_le_0": 0.102
  },
  "delta_hash": {
    "mean": 0.0002704500152150652,
    "lo95": 0.00016051678711366763,
    "hi95": 0.00036881609190710286,
    "p_le_0": 0.0
  },
  "k_ctx": 7,
  "ib_clusters": 64,
  "stride": 2,
  "label_mode": "ib",
  "null_label": "C-1",
  "n_clusters": 64,
  "n_gram_order": 4,
  "coverage_train": {
    "full_frac": 0.2055240972372073,
    "backoff_frac": 0.7944759027627927,
    "null_frac": 5.2086046148236886e-05
  },
  "coverage_test": {
    "full_frac": 0.034726442449603254,
    "backoff_frac": 0.9652735575503968,
    "null_frac": 0.00012154254857361138
  },
  "control": "block",
  "control_tag": "ctrl-block-2-333"
}
