$ C:\Users\KOMFIG\anaconda3\python.exe -m cli analyze-cond --train C:\omega\omega\corpora\henon_a14_b03\henon_a14_b03_train.txt --holdout C:\omega\omega\corpora\henon_a14_b03\henon_a14_b03_tail.txt --mode words --label-mode ib --n 4 --k_ctx 7 --ib-clusters 64 --ib-max-contexts 9000 --stride 2 --seed 333 --bootstrap 2000 --alpha 0.05 --out-json C:\omega\omega\runs\henon\henon-n4-k7-cl64-ctx9000-s2-sd333-bs2000-a0p05-f07f643ce0f5\henon-n4-k7-cl64-ctx9000-s2-sd333-bs2000-a0p05-f07f643ce0f5.json

50/2000 100/2000 150/2000 200/2000 250/2000 300/2000 350/2000 400/2000 450/2000 500/2000 550/2000 600/2000 650/2000 700/2000 750/2000 800/2000 850/2000 900/2000 950/2000 1000/2000 1050/2000 1100/2000 1150/2000 1200/2000 1250/2000 1300/2000 1350/2000 1400/2000 1450/2000 1500/2000 1550/2000 1600/2000 1650/2000 1700/2000 1750/2000 1800/2000 1850/2000 1900/2000 1950/2000 2000/2000 50/2000 100/2000 150/2000 200/2000 250/2000 300/2000 350/2000 400/2000 450/2000 500/2000 550/2000 600/2000 650/2000 700/2000 750/2000 800/2000 850/2000 900/2000 950/2000 1000/2000 1050/2000 1100/2000 1150/2000 1200/2000 1250/2000 1300/2000 1350/2000 1400/2000 1450/2000 1500/2000 1550/2000 1600/2000 1650/2000 1700/2000 1750/2000 1800/2000 1850/2000 1900/2000 1950/2000 2000/2000 {
  "H_base": 0.8699658146768667,
  "H_ib": 0.8764848852048065,
  "H_hash": 4.0510769038008565,
  "delta_ib": {
    "mean": 0.006519070527939752,
    "lo95": -0.006222712218038914,
    "hi95": 0.02025648196450265,
    "p_le_0": 0.1775
  },
  "delta_hash": {
    "mean": 3.1811110891239895,
    "lo95": 3.0922943798324707,
    "hi95": 3.2632925986776002,
    "p_le_0": 0.0
  },
  "k_ctx": 7,
  "ib_clusters": 64,
  "stride": 2,
  "label_mode": "ib",
  "null_label": "C-1",
  "n_clusters": 64,
  "n_gram_order": 4,
  "coverage_train": {
    "full_frac": 0.792030233979881,
    "backoff_frac": 0.20796976602011893,
    "null_frac": 0.000389040182293114
  },
  "coverage_test": {
    "full_frac": 0.743100852985449,
    "backoff_frac": 0.2568991470145509,
    "null_frac": 0.0035122930255895636
  },
  "notes": "Bits/token. delta<0 means conditional helps. Hash control preserves label histogram."
}

[omega] summary (first variant):
  tag=true  d_I_pred-=-0.006519  d_hash-=-3.181111  SCR_lzma-=--7.025e-06  energy=928
