$ C:\Users\KOMFIG\anaconda3\python.exe -m cli analyze-cond --train C:\omega\omega\corpora\lorenz_sigma10_rho28\lorenz_sigma10_rho28_train.txt --holdout C:\omega\omega\corpora\lorenz_sigma10_rho28\lorenz_sigma10_rho28_tail.txt --mode words --label-mode ib --control block --control_block 2 --n 3 --k_ctx 5 --ib-clusters 32 --ib-max-contexts 9000 --stride 1 --seed 111 --bootstrap 2000 --alpha 0.05 --out-json C:\omega\omega\runs\lorenz63\lorenz63-n3-k5-cl32-ctx9000-s1-sd111-bs2000-a0p05-tblock_B2_shuffle-a9a81a663346\lorenz63-n3-k5-cl32-ctx9000-s1-sd111-bs2000-a0p05-tblock_B2_shuffle-a9a81a663346.json

[control] ctrl-block-2-111  train_sha=4aaef41c9870  test_sha=1c478daddb4a  Ztest_sha=3df6ea48620a
{
  "H_base": 2.5699526488454447,
  "H_ib": 2.5605207139146513,
  "H_hash": 2.568955446218836,
  "delta_ib": {
    "mean": -0.009431934930793263,
    "lo95": -0.016183968558489886,
    "hi95": -0.0034276898677013034,
    "p_le_0": 1.0
  },
  "delta_hash": {
    "mean": -0.0009972026266085942,
    "lo95": -0.009410903279180044,
    "hi95": 0.007424500207181781,
    "p_le_0": 0.585
  },
  "k_ctx": 5,
  "ib_clusters": 32,
  "stride": 1,
  "label_mode": "ib",
  "null_label": "C-1",
  "n_clusters": 32,
  "n_gram_order": 3,
  "coverage_train": {
    "full_frac": 0.13687135315365379,
    "backoff_frac": 0.8631286468463462,
    "null_frac": 0.0002778549597110308
  },
  "coverage_test": {
    "full_frac": 0.07468671679197995,
    "backoff_frac": 0.9253132832080201,
    "null_frac": 0.002506265664160401
  },
  "control": "block",
  "control_tag": "ctrl-block-2-111"
}
