$ C:\Users\KOMFIG\anaconda3\python.exe -m cli analyze-cond --train C:\omega\omega\corpora\lorenz_sigma10_rho28\lorenz_sigma10_rho28_train.txt --holdout C:\omega\omega\corpora\lorenz_sigma10_rho28\lorenz_sigma10_rho28_tail.txt --mode words --label-mode ib --n 4 --k_ctx 7 --ib-clusters 32 --ib-max-contexts 9000 --stride 2 --seed 333 --bootstrap 2000 --alpha 0.05 --out-json C:\omega\omega\runs\lorenz63\lorenz63-n4-k7-cl32-ctx9000-s2-sd333-bs2000-a0p05-9fa77d77f833\lorenz63-n4-k7-cl32-ctx9000-s2-sd333-bs2000-a0p05-9fa77d77f833.json

50/2000 100/2000 150/2000 200/2000 250/2000 300/2000 350/2000 400/2000 450/2000 500/2000 550/2000 600/2000 650/2000 700/2000 750/2000 800/2000 850/2000 900/2000 950/2000 1000/2000 1050/2000 1100/2000 1150/2000 1200/2000 1250/2000 1300/2000 1350/2000 1400/2000 1450/2000 1500/2000 1550/2000 1600/2000 1650/2000 1700/2000 1750/2000 1800/2000 1850/2000 1900/2000 1950/2000 2000/2000 50/2000 100/2000 150/2000 200/2000 250/2000 300/2000 350/2000 400/2000 450/2000 500/2000 550/2000 600/2000 650/2000 700/2000 750/2000 800/2000 850/2000 900/2000 950/2000 1000/2000 1050/2000 1100/2000 1150/2000 1200/2000 1250/2000 1300/2000 1350/2000 1400/2000 1450/2000 1500/2000 1550/2000 1600/2000 1650/2000 1700/2000 1750/2000 1800/2000 1850/2000 1900/2000 1950/2000 2000/2000 {
  "H_base": 0.7322717466475916,
  "H_ib": 0.7054646703476338,
  "H_hash": 4.700248105217881,
  "delta_ib": {
    "mean": -0.026807076299957815,
    "lo95": -0.045852818210724976,
    "hi95": -0.007964840419526454,
    "p_le_0": 0.998
  },
  "delta_hash": {
    "mean": 3.9679763585702896,
    "lo95": 3.898565463454665,
    "hi95": 4.037946288898036,
    "p_le_0": 0.0
  },
  "k_ctx": 7,
  "ib_clusters": 32,
  "stride": 2,
  "label_mode": "ib",
  "null_label": "C-1",
  "n_clusters": 32,
  "n_gram_order": 4,
  "coverage_train": {
    "full_frac": 0.9916078474962485,
    "backoff_frac": 0.008392152503751459,
    "null_frac": 0.000389040182293114
  },
  "coverage_test": {
    "full_frac": 0.9739086803813347,
    "backoff_frac": 0.02609131961866533,
    "null_frac": 0.0035122930255895636
  },
  "notes": "Bits/token. delta<0 means conditional helps. Hash control preserves label histogram."
}

[omega] summary (first variant):
  tag=true  d_I_pred-=--0.026807  d_hash-=-3.967976  SCR_lzma-=-4.928e-05  energy=544
