$ C:\Users\KOMFIG\anaconda3\python.exe -m cli analyze-cond --train C:\omega\omega\corpora\relab\relab_train.txt --holdout C:\omega\omega\corpora\relab\relab_tail.txt --mode words --label-mode ib --control block --control_block 2 --n 3 --k_ctx 7 --ib-clusters 32 --ib-max-contexts 6000 --stride 2 --seed 333 --bootstrap 2000 --alpha 0.05 --out-json C:\omega\omega\runs\rel_aberration\rel_aberration-n3-k7-cl32-ctx6000-s2-sd333-bs2000-a0p05-tblock_B2_shuffle-8158e95f59f8\rel_aberration-n3-k7-cl32-ctx6000-s2-sd333-bs2000-a0p05-tblock_B2_shuffle-8158e95f59f8.json

[hint] IB coverage is very low; consider --k_ctx 3 or --ib-clusters 16, or lower --ib-max-contexts.
[control] ctrl-block-2-333  train_sha=63052822aad6  test_sha=5330d0f60139  Ztest_sha=969d9f6da269
{
  "H_base": 1.592939637535344,
  "H_ib": 1.5932350364851895,
  "H_hash": 2.2571042252561995,
  "delta_ib": {
    "mean": 0.0002953989498454474,
    "lo95": 0.0002643059093086214,
    "hi95": 0.00032660099289356817,
    "p_le_0": 0.0
  },
  "delta_hash": {
    "mean": 0.6641645877208555,
    "lo95": 0.6545653853838118,
    "hi95": 0.6736446810467782,
    "p_le_0": 0.0
  },
  "k_ctx": 7,
  "ib_clusters": 32,
  "stride": 2,
  "label_mode": "ib",
  "null_label": "C-1",
  "n_clusters": 32,
  "n_gram_order": 3,
  "coverage_train": {
    "full_frac": 0.18348425885276762,
    "backoff_frac": 0.7852641134582903,
    "null_frac": 0.03130371373509037
  },
  "coverage_test": {
    "full_frac": 0.034726442449603254,
    "backoff_frac": 0.6129217092354974,
    "null_frac": 0.352473390863473
  },
  "control": "block",
  "control_tag": "ctrl-block-2-333"
}
