$ C:\Users\KOMFIG\anaconda3\python.exe -m cli analyze-cond --train C:\omega\omega\corpora\henon_a14_b03\henon_a14_b03_train.txt --holdout C:\omega\omega\corpora\henon_a14_b03\henon_a14_b03_tail.txt --mode words --label-mode ib --control block --control_block 2 --n 4 --k_ctx 5 --ib-clusters 64 --ib-max-contexts 9000 --stride 1 --seed 333 --bootstrap 2000 --alpha 0.05 --out-json C:\omega\omega\runs\henon\henon-n4-k5-cl64-ctx9000-s1-sd333-bs2000-a0p05-tblock_B2_shuffle-5f88dce8fd11\henon-n4-k5-cl64-ctx9000-s1-sd333-bs2000-a0p05-tblock_B2_shuffle-5f88dce8fd11.json

[hint] IB coverage is very low; consider --k_ctx 3 or --ib-clusters 16, or lower --ib-max-contexts.
[control] ctrl-block-2-333  train_sha=8c2f11121245  test_sha=942e574d4a6c  Ztest_sha=041810951164
{
  "H_base": 5.249501140039261,
  "H_ib": 5.249501140039261,
  "H_hash": 5.228575066181222,
  "delta_ib": {
    "mean": 0.0,
    "lo95": 0.0,
    "hi95": 0.0,
    "p_le_0": 1.0
  },
  "delta_hash": {
    "mean": -0.020926073858038706,
    "lo95": -0.0299981068886536,
    "hi95": -0.011490323682712482,
    "p_le_0": 1.0
  },
  "k_ctx": 5,
  "ib_clusters": 64,
  "stride": 1,
  "label_mode": "ib",
  "null_label": "C-1",
  "n_clusters": 64,
  "n_gram_order": 4,
  "coverage_train": {
    "full_frac": 0.09363712142261739,
    "backoff_frac": 0.9063628785773826,
    "null_frac": 0.0002778549597110308
  },
  "coverage_test": {
    "full_frac": 0.007017543859649123,
    "backoff_frac": 0.9929824561403509,
    "null_frac": 0.002506265664160401
  },
  "control": "block",
  "control_tag": "ctrl-block-2-333"
}
