$ C:\Users\KOMFIG\anaconda3\python.exe -m cli analyze-cond --train C:\omega\omega\corpora\stdmap\stdmap_train.txt --holdout C:\omega\omega\corpora\stdmap\stdmap_tail.txt --mode words --label-mode ib --control block --control_block 2 --n 4 --k_ctx 7 --ib-clusters 64 --ib-max-contexts 6000 --stride 2 --seed 333 --bootstrap 2000 --alpha 0.05 --out-json C:\omega\omega\runs\standard_map\standard_map-n4-k7-cl64-ctx6000-s2-sd333-bs2000-a0p05-tblock_B2_shuffle-5b1501429884\standard_map-n4-k7-cl64-ctx6000-s2-sd333-bs2000-a0p05-tblock_B2_shuffle-5b1501429884.json

[hint] IB coverage is very low; consider --k_ctx 3 or --ib-clusters 16, or lower --ib-max-contexts.
[control] ctrl-block-2-333  train_sha=cedc12216916  test_sha=bb8dce25a134  Ztest_sha=df0da91be71e
{
  "H_base": 4.093710525676749,
  "H_ib": 4.093932057700371,
  "H_hash": 4.066805963411859,
  "delta_ib": {
    "mean": 0.0002215320236217898,
    "lo95": 9.987195282684122e-05,
    "hi95": 0.00034098516269785023,
    "p_le_0": 0.0
  },
  "delta_hash": {
    "mean": -0.026904562264889787,
    "lo95": -0.029397986981414933,
    "hi95": -0.02449151889624284,
    "p_le_0": 1.0
  },
  "k_ctx": 7,
  "ib_clusters": 64,
  "stride": 2,
  "label_mode": "ib",
  "null_label": "C-1",
  "n_clusters": 64,
  "n_gram_order": 4,
  "coverage_train": {
    "full_frac": 0.03778697385150934,
    "backoff_frac": 0.9622130261484907,
    "null_frac": 3.333444448148272e-05
  },
  "coverage_test": {
    "full_frac": 0.00018890358138966363,
    "backoff_frac": 0.9998110964186103,
    "null_frac": 7.778382763103797e-05
  },
  "control": "block",
  "control_tag": "ctrl-block-2-333"
}
