$ C:\Users\KOMFIG\anaconda3\python.exe -m cli analyze-cond --train C:\omega\omega\corpora\lorenz_sigma10_rho28\lorenz_sigma10_rho28_train.txt --holdout C:\omega\omega\corpora\lorenz_sigma10_rho28\lorenz_sigma10_rho28_tail.txt --mode words --label-mode ib --control block --control_block 2 --n 4 --k_ctx 5 --ib-clusters 32 --ib-max-contexts 6000 --stride 2 --seed 111 --bootstrap 2000 --alpha 0.05 --out-json C:\omega\omega\runs\lorenz63\lorenz63-n4-k5-cl32-ctx6000-s2-sd111-bs2000-a0p05-tblock_B2_shuffle-c8bce694aebe\lorenz63-n4-k5-cl32-ctx6000-s2-sd111-bs2000-a0p05-tblock_B2_shuffle-c8bce694aebe.json

[hint] IB coverage is very low; consider --k_ctx 3 or --ib-clusters 16, or lower --ib-max-contexts.
[control] ctrl-block-2-111  train_sha=4aaef41c9870  test_sha=1c478daddb4a  Ztest_sha=32e811c38d17
{
  "H_base": 5.810018269537211,
  "H_ib": 5.810018269537211,
  "H_hash": 5.807388912917131,
  "delta_ib": {
    "mean": 0.0,
    "lo95": 0.0,
    "hi95": 0.0,
    "p_le_0": 1.0
  },
  "delta_hash": {
    "mean": -0.0026293566200796094,
    "lo95": -0.00569594779911729,
    "hi95": 0.0,
    "p_le_0": 1.0
  },
  "k_ctx": 5,
  "ib_clusters": 32,
  "stride": 2,
  "label_mode": "ib",
  "null_label": "C-1",
  "n_clusters": 32,
  "n_gram_order": 4,
  "coverage_train": {
    "full_frac": 0.10302861906085023,
    "backoff_frac": 0.8969713809391497,
    "null_frac": 0.0002778549597110308
  },
  "coverage_test": {
    "full_frac": 0.0380952380952381,
    "backoff_frac": 0.9619047619047619,
    "null_frac": 0.002506265664160401
  },
  "control": "block",
  "control_tag": "ctrl-block-2-111"
}
