$ C:\Users\KOMFIG\anaconda3\python.exe -m cli analyze-cond --train C:\omega\omega\corpora\stdmap\stdmap_train.txt --holdout C:\omega\omega\corpora\stdmap\stdmap_tail.txt --mode words --label-mode ib --n 4 --k_ctx 7 --ib-clusters 32 --ib-max-contexts 6000 --stride 2 --seed 222 --bootstrap 2000 --alpha 0.05 --out-json C:\omega\omega\runs\standard_map\standard_map-n4-k7-cl32-ctx6000-s2-sd222-bs2000-a0p05-efa0fb5b738c\standard_map-n4-k7-cl32-ctx6000-s2-sd222-bs2000-a0p05-efa0fb5b738c.json

50/2000 100/2000 150/2000 200/2000 250/2000 300/2000 350/2000 400/2000 450/2000 500/2000 550/2000 600/2000 650/2000 700/2000 750/2000 800/2000 850/2000 900/2000 950/2000 1000/2000 1050/2000 1100/2000 1150/2000 1200/2000 1250/2000 1300/2000 1350/2000 1400/2000 1450/2000 1500/2000 1550/2000 1600/2000 1650/2000 1700/2000 1750/2000 1800/2000 1850/2000 1900/2000 1950/2000 2000/2000 50/2000 100/2000 150/2000 200/2000 250/2000 300/2000 350/2000 400/2000 450/2000 500/2000 550/2000 600/2000 650/2000 700/2000 750/2000 800/2000 850/2000 900/2000 950/2000 1000/2000 1050/2000 1100/2000 1150/2000 1200/2000 1250/2000 1300/2000 1350/2000 1400/2000 1450/2000 1500/2000 1550/2000 1600/2000 1650/2000 1700/2000 1750/2000 1800/2000 1850/2000 1900/2000 1950/2000 2000/2000 {
  "H_base": 1.5281685948387733,
  "H_ib": 1.5146967104878353,
  "H_hash": 1.7632592384499177,
  "delta_ib": {
    "mean": -0.013471884350938126,
    "lo95": -0.015550461466441769,
    "hi95": -0.011382520842411504,
    "p_le_0": 1.0
  },
  "delta_hash": {
    "mean": 0.23509064361114426,
    "lo95": 0.22920950870899387,
    "hi95": 0.24105389511156544,
    "p_le_0": 0.0
  },
  "k_ctx": 7,
  "ib_clusters": 32,
  "stride": 2,
  "label_mode": "ib",
  "null_label": "C-1",
  "n_clusters": 32,
  "n_gram_order": 4,
  "coverage_train": {
    "full_frac": 0.9631273423399828,
    "backoff_frac": 0.03687265766001724,
    "null_frac": 3.333444448148272e-05
  },
  "coverage_test": {
    "full_frac": 0.3386263376040359,
    "backoff_frac": 0.6613736623959642,
    "null_frac": 7.778382763103797e-05
  },
  "notes": "Bits/token. delta<0 means conditional helps. Hash control preserves label histogram."
}

[omega] summary (first variant):
  tag=true  d_I_pred-=--0.013472  d_hash-=-0.235091  SCR_lzma-=-6.008e-07  energy=22424
