$ C:\Users\KOMFIG\anaconda3\python.exe -m cli analyze-cond --train C:\omega\omega\corpora\relab\relab_train.txt --holdout C:\omega\omega\corpora\relab\relab_tail.txt --mode words --label-mode ib --control global --n 3 --k_ctx 5 --ib-clusters 32 --ib-max-contexts 6000 --stride 2 --seed 333 --bootstrap 2000 --alpha 0.05 --out-json C:\omega\omega\runs\rel_aberration\rel_aberration-n3-k5-cl32-ctx6000-s2-sd333-bs2000-a0p05-tGLOBAL_shuffle-2f5624c1d00b\rel_aberration-n3-k5-cl32-ctx6000-s2-sd333-bs2000-a0p05-tGLOBAL_shuffle-2f5624c1d00b.json

[control] ctrl-global-333  train_sha=e57f68d7ec48  test_sha=5330d0f60139  Ztest_sha=bd378e8649f9
{
  "H_base": 4.398781753241106,
  "H_ib": 4.39832569849121,
  "H_hash": 3.53322645704483,
  "delta_ib": {
    "mean": -0.00045605474989667455,
    "lo95": -0.0005039404986358254,
    "hi95": -0.0004093091380322654,
    "p_le_0": 1.0
  },
  "delta_hash": {
    "mean": -0.8655552961962769,
    "lo95": -0.8886515549755998,
    "hi95": -0.8420414516915407,
    "p_le_0": 1.0
  },
  "k_ctx": 5,
  "ib_clusters": 32,
  "stride": 2,
  "label_mode": "ib",
  "null_label": "C-1",
  "n_clusters": 32,
  "n_gram_order": 3,
  "coverage_train": {
    "full_frac": 0.1349082927192232,
    "backoff_frac": 0.8338479854161241,
    "null_frac": 0.031280925629673724
  },
  "coverage_test": {
    "full_frac": 0.04861533119194374,
    "backoff_frac": 0.5990103307578782,
    "null_frac": 0.35246115114159215
  },
  "control": "global",
  "control_tag": "ctrl-global-333"
}
