$ C:\Users\KOMFIG\anaconda3\python.exe -m cli analyze-cond --train C:\omega\omega\corpora\ham\ham_train.txt --holdout C:\omega\omega\corpora\ham\ham_tail.txt --mode words --label-mode ib --control block --control_block 2 --n 4 --k_ctx 5 --ib-clusters 32 --ib-max-contexts 9000 --stride 1 --seed 111 --bootstrap 2000 --alpha 0.05 --out-json C:\omega\omega\runs\hamiltonian\hamiltonian-n4-k5-cl32-ctx9000-s1-sd111-bs2000-a0p05-tblock_B2_shuffle-1ac8a3cf2320\hamiltonian-n4-k5-cl32-ctx9000-s1-sd111-bs2000-a0p05-tblock_B2_shuffle-1ac8a3cf2320.json

[control] ctrl-block-2-111  train_sha=3a2c428e438c  test_sha=e010ee54e0ab  Ztest_sha=8c0fca897ad6
{
  "H_base": 5.955651825158045,
  "H_ib": 5.950628429258996,
  "H_hash": 5.719813214314595,
  "delta_ib": {
    "mean": -0.005023395899047849,
    "lo95": -0.013543111563772954,
    "hi95": -0.0002309520521584094,
    "p_le_0": 1.0
  },
  "delta_hash": {
    "mean": -0.23583861084344937,
    "lo95": -0.4172711815541527,
    "hi95": -0.08675268432180251,
    "p_le_0": 1.0
  },
  "k_ctx": 5,
  "ib_clusters": 32,
  "stride": 1,
  "label_mode": "ib",
  "null_label": "C-1",
  "n_clusters": 32,
  "n_gram_order": 4,
  "coverage_train": {
    "full_frac": 0.14993053626007224,
    "backoff_frac": 0.8500694637399278,
    "null_frac": 0.0002778549597110308
  },
  "coverage_test": {
    "full_frac": 0.08721804511278196,
    "backoff_frac": 0.912781954887218,
    "null_frac": 0.002506265664160401
  },
  "control": "block",
  "control_tag": "ctrl-block-2-111"
}
