$ C:\Users\KOMFIG\anaconda3\python.exe -m cli analyze-cond --train C:\omega\omega\corpora\lorenz_sigma10_rho28\lorenz_sigma10_rho28_train.txt --holdout C:\omega\omega\corpora\lorenz_sigma10_rho28\lorenz_sigma10_rho28_tail.txt --mode words --label-mode ib --control block --control_block 2 --n 3 --k_ctx 5 --ib-clusters 64 --ib-max-contexts 9000 --stride 2 --seed 111 --bootstrap 2000 --alpha 0.05 --out-json C:\omega\omega\runs\lorenz63\lorenz63-n3-k5-cl64-ctx9000-s2-sd111-bs2000-a0p05-tblock_B2_shuffle-d3fff500b6c8\lorenz63-n3-k5-cl64-ctx9000-s2-sd111-bs2000-a0p05-tblock_B2_shuffle-d3fff500b6c8.json

[hint] IB coverage is very low; consider --k_ctx 3 or --ib-clusters 16, or lower --ib-max-contexts.
[control] ctrl-block-2-111  train_sha=4aaef41c9870  test_sha=1c478daddb4a  Ztest_sha=eb861b5048b8
{
  "H_base": 2.5699526488454447,
  "H_ib": 2.582003870144009,
  "H_hash": 2.657944318753218,
  "delta_ib": {
    "mean": 0.012051221298564606,
    "lo95": 0.007314797792410809,
    "hi95": 0.016827478344192206,
    "p_le_0": 0.0
  },
  "delta_hash": {
    "mean": 0.08799166990777359,
    "lo95": 0.06562705307481412,
    "hi95": 0.11097238863616951,
    "p_le_0": 0.0
  },
  "k_ctx": 5,
  "ib_clusters": 64,
  "stride": 2,
  "label_mode": "ib",
  "null_label": "C-1",
  "n_clusters": 64,
  "n_gram_order": 3,
  "coverage_train": {
    "full_frac": 0.11725479299805501,
    "backoff_frac": 0.882745207001945,
    "null_frac": 0.0002778549597110308
  },
  "coverage_test": {
    "full_frac": 0.0380952380952381,
    "backoff_frac": 0.9619047619047619,
    "null_frac": 0.002506265664160401
  },
  "control": "block",
  "control_tag": "ctrl-block-2-111"
}
