$ C:\Users\KOMFIG\anaconda3\python.exe -m cli analyze-cond --train C:\omega\omega\corpora\lorenz_sigma10_rho28\lorenz_sigma10_rho28_train.txt --holdout C:\omega\omega\corpora\lorenz_sigma10_rho28\lorenz_sigma10_rho28_tail.txt --mode words --label-mode ib --control global --n 3 --k_ctx 5 --ib-clusters 32 --ib-max-contexts 9000 --stride 2 --seed 111 --bootstrap 2000 --alpha 0.05 --out-json C:\omega\omega\runs\lorenz63\lorenz63-n3-k5-cl32-ctx9000-s2-sd111-bs2000-a0p05-tGLOBAL_shuffle-ad783df91a7b\lorenz63-n3-k5-cl32-ctx9000-s2-sd111-bs2000-a0p05-tGLOBAL_shuffle-ad783df91a7b.json

[hint] IB coverage is very low; consider --k_ctx 3 or --ib-clusters 16, or lower --ib-max-contexts.
[control] ctrl-global-111  train_sha=b65df0761dd4  test_sha=1c478daddb4a  Ztest_sha=a4d9ec8b2737
{
  "H_base": 5.278110185448482,
  "H_ib": 5.27717500308869,
  "H_hash": 5.013785045230337,
  "delta_ib": {
    "mean": -0.000935182359791702,
    "lo95": -0.0028055470793751057,
    "hi95": 0.0,
    "p_le_0": 1.0
  },
  "delta_hash": {
    "mean": -0.26432514021814507,
    "lo95": -0.324885581170236,
    "hi95": -0.21316913896256715,
    "p_le_0": 1.0
  },
  "k_ctx": 5,
  "ib_clusters": 32,
  "stride": 2,
  "label_mode": "ib",
  "null_label": "C-1",
  "n_clusters": 32,
  "n_gram_order": 3,
  "coverage_train": {
    "full_frac": 0.06979716587941094,
    "backoff_frac": 0.930202834120589,
    "null_frac": 0.0002778549597110308
  },
  "coverage_test": {
    "full_frac": 0.0,
    "backoff_frac": 1.0,
    "null_frac": 0.002506265664160401
  },
  "control": "global",
  "control_tag": "ctrl-global-111"
}
