$ C:\Users\KOMFIG\anaconda3\python.exe -m cli analyze-cond --train C:\omega\omega\corpora\logistic_r39\logistic_r39_train.txt --holdout C:\omega\omega\corpora\logistic_r39\logistic_r39_tail.txt --mode words --label-mode ib --control block --control_block 2 --n 4 --k_ctx 7 --ib-clusters 32 --ib-max-contexts 6000 --stride 2 --seed 333 --bootstrap 2000 --alpha 0.05 --out-json C:\omega\omega\runs\logistic\logistic-n4-k7-cl32-ctx6000-s2-sd333-bs2000-a0p05-tblock_B2_shuffle-297195171d39\logistic-n4-k7-cl32-ctx6000-s2-sd333-bs2000-a0p05-tblock_B2_shuffle-297195171d39.json

[hint] IB coverage is very low; consider --k_ctx 3 or --ib-clusters 16, or lower --ib-max-contexts.
[control] ctrl-block-2-333  train_sha=9946eabb711d  test_sha=ed1ac80cac13  Ztest_sha=b5387df31c1e
{
  "H_base": 5.546478749330936,
  "H_ib": 5.546447244432174,
  "H_hash": 5.046845740117466,
  "delta_ib": {
    "mean": -3.150489876290008e-05,
    "lo95": -0.0001260195950516003,
    "hi95": 0.0,
    "p_le_0": 0.983
  },
  "delta_hash": {
    "mean": -0.4996330092134703,
    "lo95": -0.561803250955477,
    "hi95": -0.4379640916323397,
    "p_le_0": 1.0
  },
  "k_ctx": 7,
  "ib_clusters": 32,
  "stride": 2,
  "label_mode": "ib",
  "null_label": "C-1",
  "n_clusters": 32,
  "n_gram_order": 4,
  "coverage_train": {
    "full_frac": 0.07019396431945757,
    "backoff_frac": 0.9298060356805424,
    "null_frac": 0.000389040182293114
  },
  "coverage_test": {
    "full_frac": 0.0,
    "backoff_frac": 1.0,
    "null_frac": 0.0035122930255895636
  },
  "control": "block",
  "control_tag": "ctrl-block-2-333"
}
