$ C:\Users\KOMFIG\anaconda3\python.exe -m cli analyze-cond --train C:\omega\omega\corpora\cat_N1024\cat_N1024_train.txt --holdout C:\omega\omega\corpora\cat_N1024\cat_N1024_tail.txt --mode words --label-mode ib --control block --control_block 2 --n 3 --k_ctx 5 --ib-clusters 32 --ib-max-contexts 6000 --stride 1 --seed 333 --bootstrap 2000 --alpha 0.05 --out-json C:\omega\omega\runs\arnold_cat\arnold_cat-n3-k5-cl32-ctx6000-s1-sd333-bs2000-a0p05-tblock_B2_shuffle-c4012f253bbf\arnold_cat-n3-k5-cl32-ctx6000-s1-sd333-bs2000-a0p05-tblock_B2_shuffle-c4012f253bbf.json

[hint] IB coverage is very low; consider --k_ctx 3 or --ib-clusters 16, or lower --ib-max-contexts.
[control] ctrl-block-2-333  train_sha=439d06aec476  test_sha=48a836168796  Ztest_sha=c538078c25b0
{
  "H_base": 5.329132934303331,
  "H_ib": 5.333327810967291,
  "H_hash": 5.055629544292167,
  "delta_ib": {
    "mean": 0.004194876663960136,
    "lo95": -0.0007321532214367375,
    "hi95": 0.009718161597276896,
    "p_le_0": 0.052
  },
  "delta_hash": {
    "mean": -0.27350339001116475,
    "lo95": -0.31433762648978375,
    "hi95": -0.23672099529787172,
    "p_le_0": 1.0
  },
  "k_ctx": 5,
  "ib_clusters": 32,
  "stride": 1,
  "label_mode": "ib",
  "null_label": "C-1",
  "n_clusters": 32,
  "n_gram_order": 3,
  "coverage_train": {
    "full_frac": 0.07157543762156154,
    "backoff_frac": 0.9284245623784384,
    "null_frac": 0.0002778549597110308
  },
  "coverage_test": {
    "full_frac": 0.005513784461152882,
    "backoff_frac": 0.9944862155388471,
    "null_frac": 0.002506265664160401
  },
  "control": "block",
  "control_tag": "ctrl-block-2-333"
}
