$ C:\Users\KOMFIG\anaconda3\python.exe -m cli analyze-cond --train C:\omega\omega\corpora\stdmap\stdmap_train.txt --holdout C:\omega\omega\corpora\stdmap\stdmap_tail.txt --mode words --label-mode ib --control block --control_block 2 --n 3 --k_ctx 5 --ib-clusters 64 --ib-max-contexts 9000 --stride 2 --seed 333 --bootstrap 2000 --alpha 0.05 --out-json C:\omega\omega\runs\standard_map\standard_map-n3-k5-cl64-ctx9000-s2-sd333-bs2000-a0p05-tblock_B2_shuffle-8f93dc92f678\standard_map-n3-k5-cl64-ctx9000-s2-sd333-bs2000-a0p05-tblock_B2_shuffle-8f93dc92f678.json

[control] ctrl-block-2-333  train_sha=cedc12216916  test_sha=bb8dce25a134  Ztest_sha=ea638bb7ddae
{
  "H_base": 3.4630217005588713,
  "H_ib": 3.475411916568675,
  "H_hash": 3.4532519250550924,
  "delta_ib": {
    "mean": 0.012390216009803638,
    "lo95": 0.010508917290695849,
    "hi95": 0.014174720056177512,
    "p_le_0": 0.0
  },
  "delta_hash": {
    "mean": -0.009769775503779048,
    "lo95": -0.010765758538001479,
    "hi95": -0.008791097149103916,
    "p_le_0": 1.0
  },
  "k_ctx": 5,
  "ib_clusters": 64,
  "stride": 2,
  "label_mode": "ib",
  "null_label": "C-1",
  "n_clusters": 64,
  "n_gram_order": 3,
  "coverage_train": {
    "full_frac": 0.2937974713683659,
    "backoff_frac": 0.7062025286316341,
    "null_frac": 2.381009071644563e-05
  },
  "coverage_test": {
    "full_frac": 0.044891382854603035,
    "backoff_frac": 0.955108617145397,
    "null_frac": 5.555864214678593e-05
  },
  "control": "block",
  "control_tag": "ctrl-block-2-333"
}
