$ C:\Users\KOMFIG\anaconda3\python.exe -m cli analyze-cond --train C:\omega\omega\corpora\stdmap\stdmap_train.txt --holdout C:\omega\omega\corpora\stdmap\stdmap_tail.txt --mode words --label-mode ib --control block --control_block 2 --n 3 --k_ctx 5 --ib-clusters 32 --ib-max-contexts 9000 --stride 1 --seed 111 --bootstrap 2000 --alpha 0.05 --out-json C:\omega\omega\runs\standard_map\standard_map-n3-k5-cl32-ctx9000-s1-sd111-bs2000-a0p05-tblock_B2_shuffle-7424709ae474\standard_map-n3-k5-cl32-ctx9000-s1-sd111-bs2000-a0p05-tblock_B2_shuffle-7424709ae474.json

[hint] IB coverage is very low; consider --k_ctx 3 or --ib-clusters 16, or lower --ib-max-contexts.
[control] ctrl-block-2-111  train_sha=9eaba193e45c  test_sha=bb8dce25a134  Ztest_sha=8172540416ac
{
  "H_base": 3.4425993180014416,
  "H_ib": 3.439156119120371,
  "H_hash": 3.4382882592749966,
  "delta_ib": {
    "mean": -0.003443198881070602,
    "lo95": -0.0037964776850178206,
    "hi95": -0.0030450855426420636,
    "p_le_0": 1.0
  },
  "delta_hash": {
    "mean": -0.0043110587264447615,
    "lo95": -0.0047631490008772474,
    "hi95": -0.0038296627949368626,
    "p_le_0": 1.0
  },
  "k_ctx": 5,
  "ib_clusters": 32,
  "stride": 1,
  "label_mode": "ib",
  "null_label": "C-1",
  "n_clusters": 32,
  "n_gram_order": 3,
  "coverage_train": {
    "full_frac": 0.31397414224148196,
    "backoff_frac": 0.6860258577585181,
    "null_frac": 2.381009071644563e-05
  },
  "coverage_test": {
    "full_frac": 0.029734985276959832,
    "backoff_frac": 0.9702650147230402,
    "null_frac": 5.555864214678593e-05
  },
  "control": "block",
  "control_tag": "ctrl-block-2-111"
}
