$ C:\Users\KOMFIG\anaconda3\python.exe -m cli analyze-cond --train C:\omega\omega\corpora\logistic_r39\logistic_r39_train.txt --holdout C:\omega\omega\corpora\logistic_r39\logistic_r39_tail.txt --mode words --label-mode ib --control block --control_block 2 --n 4 --k_ctx 7 --ib-clusters 64 --ib-max-contexts 9000 --stride 2 --seed 333 --bootstrap 2000 --alpha 0.05 --out-json C:\omega\omega\runs\logistic\logistic-n4-k7-cl64-ctx9000-s2-sd333-bs2000-a0p05-tblock_B2_shuffle-a474a0559fa7\logistic-n4-k7-cl64-ctx9000-s2-sd333-bs2000-a0p05-tblock_B2_shuffle-a474a0559fa7.json

[hint] IB coverage is very low; consider --k_ctx 3 or --ib-clusters 16, or lower --ib-max-contexts.
[control] ctrl-block-2-333  train_sha=9946eabb711d  test_sha=ed1ac80cac13  Ztest_sha=0742d58f17f1
{
  "H_base": 5.546478749330936,
  "H_ib": 5.546447244432174,
  "H_hash": 5.049008593597469,
  "delta_ib": {
    "mean": -3.150489876290008e-05,
    "lo95": -0.0001260195950516003,
    "hi95": 0.0,
    "p_le_0": 0.983
  },
  "delta_hash": {
    "mean": -0.4974701557334677,
    "lo95": -0.5615653849467664,
    "hi95": -0.43377598243282894,
    "p_le_0": 1.0
  },
  "k_ctx": 7,
  "ib_clusters": 64,
  "stride": 2,
  "label_mode": "ib",
  "null_label": "C-1",
  "n_clusters": 64,
  "n_gram_order": 4,
  "coverage_train": {
    "full_frac": 0.08442171955760573,
    "backoff_frac": 0.9155782804423943,
    "null_frac": 0.000389040182293114
  },
  "coverage_test": {
    "full_frac": 0.0,
    "backoff_frac": 1.0,
    "null_frac": 0.0035122930255895636
  },
  "control": "block",
  "control_tag": "ctrl-block-2-333"
}
