$ C:\Users\KOMFIG\anaconda3\python.exe -m cli analyze-cond --train C:\omega\omega\corpora\ising2d_T2269_L64\ising2d_T2269_L64_train.txt --holdout C:\omega\omega\corpora\ising2d_T2269_L64\ising2d_T2269_L64_tail.txt --mode words --label-mode ib --control global --n 3 --k_ctx 5 --ib-clusters 64 --ib-max-contexts 6000 --stride 1 --seed 111 --bootstrap 2000 --alpha 0.05 --out-json C:\omega\omega\runs\ising2d_fixed\ising2d_fixed-n3-k5-cl64-ctx6000-s1-sd111-bs2000-a0p05-tglobal_shuffle-942946e94479\ising2d_fixed-n3-k5-cl64-ctx6000-s1-sd111-bs2000-a0p05-tglobal_shuffle-942946e94479.json

[hint] IB coverage is very low; consider --k_ctx 3 or --ib-clusters 16, or lower --ib-max-contexts.
[control] ctrl-global-111  train_sha=4bf2a726a9e4  test_sha=23589b99d5d3  Ztest_sha=2ee66a7ff46d
{
  "H_base": 5.252291420871503,
  "H_ib": 5.2513071881873605,
  "H_hash": 5.020606014196304,
  "delta_ib": {
    "mean": -0.0009842326841416824,
    "lo95": -0.0026689050864244566,
    "hi95": 0.0,
    "p_le_0": 1.0
  },
  "delta_hash": {
    "mean": -0.23168540667519869,
    "lo95": -0.29563335492376974,
    "hi95": -0.1657112975929703,
    "p_le_0": 1.0
  },
  "k_ctx": 5,
  "ib_clusters": 64,
  "stride": 1,
  "label_mode": "ib",
  "null_label": "C-1",
  "n_clusters": 64,
  "n_gram_order": 3,
  "coverage_train": {
    "full_frac": 0.08430119477632676,
    "backoff_frac": 0.9156988052236732,
    "null_frac": 0.0002778549597110308
  },
  "coverage_test": {
    "full_frac": 0.0,
    "backoff_frac": 1.0,
    "null_frac": 0.002506265664160401
  },
  "control": "global",
  "control_tag": "ctrl-global-111"
}
