$ C:\Users\KOMFIG\anaconda3\python.exe -m cli analyze-cond --train C:\omega\omega\corpora\cat_N1024\cat_N1024_train.txt --holdout C:\omega\omega\corpora\cat_N1024\cat_N1024_tail.txt --mode words --label-mode ib --control block --control_block 2 --n 4 --k_ctx 5 --ib-clusters 32 --ib-max-contexts 9000 --stride 2 --seed 333 --bootstrap 2000 --alpha 0.05 --out-json C:\omega\omega\runs\arnold_cat\arnold_cat-n4-k5-cl32-ctx9000-s2-sd333-bs2000-a0p05-tblock_B2_shuffle-a28e5c883720\arnold_cat-n4-k5-cl32-ctx9000-s2-sd333-bs2000-a0p05-tblock_B2_shuffle-a28e5c883720.json

[hint] IB coverage is very low; consider --k_ctx 3 or --ib-clusters 16, or lower --ib-max-contexts.
[control] ctrl-block-2-333  train_sha=439d06aec476  test_sha=48a836168796  Ztest_sha=da437d97a3aa
{
  "H_base": 5.017516568814675,
  "H_ib": 5.017516568814675,
  "H_hash": 5.001540782520967,
  "delta_ib": {
    "mean": 0.0,
    "lo95": 0.0,
    "hi95": 0.0,
    "p_le_0": 1.0
  },
  "delta_hash": {
    "mean": -0.015975786293707963,
    "lo95": -0.027706795598043656,
    "hi95": -0.002592305457796381,
    "p_le_0": 0.994
  },
  "k_ctx": 5,
  "ib_clusters": 32,
  "stride": 2,
  "label_mode": "ib",
  "null_label": "C-1",
  "n_clusters": 32,
  "n_gram_order": 4,
  "coverage_train": {
    "full_frac": 0.07057515976660184,
    "backoff_frac": 0.9294248402333982,
    "null_frac": 0.0002778549597110308
  },
  "coverage_test": {
    "full_frac": 0.0040100250626566416,
    "backoff_frac": 0.9959899749373433,
    "null_frac": 0.002506265664160401
  },
  "control": "block",
  "control_tag": "ctrl-block-2-333"
}
