$ C:\Users\KOMFIG\anaconda3\python.exe -m cli analyze-cond --train C:\omega\omega\corpora\ising2d_T2269_L64\ising2d_T2269_L64_train.txt --holdout C:\omega\omega\corpora\ising2d_T2269_L64\ising2d_T2269_L64_tail.txt --mode words --label-mode ib --control block --control_block 2 --n 3 --k_ctx 7 --ib-clusters 32 --ib-max-contexts 9000 --stride 2 --seed 111 --bootstrap 2000 --alpha 0.05 --out-json C:\omega\omega\runs\ising2d_fixed\ising2d_fixed-n3-k7-cl32-ctx9000-s2-sd111-bs2000-a0p05-tblock_B2_shuffle-d38df65e94b9\ising2d_fixed-n3-k7-cl32-ctx9000-s2-sd111-bs2000-a0p05-tblock_B2_shuffle-d38df65e94b9.json

[hint] IB coverage is very low; consider --k_ctx 3 or --ib-clusters 16, or lower --ib-max-contexts.
[control] ctrl-block-2-111  train_sha=2cfa503697ea  test_sha=23589b99d5d3  Ztest_sha=8e57b6ea9bf4
{
  "H_base": 3.9183900814098047,
  "H_ib": 3.9261792281323133,
  "H_hash": 4.88456928690721,
  "delta_ib": {
    "mean": 0.0077891467225086495,
    "lo95": -0.0014151959983428571,
    "hi95": 0.020540054694231237,
    "p_le_0": 0.0655
  },
  "delta_hash": {
    "mean": 0.9661792054974057,
    "lo95": 0.6345812940920722,
    "hi95": 1.3005907810370854,
    "p_le_0": 0.0
  },
  "k_ctx": 7,
  "ib_clusters": 32,
  "stride": 2,
  "label_mode": "ib",
  "null_label": "C-1",
  "n_clusters": 32,
  "n_gram_order": 3,
  "coverage_train": {
    "full_frac": 0.06980492413716445,
    "backoff_frac": 0.9301950758628356,
    "null_frac": 0.000389040182293114
  },
  "coverage_test": {
    "full_frac": 0.0,
    "backoff_frac": 1.0,
    "null_frac": 0.0035122930255895636
  },
  "control": "block",
  "control_tag": "ctrl-block-2-111"
}
