$ C:\Users\KOMFIG\anaconda3\python.exe -m cli analyze-cond --train C:\omega\omega\corpora\ham\ham_train.txt --holdout C:\omega\omega\corpora\ham\ham_tail.txt --mode words --label-mode ib --control global --n 3 --k_ctx 7 --ib-clusters 64 --ib-max-contexts 6000 --stride 1 --seed 333 --bootstrap 2000 --alpha 0.05 --out-json C:\omega\omega\runs\hamiltonian\hamiltonian-n3-k7-cl64-ctx6000-s1-sd333-bs2000-a0p05-tGLOBAL_shuffle-827f0c92250b\hamiltonian-n3-k7-cl64-ctx6000-s1-sd333-bs2000-a0p05-tGLOBAL_shuffle-827f0c92250b.json

[hint] IB coverage is very low; consider --k_ctx 3 or --ib-clusters 16, or lower --ib-max-contexts.
[control] ctrl-global-333  train_sha=f5423d18054c  test_sha=e010ee54e0ab  Ztest_sha=0827a9e3f7c0
{
  "H_base": 5.3044212129695225,
  "H_ib": 5.30302033353324,
  "H_hash": 5.013859818848323,
  "delta_ib": {
    "mean": -0.0014008794362821834,
    "lo95": -0.004202638308846551,
    "hi95": 0.0,
    "p_le_0": 1.0
  },
  "delta_hash": {
    "mean": -0.2905613941211992,
    "lo95": -0.39385524377528985,
    "hi95": -0.19557265366049617,
    "p_le_0": 1.0
  },
  "k_ctx": 7,
  "ib_clusters": 64,
  "stride": 1,
  "label_mode": "ib",
  "null_label": "C-1",
  "n_clusters": 64,
  "n_gram_order": 3,
  "coverage_train": {
    "full_frac": 0.08403267937531263,
    "backoff_frac": 0.9159673206246873,
    "null_frac": 0.000389040182293114
  },
  "coverage_test": {
    "full_frac": 0.0,
    "backoff_frac": 1.0,
    "null_frac": 0.0035122930255895636
  },
  "control": "global",
  "control_tag": "ctrl-global-333"
}
