$ C:\Users\KOMFIG\anaconda3\python.exe -m cli analyze-cond --train C:\omega\omega\corpora\stdmap\stdmap_train.txt --holdout C:\omega\omega\corpora\stdmap\stdmap_tail.txt --mode words --label-mode ib --control block --control_block 2 --n 3 --k_ctx 5 --ib-clusters 64 --ib-max-contexts 9000 --stride 1 --seed 111 --bootstrap 2000 --alpha 0.05 --out-json C:\omega\omega\runs\standard_map\standard_map-n3-k5-cl64-ctx9000-s1-sd111-bs2000-a0p05-tblock_B2_shuffle-11b35ffd4e1f\standard_map-n3-k5-cl64-ctx9000-s1-sd111-bs2000-a0p05-tblock_B2_shuffle-11b35ffd4e1f.json

[hint] IB coverage is very low; consider --k_ctx 3 or --ib-clusters 16, or lower --ib-max-contexts.
[control] ctrl-block-2-111  train_sha=9eaba193e45c  test_sha=bb8dce25a134  Ztest_sha=ca00fb1a5022
{
  "H_base": 3.4425993180014416,
  "H_ib": 3.4397704348458498,
  "H_hash": 3.4218292952215448,
  "delta_ib": {
    "mean": -0.0028288831555917274,
    "lo95": -0.0032496930914439424,
    "hi95": -0.0023561837642993464,
    "p_le_0": 1.0
  },
  "delta_hash": {
    "mean": -0.02077002277989669,
    "lo95": -0.02235848429746502,
    "hi95": -0.019053711988306944,
    "p_le_0": 1.0
  },
  "k_ctx": 5,
  "ib_clusters": 64,
  "stride": 1,
  "label_mode": "ib",
  "null_label": "C-1",
  "n_clusters": 64,
  "n_gram_order": 3,
  "coverage_train": {
    "full_frac": 0.3571656468011143,
    "backoff_frac": 0.6428343531988857,
    "null_frac": 2.381009071644563e-05
  },
  "coverage_test": {
    "full_frac": 0.036546474804155786,
    "backoff_frac": 0.9634535251958443,
    "null_frac": 5.555864214678593e-05
  },
  "control": "block",
  "control_tag": "ctrl-block-2-111"
}
