$ C:\Users\KOMFIG\anaconda3\python.exe -m cli analyze-cond --train C:\omega\omega\corpora\ising1d\ising1d_train.txt --holdout C:\omega\omega\corpora\ising1d\ising1d_tail.txt --mode words --label-mode ib --n 4 --k_ctx 7 --ib-clusters 64 --ib-max-contexts 6000 --stride 1 --seed 111 --bootstrap 2000 --alpha 0.05 --out-json C:\omega\omega\runs\ising1d\ising1d-n4-k7-cl64-ctx6000-s1-sd111-bs2000-a0p05-19117f759f73\ising1d-n4-k7-cl64-ctx6000-s1-sd111-bs2000-a0p05-19117f759f73.json

50/2000 100/2000 150/2000 200/2000 250/2000 300/2000 350/2000 400/2000 450/2000 500/2000 550/2000 600/2000 650/2000 700/2000 750/2000 800/2000 850/2000 900/2000 950/2000 1000/2000 1050/2000 1100/2000 1150/2000 1200/2000 1250/2000 1300/2000 1350/2000 1400/2000 1450/2000 1500/2000 1550/2000 1600/2000 1650/2000 1700/2000 1750/2000 1800/2000 1850/2000 1900/2000 1950/2000 2000/2000 50/2000 100/2000 150/2000 200/2000 250/2000 300/2000 350/2000 400/2000 450/2000 500/2000 550/2000 600/2000 650/2000 700/2000 750/2000 800/2000 850/2000 900/2000 950/2000 1000/2000 1050/2000 1100/2000 1150/2000 1200/2000 1250/2000 1300/2000 1350/2000 1400/2000 1450/2000 1500/2000 1550/2000 1600/2000 1650/2000 1700/2000 1750/2000 1800/2000 1850/2000 1900/2000 1950/2000 2000/2000 {
  "H_base": 2.8452917226815764,
  "H_ib": 2.8491688695327717,
  "H_hash": 2.8598917981117356,
  "delta_ib": {
    "mean": 0.0038771468511956592,
    "lo95": 0.002998725688787832,
    "hi95": 0.004828724694724656,
    "p_le_0": 0.0
  },
  "delta_hash": {
    "mean": 0.014600075430159407,
    "lo95": 0.01215176295094575,
    "hi95": 0.01711870710723758,
    "p_le_0": 0.0
  },
  "k_ctx": 7,
  "ib_clusters": 64,
  "stride": 1,
  "label_mode": "ib",
  "null_label": "C-1",
  "n_clusters": 64,
  "n_gram_order": 4,
  "coverage_train": {
    "full_frac": 0.06859752467939408,
    "backoff_frac": 0.9314024753206059,
    "null_frac": 3.333444448148272e-05
  },
  "coverage_test": {
    "full_frac": 0.055037614036647295,
    "backoff_frac": 0.9449623859633527,
    "null_frac": 7.778382763103797e-05
  },
  "notes": "Bits/token. delta<0 means conditional helps. Hash control preserves label histogram."
}

[omega] summary (first variant):
  tag=true  d_I_pred-=-0.003877  d_hash-=-0.014600  SCR_lzma-=--1.013e-07  energy=38272
