$ C:\Users\KOMFIG\anaconda3\python.exe -m cli analyze-cond --train C:\omega\omega\corpora\henon_a14_b03\henon_a14_b03_train.txt --holdout C:\omega\omega\corpora\henon_a14_b03\henon_a14_b03_tail.txt --mode words --label-mode ib --n 3 --k_ctx 7 --ib-clusters 32 --ib-max-contexts 9000 --stride 2 --seed 111 --bootstrap 2000 --alpha 0.05 --out-json C:\omega\omega\runs\henon\henon-n3-k7-cl32-ctx9000-s2-sd111-bs2000-a0p05-c23fdeaa7d0a\henon-n3-k7-cl32-ctx9000-s2-sd111-bs2000-a0p05-c23fdeaa7d0a.json

50/2000 100/2000 150/2000 200/2000 250/2000 300/2000 350/2000 400/2000 450/2000 500/2000 550/2000 600/2000 650/2000 700/2000 750/2000 800/2000 850/2000 900/2000 950/2000 1000/2000 1050/2000 1100/2000 1150/2000 1200/2000 1250/2000 1300/2000 1350/2000 1400/2000 1450/2000 1500/2000 1550/2000 1600/2000 1650/2000 1700/2000 1750/2000 1800/2000 1850/2000 1900/2000 1950/2000 2000/2000 50/2000 100/2000 150/2000 200/2000 250/2000 300/2000 350/2000 400/2000 450/2000 500/2000 550/2000 600/2000 650/2000 700/2000 750/2000 800/2000 850/2000 900/2000 950/2000 1000/2000 1050/2000 1100/2000 1150/2000 1200/2000 1250/2000 1300/2000 1350/2000 1400/2000 1450/2000 1500/2000 1550/2000 1600/2000 1650/2000 1700/2000 1750/2000 1800/2000 1850/2000 1900/2000 1950/2000 2000/2000 {
  "H_base": 0.8787513803793275,
  "H_ib": 0.8780094013154691,
  "H_hash": 3.0667728577001325,
  "delta_ib": {
    "mean": -0.0007419790638584355,
    "lo95": -0.010876260018635843,
    "hi95": 0.012304135325499503,
    "p_le_0": 0.6005
  },
  "delta_hash": {
    "mean": 2.188021477320805,
    "lo95": 2.1152543732261244,
    "hi95": 2.263858939843716,
    "p_le_0": 0.0
  },
  "k_ctx": 7,
  "ib_clusters": 32,
  "stride": 2,
  "label_mode": "ib",
  "null_label": "C-1",
  "n_clusters": 32,
  "n_gram_order": 3,
  "coverage_train": {
    "full_frac": 0.7365642194186628,
    "backoff_frac": 0.2634357805813372,
    "null_frac": 0.000389040182293114
  },
  "coverage_test": {
    "full_frac": 0.6904164576016056,
    "backoff_frac": 0.30958354239839436,
    "null_frac": 0.0035122930255895636
  },
  "notes": "Bits/token. delta<0 means conditional helps. Hash control preserves label histogram."
}

[omega] summary (first variant):
  tag=true  d_I_pred-=--0.000742  d_hash-=-2.188021  SCR_lzma-=-7.995e-07  energy=928
