$ C:\Users\KOMFIG\anaconda3\python.exe -m cli analyze-cond --train C:\omega\omega\corpora\ising1d\ising1d_train.txt --holdout C:\omega\omega\corpora\ising1d\ising1d_tail.txt --mode words --label-mode ib --control block --control_block 2 --n 3 --k_ctx 5 --ib-clusters 64 --ib-max-contexts 9000 --stride 2 --seed 333 --bootstrap 2000 --alpha 0.05 --out-json C:\omega\omega\runs\ising1d\ising1d-n3-k5-cl64-ctx9000-s2-sd333-bs2000-a0p05-tblock_B2_shuffle-030511f2eb44\ising1d-n3-k5-cl64-ctx9000-s2-sd333-bs2000-a0p05-tblock_B2_shuffle-030511f2eb44.json

[control] ctrl-block-2-333  train_sha=bd203e6fdb4a  test_sha=2b5b37619f52  Ztest_sha=0776da0ad72d
{
  "H_base": 2.826837415247051,
  "H_ib": 2.828836889330367,
  "H_hash": 2.8314125764156253,
  "delta_ib": {
    "mean": 0.0019994740833162153,
    "lo95": 0.0014282358863737497,
    "hi95": 0.0025552189580671614,
    "p_le_0": 0.0
  },
  "delta_hash": {
    "mean": 0.004575161168574422,
    "lo95": 0.004066941617539176,
    "hi95": 0.005091480222323294,
    "p_le_0": 0.0
  },
  "k_ctx": 5,
  "ib_clusters": 64,
  "stride": 2,
  "label_mode": "ib",
  "null_label": "C-1",
  "n_clusters": 64,
  "n_gram_order": 3,
  "coverage_train": {
    "full_frac": 0.12390295007023977,
    "backoff_frac": 0.8760970499297602,
    "null_frac": 2.381009071644563e-05
  },
  "coverage_test": {
    "full_frac": 0.1574087449302739,
    "backoff_frac": 0.8425912550697261,
    "null_frac": 5.555864214678593e-05
  },
  "control": "block",
  "control_tag": "ctrl-block-2-333"
}
