$ C:\Users\KOMFIG\anaconda3\python.exe -m cli analyze-cond --train C:\omega\omega\corpora\stdmap\stdmap_train.txt --holdout C:\omega\omega\corpora\stdmap\stdmap_tail.txt --mode words --label-mode ib --control global --n 4 --k_ctx 7 --ib-clusters 64 --ib-max-contexts 6000 --stride 2 --seed 333 --bootstrap 2000 --alpha 0.05 --out-json C:\omega\omega\runs\standard_map\standard_map-n4-k7-cl64-ctx6000-s2-sd333-bs2000-a0p05-tGLOBAL_shuffle-01bbf8182b6a\standard_map-n4-k7-cl64-ctx6000-s2-sd333-bs2000-a0p05-tGLOBAL_shuffle-01bbf8182b6a.json

[hint] IB coverage is very low; consider --k_ctx 3 or --ib-clusters 16, or lower --ib-max-contexts.
[control] ctrl-global-333  train_sha=e58af048bda6  test_sha=bb8dce25a134  Ztest_sha=7482b2875f26
{
  "H_base": 3.992799039930589,
  "H_ib": 3.993581693214682,
  "H_hash": 3.073655368844242,
  "delta_ib": {
    "mean": 0.0007826532840929372,
    "lo95": 0.0005266460165019109,
    "hi95": 0.0010201537004305276,
    "p_le_0": 0.0
  },
  "delta_hash": {
    "mean": -0.919143671086347,
    "lo95": -0.9430759961209527,
    "hi95": -0.8955061748519226,
    "p_le_0": 1.0
  },
  "k_ctx": 7,
  "ib_clusters": 64,
  "stride": 2,
  "label_mode": "ib",
  "null_label": "C-1",
  "n_clusters": 64,
  "n_gram_order": 4,
  "coverage_train": {
    "full_frac": 0.016157681446524408,
    "backoff_frac": 0.9838423185534756,
    "null_frac": 3.333444448148272e-05
  },
  "coverage_test": {
    "full_frac": 0.0,
    "backoff_frac": 1.0,
    "null_frac": 7.778382763103797e-05
  },
  "control": "global",
  "control_tag": "ctrl-global-333"
}
