$ C:\Users\KOMFIG\anaconda3\python.exe -m cli analyze-cond --train C:\omega\omega\corpora\logistic_r39\logistic_r39_train.txt --holdout C:\omega\omega\corpora\logistic_r39\logistic_r39_tail.txt --mode words --label-mode ib --control block --control_block 2 --n 3 --k_ctx 5 --ib-clusters 64 --ib-max-contexts 9000 --stride 2 --seed 111 --bootstrap 2000 --alpha 0.05 --out-json C:\omega\omega\runs\logistic\logistic-n3-k5-cl64-ctx9000-s2-sd111-bs2000-a0p05-tblock_B2_shuffle-ed14e7a9d612\logistic-n3-k5-cl64-ctx9000-s2-sd111-bs2000-a0p05-tblock_B2_shuffle-ed14e7a9d612.json

[hint] IB coverage is very low; consider --k_ctx 3 or --ib-clusters 16, or lower --ib-max-contexts.
[control] ctrl-block-2-111  train_sha=5afda54a4226  test_sha=ed1ac80cac13  Ztest_sha=49bd149b8896
{
  "H_base": 2.953749389174371,
  "H_ib": 2.9557901804099544,
  "H_hash": 3.251578912538489,
  "delta_ib": {
    "mean": 0.0020407912355833147,
    "lo95": -0.00176673707978564,
    "hi95": 0.0076303705971679636,
    "p_le_0": 0.245
  },
  "delta_hash": {
    "mean": 0.29782952336411805,
    "lo95": 0.25763752783012567,
    "hi95": 0.33650405359092367,
    "p_le_0": 0.0
  },
  "k_ctx": 5,
  "ib_clusters": 64,
  "stride": 2,
  "label_mode": "ib",
  "null_label": "C-1",
  "n_clusters": 64,
  "n_gram_order": 3,
  "coverage_train": {
    "full_frac": 0.10286190608502362,
    "backoff_frac": 0.8971380939149763,
    "null_frac": 0.0002778549597110308
  },
  "coverage_test": {
    "full_frac": 0.010025062656641603,
    "backoff_frac": 0.9899749373433584,
    "null_frac": 0.002506265664160401
  },
  "control": "block",
  "control_tag": "ctrl-block-2-111"
}
