$ C:\Users\KOMFIG\anaconda3\python.exe -m cli analyze-cond --train C:\omega\omega\corpora\relab\relab_train.txt --holdout C:\omega\omega\corpora\relab\relab_tail.txt --mode words --label-mode ib --control global --n 4 --k_ctx 5 --ib-clusters 64 --ib-max-contexts 6000 --stride 2 --seed 111 --bootstrap 2000 --alpha 0.05 --out-json C:\omega\omega\runs\rel_aberration\rel_aberration-n4-k5-cl64-ctx6000-s2-sd111-bs2000-a0p05-tGLOBAL_shuffle-5c2491b9c611\rel_aberration-n4-k5-cl64-ctx6000-s2-sd111-bs2000-a0p05-tGLOBAL_shuffle-5c2491b9c611.json

[control] ctrl-global-111  train_sha=1c14f2ea40d5  test_sha=5330d0f60139  Ztest_sha=a3297224aafc
{
  "H_base": 3.35617615401262,
  "H_ib": 3.356159887219695,
  "H_hash": 3.2112134969945427,
  "delta_ib": {
    "mean": -1.6266792925283423e-05,
    "lo95": -1.7974806182438184e-05,
    "hi95": -1.4599446650441872e-05,
    "p_le_0": 1.0
  },
  "delta_hash": {
    "mean": -0.1449626570180775,
    "lo95": -0.15077892280049357,
    "hi95": -0.13931228777787213,
    "p_le_0": 1.0
  },
  "k_ctx": 5,
  "ib_clusters": 64,
  "stride": 2,
  "label_mode": "ib",
  "null_label": "C-1",
  "n_clusters": 64,
  "n_gram_order": 4,
  "coverage_train": {
    "full_frac": 0.15478254399345215,
    "backoff_frac": 0.8139737341418951,
    "null_frac": 0.031280925629673724
  },
  "coverage_test": {
    "full_frac": 0.04861533119194374,
    "backoff_frac": 0.5990103307578782,
    "null_frac": 0.35246115114159215
  },
  "control": "global",
  "control_tag": "ctrl-global-111"
}
