$ C:\Users\KOMFIG\anaconda3\python.exe -m cli analyze-cond --train C:\omega\omega\corpora\stdmap\stdmap_train.txt --holdout C:\omega\omega\corpora\stdmap\stdmap_tail.txt --mode words --label-mode ib --control global --n 4 --k_ctx 5 --ib-clusters 32 --ib-max-contexts 9000 --stride 1 --seed 111 --bootstrap 2000 --alpha 0.05 --out-json C:\omega\omega\runs\standard_map\standard_map-n4-k5-cl32-ctx9000-s1-sd111-bs2000-a0p05-tGLOBAL_shuffle-397576ec2802\standard_map-n4-k5-cl32-ctx9000-s1-sd111-bs2000-a0p05-tGLOBAL_shuffle-397576ec2802.json

[hint] IB coverage is very low; consider --k_ctx 3 or --ib-clusters 16, or lower --ib-max-contexts.
[control] ctrl-global-111  train_sha=a97e3a11f77b  test_sha=bb8dce25a134  Ztest_sha=26c0acd9fa4f
{
  "H_base": 3.9387217552259375,
  "H_ib": 3.9387060325870564,
  "H_hash": 3.8410218281896764,
  "delta_ib": {
    "mean": -1.5722638880876045e-05,
    "lo95": -4.716791664262813e-05,
    "hi95": 0.0,
    "p_le_0": 1.0
  },
  "delta_hash": {
    "mean": -0.0976999270362607,
    "lo95": -0.10224451123595864,
    "hi95": -0.09318893386043116,
    "p_le_0": 1.0
  },
  "k_ctx": 5,
  "ib_clusters": 32,
  "stride": 1,
  "label_mode": "ib",
  "null_label": "C-1",
  "n_clusters": 32,
  "n_gram_order": 4,
  "coverage_train": {
    "full_frac": 0.12623633896045144,
    "backoff_frac": 0.8737636610395486,
    "null_frac": 2.381009071644563e-05
  },
  "coverage_test": {
    "full_frac": 0.0002444580254458581,
    "backoff_frac": 0.9997555419745542,
    "null_frac": 5.555864214678593e-05
  },
  "control": "global",
  "control_tag": "ctrl-global-111"
}
