$ C:\Users\KOMFIG\anaconda3\python.exe -m cli analyze-cond --train C:\omega\omega\corpora\cat_N1024\cat_N1024_train.txt --holdout C:\omega\omega\corpora\cat_N1024\cat_N1024_tail.txt --mode words --label-mode ib --control block --control_block 2 --n 3 --k_ctx 5 --ib-clusters 32 --ib-max-contexts 6000 --stride 1 --seed 111 --bootstrap 2000 --alpha 0.05 --out-json C:\omega\omega\runs\arnold_cat\arnold_cat-n3-k5-cl32-ctx6000-s1-sd111-bs2000-a0p05-tblock_B2_shuffle-580398d0f4fc\arnold_cat-n3-k5-cl32-ctx6000-s1-sd111-bs2000-a0p05-tblock_B2_shuffle-580398d0f4fc.json

[hint] IB coverage is very low; consider --k_ctx 3 or --ib-clusters 16, or lower --ib-max-contexts.
[control] ctrl-block-2-111  train_sha=4b80acf150b0  test_sha=48a836168796  Ztest_sha=4242e8bbca8c
{
  "H_base": 5.350822217346962,
  "H_ib": 5.344816852198334,
  "H_hash": 5.048805781318143,
  "delta_ib": {
    "mean": -0.006005365148628189,
    "lo95": -0.010062309951331368,
    "hi95": -0.0027681254882967765,
    "p_le_0": 1.0
  },
  "delta_hash": {
    "mean": -0.30201643602881884,
    "lo95": -0.3388000502021979,
    "hi95": -0.2630723229425242,
    "p_le_0": 1.0
  },
  "k_ctx": 5,
  "ib_clusters": 32,
  "stride": 1,
  "label_mode": "ib",
  "null_label": "C-1",
  "n_clusters": 32,
  "n_gram_order": 3,
  "coverage_train": {
    "full_frac": 0.07135315365379272,
    "backoff_frac": 0.9286468463462073,
    "null_frac": 0.0002778549597110308
  },
  "coverage_test": {
    "full_frac": 0.0,
    "backoff_frac": 1.0,
    "null_frac": 0.002506265664160401
  },
  "control": "block",
  "control_tag": "ctrl-block-2-111"
}
