$ C:\Users\KOMFIG\anaconda3\python.exe -m cli analyze-cond --train C:\omega\omega\corpora\stdmap\stdmap_train.txt --holdout C:\omega\omega\corpora\stdmap\stdmap_tail.txt --mode words --label-mode ib --control global --n 3 --k_ctx 7 --ib-clusters 64 --ib-max-contexts 6000 --stride 1 --seed 111 --bootstrap 2000 --alpha 0.05 --out-json C:\omega\omega\runs\standard_map\standard_map-n3-k7-cl64-ctx6000-s1-sd111-bs2000-a0p05-tGLOBAL_shuffle-23c28f64cc4a\standard_map-n3-k7-cl64-ctx6000-s1-sd111-bs2000-a0p05-tGLOBAL_shuffle-23c28f64cc4a.json

[hint] IB coverage is very low; consider --k_ctx 3 or --ib-clusters 16, or lower --ib-max-contexts.
[control] ctrl-global-111  train_sha=a97e3a11f77b  test_sha=bb8dce25a134  Ztest_sha=01fe905b5807
{
  "H_base": 3.368985658310953,
  "H_ib": 3.3828122262616045,
  "H_hash": 3.130193068607763,
  "delta_ib": {
    "mean": 0.01382656795065139,
    "lo95": 0.012462035260514905,
    "hi95": 0.015312987490201784,
    "p_le_0": 0.0
  },
  "delta_hash": {
    "mean": -0.23879258970319053,
    "lo95": -0.24374570205768997,
    "hi95": -0.2337861314981208,
    "p_le_0": 1.0
  },
  "k_ctx": 7,
  "ib_clusters": 64,
  "stride": 1,
  "label_mode": "ib",
  "null_label": "C-1",
  "n_clusters": 64,
  "n_gram_order": 3,
  "coverage_train": {
    "full_frac": 0.020200673355778527,
    "backoff_frac": 0.9797993266442214,
    "null_frac": 3.333444448148272e-05
  },
  "coverage_test": {
    "full_frac": 0.0,
    "backoff_frac": 1.0,
    "null_frac": 7.778382763103797e-05
  },
  "control": "global",
  "control_tag": "ctrl-global-111"
}
