$ C:\Users\KOMFIG\anaconda3\python.exe -m cli analyze-cond --train C:\omega\omega\corpora\cat_N1024\cat_N1024_train.txt --holdout C:\omega\omega\corpora\cat_N1024\cat_N1024_tail.txt --mode words --label-mode ib --control global --n 3 --k_ctx 5 --ib-clusters 64 --ib-max-contexts 9000 --stride 2 --seed 333 --bootstrap 2000 --alpha 0.05 --out-json C:\omega\omega\runs\arnold_cat\arnold_cat-n3-k5-cl64-ctx9000-s2-sd333-bs2000-a0p05-tGLOBAL_shuffle-932bab1c6086\arnold_cat-n3-k5-cl64-ctx9000-s2-sd333-bs2000-a0p05-tGLOBAL_shuffle-932bab1c6086.json

[hint] IB coverage is very low; consider --k_ctx 3 or --ib-clusters 16, or lower --ib-max-contexts.
[control] ctrl-global-333  train_sha=e5141972b62c  test_sha=48a836168796  Ztest_sha=38e46955c8d9
{
  "H_base": 5.299163949507389,
  "H_ib": 5.2968748183664935,
  "H_hash": 5.011357932084108,
  "delta_ib": {
    "mean": -0.0022891311408962584,
    "lo95": -0.004047806849870465,
    "hi95": -0.0008810464022591811,
    "p_le_0": 1.0
  },
  "delta_hash": {
    "mean": -0.28780601742328177,
    "lo95": -0.30947732130794897,
    "hi95": -0.2655544286547153,
    "p_le_0": 1.0
  },
  "k_ctx": 5,
  "ib_clusters": 64,
  "stride": 2,
  "label_mode": "ib",
  "null_label": "C-1",
  "n_clusters": 64,
  "n_gram_order": 3,
  "coverage_train": {
    "full_frac": 0.08407891080855794,
    "backoff_frac": 0.9159210891914421,
    "null_frac": 0.0002778549597110308
  },
  "coverage_test": {
    "full_frac": 0.0,
    "backoff_frac": 1.0,
    "null_frac": 0.002506265664160401
  },
  "control": "global",
  "control_tag": "ctrl-global-333"
}
