$ C:\Users\KOMFIG\anaconda3\python.exe -m cli analyze-cond --train C:\omega\omega\corpora\relab\relab_train.txt --holdout C:\omega\omega\corpora\relab\relab_tail.txt --mode words --label-mode ib --control global --n 3 --k_ctx 5 --ib-clusters 64 --ib-max-contexts 6000 --stride 1 --seed 111 --bootstrap 2000 --alpha 0.05 --out-json C:\omega\omega\runs\rel_aberration\rel_aberration-n3-k5-cl64-ctx6000-s1-sd111-bs2000-a0p05-tGLOBAL_shuffle-97a99ff09d65\rel_aberration-n3-k5-cl64-ctx6000-s1-sd111-bs2000-a0p05-tGLOBAL_shuffle-97a99ff09d65.json

[control] ctrl-global-111  train_sha=1c14f2ea40d5  test_sha=5330d0f60139  Ztest_sha=5f09fd53068b
{
  "H_base": 4.173673950432172,
  "H_ib": 4.171135962824789,
  "H_hash": 3.431011049033788,
  "delta_ib": {
    "mean": -0.002537987607382673,
    "lo95": -0.0028055966255661645,
    "hi95": -0.002277843877625949,
    "p_le_0": 1.0
  },
  "delta_hash": {
    "mean": -0.7426629013983836,
    "lo95": -0.761003384128871,
    "hi95": -0.7250697448510061,
    "p_le_0": 1.0
  },
  "k_ctx": 5,
  "ib_clusters": 64,
  "stride": 1,
  "label_mode": "ib",
  "null_label": "C-1",
  "n_clusters": 64,
  "n_gram_order": 3,
  "coverage_train": {
    "full_frac": 0.17113731909669258,
    "backoff_frac": 0.7976189590386548,
    "null_frac": 0.031280925629673724
  },
  "coverage_test": {
    "full_frac": 0.04861533119194374,
    "backoff_frac": 0.5990103307578782,
    "null_frac": 0.35246115114159215
  },
  "control": "global",
  "control_tag": "ctrl-global-111"
}
