$ C:\Users\KOMFIG\anaconda3\python.exe -m cli analyze-cond --train C:\omega\omega\corpora\stdmap\stdmap_train.txt --holdout C:\omega\omega\corpora\stdmap\stdmap_tail.txt --mode words --label-mode ib --control block --control_block 2 --n 4 --k_ctx 7 --ib-clusters 32 --ib-max-contexts 9000 --stride 1 --seed 111 --bootstrap 2000 --alpha 0.05 --out-json C:\omega\omega\runs\standard_map\standard_map-n4-k7-cl32-ctx9000-s1-sd111-bs2000-a0p05-tblock_B2_shuffle-0b37b9ffed3e\standard_map-n4-k7-cl32-ctx9000-s1-sd111-bs2000-a0p05-tblock_B2_shuffle-0b37b9ffed3e.json

[hint] IB coverage is very low; consider --k_ctx 3 or --ib-clusters 16, or lower --ib-max-contexts.
[control] ctrl-block-2-111  train_sha=9eaba193e45c  test_sha=bb8dce25a134  Ztest_sha=485075d40714
{
  "H_base": 3.9872474191349685,
  "H_ib": 3.987197633216779,
  "H_hash": 3.986400300374636,
  "delta_ib": {
    "mean": -4.978591818941058e-05,
    "lo95": -9.245846477920665e-05,
    "hi95": 4.144922968036393e-06,
    "p_le_0": 0.964
  },
  "delta_hash": {
    "mean": -0.0008471187603325982,
    "lo95": -0.0013301176482687271,
    "hi95": -0.000385164458376597,
    "p_le_0": 1.0
  },
  "k_ctx": 7,
  "ib_clusters": 32,
  "stride": 1,
  "label_mode": "ib",
  "null_label": "C-1",
  "n_clusters": 32,
  "n_gram_order": 4,
  "coverage_train": {
    "full_frac": 0.03832984909020777,
    "backoff_frac": 0.9616701509097922,
    "null_frac": 3.333444448148272e-05
  },
  "coverage_test": {
    "full_frac": 0.000333359261275877,
    "backoff_frac": 0.9996666407387241,
    "null_frac": 7.778382763103797e-05
  },
  "control": "block",
  "control_tag": "ctrl-block-2-111"
}
