$ C:\Users\KOMFIG\anaconda3\python.exe -m cli analyze-cond --train C:\omega\omega\corpora\ising1d\ising1d_train.txt --holdout C:\omega\omega\corpora\ising1d\ising1d_tail.txt --mode words --label-mode ib --n 3 --k_ctx 7 --ib-clusters 32 --ib-max-contexts 6000 --stride 2 --seed 333 --bootstrap 2000 --alpha 0.05 --out-json C:\omega\omega\runs\ising1d\ising1d-n3-k7-cl32-ctx6000-s2-sd333-bs2000-a0p05-2172066624f9\ising1d-n3-k7-cl32-ctx6000-s2-sd333-bs2000-a0p05-2172066624f9.json

50/2000 100/2000 150/2000 200/2000 250/2000 300/2000 350/2000 400/2000 450/2000 500/2000 550/2000 600/2000 650/2000 700/2000 750/2000 800/2000 850/2000 900/2000 950/2000 1000/2000 1050/2000 1100/2000 1150/2000 1200/2000 1250/2000 1300/2000 1350/2000 1400/2000 1450/2000 1500/2000 1550/2000 1600/2000 1650/2000 1700/2000 1750/2000 1800/2000 1850/2000 1900/2000 1950/2000 2000/2000 50/2000 100/2000 150/2000 200/2000 250/2000 300/2000 350/2000 400/2000 450/2000 500/2000 550/2000 600/2000 650/2000 700/2000 750/2000 800/2000 850/2000 900/2000 950/2000 1000/2000 1050/2000 1100/2000 1150/2000 1200/2000 1250/2000 1300/2000 1350/2000 1400/2000 1450/2000 1500/2000 1550/2000 1600/2000 1650/2000 1700/2000 1750/2000 1800/2000 1850/2000 1900/2000 1950/2000 2000/2000 {
  "H_base": 2.735531905287453,
  "H_ib": 2.740493136224849,
  "H_hash": 2.7678094161250493,
  "delta_ib": {
    "mean": 0.004961230937396309,
    "lo95": 0.004065270162303691,
    "hi95": 0.0059194008672655615,
    "p_le_0": 0.0
  },
  "delta_hash": {
    "mean": 0.03227751083759631,
    "lo95": 0.03010099311617758,
    "hi95": 0.03449753056523833,
    "p_le_0": 0.0
  },
  "k_ctx": 7,
  "ib_clusters": 32,
  "stride": 2,
  "label_mode": "ib",
  "null_label": "C-1",
  "n_clusters": 32,
  "n_gram_order": 3,
  "coverage_train": {
    "full_frac": 0.05724000323820318,
    "backoff_frac": 0.9427599967617968,
    "null_frac": 3.333444448148272e-05
  },
  "coverage_test": {
    "full_frac": 0.04677030435700554,
    "backoff_frac": 0.9532296956429944,
    "null_frac": 7.778382763103797e-05
  },
  "notes": "Bits/token. delta<0 means conditional helps. Hash control preserves label histogram."
}

[omega] summary (first variant):
  tag=true  d_I_pred-=-0.004961  d_hash-=-0.032278  SCR_lzma-=--1.296e-07  energy=38272
