$ C:\Users\KOMFIG\anaconda3\python.exe -m cli analyze-cond --train C:\omega\omega\corpora\stdmap\stdmap_train.txt --holdout C:\omega\omega\corpora\stdmap\stdmap_tail.txt --mode words --label-mode ib --control global --n 4 --k_ctx 5 --ib-clusters 64 --ib-max-contexts 9000 --stride 2 --seed 111 --bootstrap 2000 --alpha 0.05 --out-json C:\omega\omega\runs\standard_map\standard_map-n4-k5-cl64-ctx9000-s2-sd111-bs2000-a0p05-tGLOBAL_shuffle-020c135a0815\standard_map-n4-k5-cl64-ctx9000-s2-sd111-bs2000-a0p05-tGLOBAL_shuffle-020c135a0815.json

[hint] IB coverage is very low; consider --k_ctx 3 or --ib-clusters 16, or lower --ib-max-contexts.
[control] ctrl-global-111  train_sha=a97e3a11f77b  test_sha=bb8dce25a134  Ztest_sha=cf6f982ddb44
{
  "H_base": 3.9387217552259375,
  "H_ib": 3.9387187210034305,
  "H_hash": 3.9202000599396434,
  "delta_ib": {
    "mean": -3.0342225067392715e-06,
    "lo95": -4.215644743423936e-05,
    "hi95": 2.3543172753174848e-05,
    "p_le_0": 0.514
  },
  "delta_hash": {
    "mean": -0.018521695286293757,
    "lo95": -0.02025961707864454,
    "hi95": -0.01684164379543397,
    "p_le_0": 1.0
  },
  "k_ctx": 5,
  "ib_clusters": 64,
  "stride": 2,
  "label_mode": "ib",
  "null_label": "C-1",
  "n_clusters": 64,
  "n_gram_order": 4,
  "coverage_train": {
    "full_frac": 0.13603181028119718,
    "backoff_frac": 0.8639681897188028,
    "null_frac": 2.381009071644563e-05
  },
  "coverage_test": {
    "full_frac": 0.0012000666703705762,
    "backoff_frac": 0.9987999333296295,
    "null_frac": 5.555864214678593e-05
  },
  "control": "global",
  "control_tag": "ctrl-global-111"
}
