$ C:\Users\KOMFIG\anaconda3\python.exe -m cli analyze-cond --train C:\omega\omega\corpora\ising1d\ising1d_train.txt --holdout C:\omega\omega\corpora\ising1d\ising1d_tail.txt --mode words --label-mode ib --control global --n 4 --k_ctx 5 --ib-clusters 32 --ib-max-contexts 6000 --stride 1 --seed 111 --bootstrap 2000 --alpha 0.05 --out-json C:\omega\omega\runs\ising1d\ising1d-n4-k5-cl32-ctx6000-s1-sd111-bs2000-a0p05-tGLOBAL_shuffle-fe2366d157ed\ising1d-n4-k5-cl32-ctx6000-s1-sd111-bs2000-a0p05-tGLOBAL_shuffle-fe2366d157ed.json

[control] ctrl-global-111  train_sha=064e39f16433  test_sha=2b5b37619f52  Ztest_sha=c52c8ba03da9
{
  "H_base": 3.1297911462514882,
  "H_ib": 3.1299828815655855,
  "H_hash": 3.1273741904970542,
  "delta_ib": {
    "mean": 0.0001917353140973042,
    "lo95": -1.699303180981938e-05,
    "hi95": 0.0004206709819247955,
    "p_le_0": 0.0395
  },
  "delta_hash": {
    "mean": -0.0024169557544340505,
    "lo95": -0.0031559894650137242,
    "hi95": -0.0016716002977790736,
    "p_le_0": 1.0
  },
  "k_ctx": 5,
  "ib_clusters": 32,
  "stride": 1,
  "label_mode": "ib",
  "null_label": "C-1",
  "n_clusters": 32,
  "n_gram_order": 4,
  "coverage_train": {
    "full_frac": 0.07907807328745922,
    "backoff_frac": 0.9209219267125408,
    "null_frac": 2.381009071644563e-05
  },
  "coverage_test": {
    "full_frac": 0.055991999555530865,
    "backoff_frac": 0.9440080004444691,
    "null_frac": 5.555864214678593e-05
  },
  "control": "global",
  "control_tag": "ctrl-global-111"
}
