$ C:\Users\KOMFIG\anaconda3\python.exe -m cli analyze-cond --train C:\omega\omega\corpora\henon_a14_b03\henon_a14_b03_train.txt --holdout C:\omega\omega\corpora\henon_a14_b03\henon_a14_b03_tail.txt --mode words --label-mode ib --control block --control_block 2 --n 3 --k_ctx 5 --ib-clusters 64 --ib-max-contexts 6000 --stride 1 --seed 111 --bootstrap 2000 --alpha 0.05 --out-json C:\omega\omega\runs\henon\henon-n3-k5-cl64-ctx6000-s1-sd111-bs2000-a0p05-tblock_B2_shuffle-6448c7206e8d\henon-n3-k5-cl64-ctx6000-s1-sd111-bs2000-a0p05-tblock_B2_shuffle-6448c7206e8d.json

[hint] IB coverage is very low; consider --k_ctx 3 or --ib-clusters 16, or lower --ib-max-contexts.
[control] ctrl-block-2-111  train_sha=d13bd0ecc5ae  test_sha=942e574d4a6c  Ztest_sha=33687b7476a8
{
  "H_base": 4.706051578121345,
  "H_ib": 4.723021776120296,
  "H_hash": 4.7530321586178506,
  "delta_ib": {
    "mean": 0.016970197998951466,
    "lo95": 0.00755344034517038,
    "hi95": 0.026706354823651014,
    "p_le_0": 0.0005
  },
  "delta_hash": {
    "mean": 0.046980580496505345,
    "lo95": 0.017960545409607235,
    "hi95": 0.07431648937090962,
    "p_le_0": 0.0
  },
  "k_ctx": 5,
  "ib_clusters": 64,
  "stride": 1,
  "label_mode": "ib",
  "null_label": "C-1",
  "n_clusters": 64,
  "n_gram_order": 3,
  "coverage_train": {
    "full_frac": 0.09252570158377327,
    "backoff_frac": 0.9074742984162267,
    "null_frac": 0.0002778549597110308
  },
  "coverage_test": {
    "full_frac": 0.007518796992481203,
    "backoff_frac": 0.9924812030075187,
    "null_frac": 0.002506265664160401
  },
  "control": "block",
  "control_tag": "ctrl-block-2-111"
}
