$ C:\Users\KOMFIG\anaconda3\python.exe -m cli analyze-cond --train C:\omega\omega\corpora\lorenz_sigma10_rho28\lorenz_sigma10_rho28_train.txt --holdout C:\omega\omega\corpora\lorenz_sigma10_rho28\lorenz_sigma10_rho28_tail.txt --mode words --label-mode ib --control block --control_block 2 --n 4 --k_ctx 7 --ib-clusters 64 --ib-max-contexts 9000 --stride 1 --seed 333 --bootstrap 2000 --alpha 0.05 --out-json C:\omega\omega\runs\lorenz63\lorenz63-n4-k7-cl64-ctx9000-s1-sd333-bs2000-a0p05-tblock_B2_shuffle-9901585867e3\lorenz63-n4-k7-cl64-ctx9000-s1-sd333-bs2000-a0p05-tblock_B2_shuffle-9901585867e3.json

[hint] IB coverage is very low; consider --k_ctx 3 or --ib-clusters 16, or lower --ib-max-contexts.
[control] ctrl-block-2-333  train_sha=20a130cbd279  test_sha=1c478daddb4a  Ztest_sha=9e256ad89c56
{
  "H_base": 6.003241189041754,
  "H_ib": 6.005696682149199,
  "H_hash": 5.03968410569079,
  "delta_ib": {
    "mean": 0.0024554931074448768,
    "lo95": -0.006367386696507026,
    "hi95": 0.011532309561589018,
    "p_le_0": 0.3105
  },
  "delta_hash": {
    "mean": -0.9635570833509642,
    "lo95": -1.0632374340887785,
    "hi95": -0.8576294435315999,
    "p_le_0": 1.0
  },
  "k_ctx": 7,
  "ib_clusters": 64,
  "stride": 1,
  "label_mode": "ib",
  "null_label": "C-1",
  "n_clusters": 64,
  "n_gram_order": 4,
  "coverage_train": {
    "full_frac": 0.08642249763797032,
    "backoff_frac": 0.9135775023620297,
    "null_frac": 0.000389040182293114
  },
  "coverage_test": {
    "full_frac": 0.0,
    "backoff_frac": 1.0,
    "null_frac": 0.0035122930255895636
  },
  "control": "block",
  "control_tag": "ctrl-block-2-333"
}
