$ C:\Users\KOMFIG\anaconda3\python.exe -m cli analyze-cond --train C:\omega\omega\corpora\stdmap\stdmap_train.txt --holdout C:\omega\omega\corpora\stdmap\stdmap_tail.txt --mode words --label-mode ib --control block --control_block 2 --n 3 --k_ctx 5 --ib-clusters 64 --ib-max-contexts 9000 --stride 2 --seed 111 --bootstrap 2000 --alpha 0.05 --out-json C:\omega\omega\runs\standard_map\standard_map-n3-k5-cl64-ctx9000-s2-sd111-bs2000-a0p05-tblock_B2_shuffle-4bf7ea6ac3bc\standard_map-n3-k5-cl64-ctx9000-s2-sd111-bs2000-a0p05-tblock_B2_shuffle-4bf7ea6ac3bc.json

[hint] IB coverage is very low; consider --k_ctx 3 or --ib-clusters 16, or lower --ib-max-contexts.
[control] ctrl-block-2-111  train_sha=9eaba193e45c  test_sha=bb8dce25a134  Ztest_sha=ae749c073466
{
  "H_base": 3.4425993180014416,
  "H_ib": 3.4420738605614547,
  "H_hash": 3.4406027680322713,
  "delta_ib": {
    "mean": -0.0005254574399870418,
    "lo95": -0.0009061829142983734,
    "hi95": -0.00010409998871743714,
    "p_le_0": 0.993
  },
  "delta_hash": {
    "mean": -0.001996549969170444,
    "lo95": -0.002559450058383814,
    "hi95": -0.00144845381972759,
    "p_le_0": 1.0
  },
  "k_ctx": 5,
  "ib_clusters": 64,
  "stride": 2,
  "label_mode": "ib",
  "null_label": "C-1",
  "n_clusters": 64,
  "n_gram_order": 3,
  "coverage_train": {
    "full_frac": 0.2950070239767614,
    "backoff_frac": 0.7049929760232386,
    "null_frac": 2.381009071644563e-05
  },
  "coverage_test": {
    "full_frac": 0.03353519639979999,
    "backoff_frac": 0.9664648036002,
    "null_frac": 5.555864214678593e-05
  },
  "control": "block",
  "control_tag": "ctrl-block-2-111"
}
