$ C:\Users\KOMFIG\anaconda3\python.exe -m cli analyze-cond --train C:\omega\omega\corpora\relab\relab_train.txt --holdout C:\omega\omega\corpora\relab\relab_tail.txt --mode words --label-mode ib --control block --control_block 2 --n 3 --k_ctx 5 --ib-clusters 64 --ib-max-contexts 9000 --stride 1 --seed 111 --bootstrap 2000 --alpha 0.05 --out-json C:\omega\omega\runs\rel_aberration\rel_aberration-n3-k5-cl64-ctx9000-s1-sd111-bs2000-a0p05-tblock_B2_shuffle-1de67d905381\rel_aberration-n3-k5-cl64-ctx9000-s1-sd111-bs2000-a0p05-tblock_B2_shuffle-1de67d905381.json

[control] ctrl-block-2-111  train_sha=10b0ea3e6918  test_sha=5330d0f60139  Ztest_sha=69b4757f10e0
{
  "H_base": 1.584976616032563,
  "H_ib": 1.583231470953847,
  "H_hash": 1.602377112798581,
  "delta_ib": {
    "mean": -0.0017451450787156716,
    "lo95": -0.0018272068199786432,
    "hi95": -0.001611243829994721,
    "p_le_0": 1.0
  },
  "delta_hash": {
    "mean": 0.017400496766018334,
    "lo95": 0.015677888023329846,
    "hi95": 0.019111990942544392,
    "p_le_0": 0.0
  },
  "k_ctx": 5,
  "ib_clusters": 64,
  "stride": 1,
  "label_mode": "ib",
  "null_label": "C-1",
  "n_clusters": 64,
  "n_gram_order": 3,
  "coverage_train": {
    "full_frac": 0.8335801183079727,
    "backoff_frac": 0.16641988169202723,
    "null_frac": 3.720376502102013e-05
  },
  "coverage_test": {
    "full_frac": 0.6163729490407154,
    "backoff_frac": 0.3836270509592847,
    "null_frac": 8.681309141418526e-05
  },
  "control": "block",
  "control_tag": "ctrl-block-2-111"
}
