$ C:\Users\KOMFIG\anaconda3\python.exe -m cli analyze-cond --train C:\omega\omega\corpora\ising1d\ising1d_train.txt --holdout C:\omega\omega\corpora\ising1d\ising1d_tail.txt --mode words --label-mode ib --n 4 --k_ctx 7 --ib-clusters 32 --ib-max-contexts 9000 --stride 1 --seed 111 --bootstrap 2000 --alpha 0.05 --out-json C:\omega\omega\runs\ising1d\ising1d-n4-k7-cl32-ctx9000-s1-sd111-bs2000-a0p05-72e2563ac23e\ising1d-n4-k7-cl32-ctx9000-s1-sd111-bs2000-a0p05-72e2563ac23e.json

50/2000 100/2000 150/2000 200/2000 250/2000 300/2000 350/2000 400/2000 450/2000 500/2000 550/2000 600/2000 650/2000 700/2000 750/2000 800/2000 850/2000 900/2000 950/2000 1000/2000 1050/2000 1100/2000 1150/2000 1200/2000 1250/2000 1300/2000 1350/2000 1400/2000 1450/2000 1500/2000 1550/2000 1600/2000 1650/2000 1700/2000 1750/2000 1800/2000 1850/2000 1900/2000 1950/2000 2000/2000 50/2000 100/2000 150/2000 200/2000 250/2000 300/2000 350/2000 400/2000 450/2000 500/2000 550/2000 600/2000 650/2000 700/2000 750/2000 800/2000 850/2000 900/2000 950/2000 1000/2000 1050/2000 1100/2000 1150/2000 1200/2000 1250/2000 1300/2000 1350/2000 1400/2000 1450/2000 1500/2000 1550/2000 1600/2000 1650/2000 1700/2000 1750/2000 1800/2000 1850/2000 1900/2000 1950/2000 2000/2000 {
  "H_base": 2.8452917226815764,
  "H_ib": 2.8462671663730506,
  "H_hash": 2.8490803948094783,
  "delta_ib": {
    "mean": 0.0009754436914741497,
    "lo95": 0.0005208036231774992,
    "hi95": 0.001499513561884572,
    "p_le_0": 0.0
  },
  "delta_hash": {
    "mean": 0.0037886721279019545,
    "lo95": 0.0026727394334191703,
    "hi95": 0.004869207333176095,
    "p_le_0": 0.0
  },
  "k_ctx": 7,
  "ib_clusters": 32,
  "stride": 1,
  "label_mode": "ib",
  "null_label": "C-1",
  "n_clusters": 32,
  "n_gram_order": 4,
  "coverage_train": {
    "full_frac": 0.06250208340278009,
    "backoff_frac": 0.9374979165972199,
    "null_frac": 3.333444448148272e-05
  },
  "coverage_test": {
    "full_frac": 0.05128176635960575,
    "backoff_frac": 0.9487182336403942,
    "null_frac": 7.778382763103797e-05
  },
  "notes": "Bits/token. delta<0 means conditional helps. Hash control preserves label histogram."
}

[omega] summary (first variant):
  tag=true  d_I_pred-=-0.000975  d_hash-=-0.003789  SCR_lzma-=--2.549e-08  energy=38272
