$ C:\Users\KOMFIG\anaconda3\python.exe -m cli analyze-cond --train C:\omega\omega\corpora\stdmap\stdmap_train.txt --holdout C:\omega\omega\corpora\stdmap\stdmap_tail.txt --mode words --label-mode ib --control global --n 4 --k_ctx 7 --ib-clusters 64 --ib-max-contexts 6000 --stride 1 --seed 111 --bootstrap 2000 --alpha 0.05 --out-json C:\omega\omega\runs\standard_map\standard_map-n4-k7-cl64-ctx6000-s1-sd111-bs2000-a0p05-tGLOBAL_shuffle-c01ae56c49a0\standard_map-n4-k7-cl64-ctx6000-s1-sd111-bs2000-a0p05-tGLOBAL_shuffle-c01ae56c49a0.json

[hint] IB coverage is very low; consider --k_ctx 3 or --ib-clusters 16, or lower --ib-max-contexts.
[control] ctrl-global-111  train_sha=a97e3a11f77b  test_sha=bb8dce25a134  Ztest_sha=01fe905b5807
{
  "H_base": 3.9387217552259375,
  "H_ib": 3.938853514490205,
  "H_hash": 3.287618007774991,
  "delta_ib": {
    "mean": 0.00013175926426762315,
    "lo95": -0.00010282082254008067,
    "hi95": 0.0004279930726757293,
    "p_le_0": 0.1565
  },
  "delta_hash": {
    "mean": -0.6511037474509462,
    "lo95": -0.6653895586242636,
    "hi95": -0.6370546560997713,
    "p_le_0": 1.0
  },
  "k_ctx": 7,
  "ib_clusters": 64,
  "stride": 1,
  "label_mode": "ib",
  "null_label": "C-1",
  "n_clusters": 64,
  "n_gram_order": 4,
  "coverage_train": {
    "full_frac": 0.020200673355778527,
    "backoff_frac": 0.9797993266442214,
    "null_frac": 3.333444448148272e-05
  },
  "coverage_test": {
    "full_frac": 0.0,
    "backoff_frac": 1.0,
    "null_frac": 7.778382763103797e-05
  },
  "control": "global",
  "control_tag": "ctrl-global-111"
}
