$ C:\Users\KOMFIG\anaconda3\python.exe -m cli analyze-cond --train C:\omega\omega\corpora\ham\ham_train.txt --holdout C:\omega\omega\corpora\ham\ham_tail.txt --mode words --label-mode ib --control block --control_block 2 --n 4 --k_ctx 7 --ib-clusters 64 --ib-max-contexts 9000 --stride 1 --seed 333 --bootstrap 2000 --alpha 0.05 --out-json C:\omega\omega\runs\hamiltonian\hamiltonian-n4-k7-cl64-ctx9000-s1-sd333-bs2000-a0p05-tblock_B2_shuffle-cb07581670f5\hamiltonian-n4-k7-cl64-ctx9000-s1-sd333-bs2000-a0p05-tblock_B2_shuffle-cb07581670f5.json

[hint] IB coverage is very low; consider --k_ctx 3 or --ib-clusters 16, or lower --ib-max-contexts.
[control] ctrl-block-2-333  train_sha=b40a9398d7c3  test_sha=e010ee54e0ab  Ztest_sha=232e82be9707
{
  "H_base": 6.269187095126037,
  "H_ib": 6.264700240071601,
  "H_hash": 5.140636939819626,
  "delta_ib": {
    "mean": -0.004486855054436029,
    "lo95": -0.020586515331584957,
    "hi95": 0.014641729154584709,
    "p_le_0": 0.701
  },
  "delta_hash": {
    "mean": -1.1285501553064108,
    "lo95": -1.5202904834763804,
    "hi95": -0.749387742119176,
    "p_le_0": 1.0
  },
  "k_ctx": 7,
  "ib_clusters": 64,
  "stride": 1,
  "label_mode": "ib",
  "null_label": "C-1",
  "n_clusters": 64,
  "n_gram_order": 4,
  "coverage_train": {
    "full_frac": 0.08831212138053687,
    "backoff_frac": 0.9116878786194631,
    "null_frac": 0.000389040182293114
  },
  "coverage_test": {
    "full_frac": 0.002007024586051179,
    "backoff_frac": 0.9979929754139488,
    "null_frac": 0.0035122930255895636
  },
  "control": "block",
  "control_tag": "ctrl-block-2-333"
}
