$ C:\Users\KOMFIG\anaconda3\python.exe -m cli analyze-cond --train C:\omega\omega\corpora\ham\ham_train.txt --holdout C:\omega\omega\corpora\ham\ham_tail.txt --mode words --label-mode ib --control global --n 3 --k_ctx 7 --ib-clusters 32 --ib-max-contexts 9000 --stride 2 --seed 333 --bootstrap 2000 --alpha 0.05 --out-json C:\omega\omega\runs\hamiltonian\hamiltonian-n3-k7-cl32-ctx9000-s2-sd333-bs2000-a0p05-tGLOBAL_shuffle-bc99432d3d87\hamiltonian-n3-k7-cl32-ctx9000-s2-sd333-bs2000-a0p05-tGLOBAL_shuffle-bc99432d3d87.json

[hint] IB coverage is very low; consider --k_ctx 3 or --ib-clusters 16, or lower --ib-max-contexts.
[control] ctrl-global-333  train_sha=f5423d18054c  test_sha=e010ee54e0ab  Ztest_sha=fdfb10828036
{
  "H_base": 5.3044212129695225,
  "H_ib": 5.30302033353324,
  "H_hash": 5.01841267701624,
  "delta_ib": {
    "mean": -0.0014008794362821834,
    "lo95": -0.004202638308846551,
    "hi95": 0.0,
    "p_le_0": 1.0
  },
  "delta_hash": {
    "mean": -0.28600853595328213,
    "lo95": -0.38660563436601997,
    "hi95": -0.1943417939243032,
    "p_le_0": 1.0
  },
  "k_ctx": 7,
  "ib_clusters": 32,
  "stride": 2,
  "label_mode": "ib",
  "null_label": "C-1",
  "n_clusters": 32,
  "n_gram_order": 3,
  "coverage_train": {
    "full_frac": 0.06980492413716445,
    "backoff_frac": 0.9301950758628356,
    "null_frac": 0.000389040182293114
  },
  "coverage_test": {
    "full_frac": 0.0,
    "backoff_frac": 1.0,
    "null_frac": 0.0035122930255895636
  },
  "control": "global",
  "control_tag": "ctrl-global-333"
}
