$ C:\Users\KOMFIG\anaconda3\python.exe -m cli analyze-cond --train C:\omega\omega\corpora\lorenz_sigma10_rho28\lorenz_sigma10_rho28_train.txt --holdout C:\omega\omega\corpora\lorenz_sigma10_rho28\lorenz_sigma10_rho28_tail.txt --mode words --label-mode ib --control block --control_block 2 --n 4 --k_ctx 7 --ib-clusters 32 --ib-max-contexts 6000 --stride 2 --seed 333 --bootstrap 2000 --alpha 0.05 --out-json C:\omega\omega\runs\lorenz63\lorenz63-n4-k7-cl32-ctx6000-s2-sd333-bs2000-a0p05-tblock_B2_shuffle-1f9f94f978bd\lorenz63-n4-k7-cl32-ctx6000-s2-sd333-bs2000-a0p05-tblock_B2_shuffle-1f9f94f978bd.json

[hint] IB coverage is very low; consider --k_ctx 3 or --ib-clusters 16, or lower --ib-max-contexts.
[control] ctrl-block-2-333  train_sha=20a130cbd279  test_sha=1c478daddb4a  Ztest_sha=51ac4009e8f2
{
  "H_base": 6.003241189041754,
  "H_ib": 6.001955786822891,
  "H_hash": 5.285066898389076,
  "delta_ib": {
    "mean": -0.0012854022188622477,
    "lo95": -0.0038562066565867434,
    "hi95": 0.0,
    "p_le_0": 1.0
  },
  "delta_hash": {
    "mean": -0.7181742906526781,
    "lo95": -0.8185133994508402,
    "hi95": -0.6162610700537836,
    "p_le_0": 1.0
  },
  "k_ctx": 7,
  "ib_clusters": 32,
  "stride": 2,
  "label_mode": "ib",
  "null_label": "C-1",
  "n_clusters": 32,
  "n_gram_order": 4,
  "coverage_train": {
    "full_frac": 0.07102762185294281,
    "backoff_frac": 0.9289723781470572,
    "null_frac": 0.000389040182293114
  },
  "coverage_test": {
    "full_frac": 0.0,
    "backoff_frac": 1.0,
    "null_frac": 0.0035122930255895636
  },
  "control": "block",
  "control_tag": "ctrl-block-2-333"
}
