$ C:\Users\KOMFIG\anaconda3\python.exe -m cli analyze-cond --train C:\omega\omega\corpora\stdmap\stdmap_train.txt --holdout C:\omega\omega\corpora\stdmap\stdmap_tail.txt --mode words --label-mode ib --n 3 --k_ctx 5 --ib-clusters 64 --ib-max-contexts 6000 --stride 2 --seed 222 --bootstrap 2000 --alpha 0.05 --out-json C:\omega\omega\runs\standard_map\standard_map-n3-k5-cl64-ctx6000-s2-sd222-bs2000-a0p05-f42ab33f42dd\standard_map-n3-k5-cl64-ctx6000-s2-sd222-bs2000-a0p05-f42ab33f42dd.json

50/2000 100/2000 150/2000 200/2000 250/2000 300/2000 350/2000 400/2000 450/2000 500/2000 550/2000 600/2000 650/2000 700/2000 750/2000 800/2000 850/2000 900/2000 950/2000 1000/2000 1050/2000 1100/2000 1150/2000 1200/2000 1250/2000 1300/2000 1350/2000 1400/2000 1450/2000 1500/2000 1550/2000 1600/2000 1650/2000 1700/2000 1750/2000 1800/2000 1850/2000 1900/2000 1950/2000 2000/2000 50/2000 100/2000 150/2000 200/2000 250/2000 300/2000 350/2000 400/2000 450/2000 500/2000 550/2000 600/2000 650/2000 700/2000 750/2000 800/2000 850/2000 900/2000 950/2000 1000/2000 1050/2000 1100/2000 1150/2000 1200/2000 1250/2000 1300/2000 1350/2000 1400/2000 1450/2000 1500/2000 1550/2000 1600/2000 1650/2000 1700/2000 1750/2000 1800/2000 1850/2000 1900/2000 1950/2000 2000/2000 {
  "H_base": 1.841926414935292,
  "H_ib": 1.780230929488811,
  "H_hash": 2.0360711724994074,
  "delta_ib": {
    "mean": -0.06169548544648099,
    "lo95": -0.06701606424648104,
    "hi95": -0.056388887091232756,
    "p_le_0": 1.0
  },
  "delta_hash": {
    "mean": 0.19414475756411534,
    "lo95": 0.18845061488889736,
    "hi95": 0.20005993917405795,
    "p_le_0": 0.0
  },
  "k_ctx": 5,
  "ib_clusters": 64,
  "stride": 2,
  "label_mode": "ib",
  "null_label": "C-1",
  "n_clusters": 64,
  "n_gram_order": 3,
  "coverage_train": {
    "full_frac": 0.9989237838996167,
    "backoff_frac": 0.0010762161003833425,
    "null_frac": 2.381009071644563e-05
  },
  "coverage_test": {
    "full_frac": 0.9608089338296572,
    "backoff_frac": 0.0391910661703428,
    "null_frac": 5.555864214678593e-05
  },
  "notes": "Bits/token. delta<0 means conditional helps. Hash control preserves label histogram."
}

[omega] summary (first variant):
  tag=true  d_I_pred-=--0.061695  d_hash-=-0.194145  SCR_lzma-=-2.751e-06  energy=22424
