$ C:\Users\KOMFIG\anaconda3\python.exe -m cli analyze-cond --train C:\omega\omega\corpora\ising2d_T2269_L64\ising2d_T2269_L64_train.txt --holdout C:\omega\omega\corpora\ising2d_T2269_L64\ising2d_T2269_L64_tail.txt --mode words --label-mode ib --control block --control_block 2 --n 3 --k_ctx 5 --ib-clusters 32 --ib-max-contexts 9000 --stride 1 --seed 111 --bootstrap 2000 --alpha 0.05 --out-json C:\omega\omega\runs\ising2d_fixed\ising2d_fixed-n3-k5-cl32-ctx9000-s1-sd111-bs2000-a0p05-tblock_B2_shuffle-3dec7e47d9e4\ising2d_fixed-n3-k5-cl32-ctx9000-s1-sd111-bs2000-a0p05-tblock_B2_shuffle-3dec7e47d9e4.json

[hint] IB coverage is very low; consider --k_ctx 3 or --ib-clusters 16, or lower --ib-max-contexts.
[control] ctrl-block-2-111  train_sha=2cfa503697ea  test_sha=23589b99d5d3  Ztest_sha=595804338e0c
{
  "H_base": 3.9183900814098047,
  "H_ib": 3.9183616894921003,
  "H_hash": 3.9240147761710675,
  "delta_ib": {
    "mean": -2.8391917704334467e-05,
    "lo95": -0.0012218208363381424,
    "hi95": 0.0015772176746111203,
    "p_le_0": 0.5715
  },
  "delta_hash": {
    "mean": 0.005624694761262636,
    "lo95": -0.0031835762118513932,
    "hi95": 0.01469128577276067,
    "p_le_0": 0.109
  },
  "k_ctx": 5,
  "ib_clusters": 32,
  "stride": 1,
  "label_mode": "ib",
  "null_label": "C-1",
  "n_clusters": 32,
  "n_gram_order": 3,
  "coverage_train": {
    "full_frac": 0.08213392609058072,
    "backoff_frac": 0.9178660739094193,
    "null_frac": 0.0002778549597110308
  },
  "coverage_test": {
    "full_frac": 0.0010025062656641604,
    "backoff_frac": 0.9989974937343359,
    "null_frac": 0.002506265664160401
  },
  "control": "block",
  "control_tag": "ctrl-block-2-111"
}
