$ C:\Users\KOMFIG\anaconda3\python.exe -m cli analyze-cond --train C:\omega\omega\corpora\logistic_r39\logistic_r39_train.txt --holdout C:\omega\omega\corpora\logistic_r39\logistic_r39_tail.txt --mode words --label-mode ib --n 4 --k_ctx 5 --ib-clusters 64 --ib-max-contexts 9000 --stride 2 --seed 333 --bootstrap 2000 --alpha 0.05 --out-json C:\omega\omega\runs\logistic\logistic-n4-k5-cl64-ctx9000-s2-sd333-bs2000-a0p05-a8aa33c79945\logistic-n4-k5-cl64-ctx9000-s2-sd333-bs2000-a0p05-a8aa33c79945.json

50/2000 100/2000 150/2000 200/2000 250/2000 300/2000 350/2000 400/2000 450/2000 500/2000 550/2000 600/2000 650/2000 700/2000 750/2000 800/2000 850/2000 900/2000 950/2000 1000/2000 1050/2000 1100/2000 1150/2000 1200/2000 1250/2000 1300/2000 1350/2000 1400/2000 1450/2000 1500/2000 1550/2000 1600/2000 1650/2000 1700/2000 1750/2000 1800/2000 1850/2000 1900/2000 1950/2000 2000/2000 50/2000 100/2000 150/2000 200/2000 250/2000 300/2000 350/2000 400/2000 450/2000 500/2000 550/2000 600/2000 650/2000 700/2000 750/2000 800/2000 850/2000 900/2000 950/2000 1000/2000 1050/2000 1100/2000 1150/2000 1200/2000 1250/2000 1300/2000 1350/2000 1400/2000 1450/2000 1500/2000 1550/2000 1600/2000 1650/2000 1700/2000 1750/2000 1800/2000 1850/2000 1900/2000 1950/2000 2000/2000 {
  "H_base": 0.8298834922811599,
  "H_ib": 0.8289535601458797,
  "H_hash": 4.808198418943595,
  "delta_ib": {
    "mean": -0.000929932135280088,
    "lo95": -0.008572363796705507,
    "hi95": 0.007453750168308998,
    "p_le_0": 0.61
  },
  "delta_hash": {
    "mean": 3.978314926662436,
    "lo95": 3.9237718010185363,
    "hi95": 4.030410841680758,
    "p_le_0": 0.0
  },
  "k_ctx": 5,
  "ib_clusters": 64,
  "stride": 2,
  "label_mode": "ib",
  "null_label": "C-1",
  "n_clusters": 64,
  "n_gram_order": 4,
  "coverage_train": {
    "full_frac": 0.9992775771047513,
    "backoff_frac": 0.0007224228952486802,
    "null_frac": 0.0002778549597110308
  },
  "coverage_test": {
    "full_frac": 0.9964912280701754,
    "backoff_frac": 0.0035087719298245615,
    "null_frac": 0.002506265664160401
  },
  "notes": "Bits/token. delta<0 means conditional helps. Hash control preserves label histogram."
}

[omega] summary (first variant):
  tag=true  d_I_pred-=--0.000930  d_hash-=-3.978315  SCR_lzma-=-1.243e-06  energy=748
